#
# A fatal error has been detected by the Java Runtime Environment:
#
#  SIGBUS (0x7) at pc=0x00007f1f9fd7a69e, pid=19, tid=39
#
# JRE version: OpenJDK Runtime Environment GraalVM CE 22.3.0 (17.0.5+8) (build 17.0.5+8-jvmci-22.3-b08)
# Java VM: OpenJDK 64-Bit Server VM GraalVM CE 22.3.0 (17.0.5+8-jvmci-22.3-b08, mixed mode, sharing, tiered, jvmci, jvmci compiler, compressed oops, compressed class ptrs, parallel gc, linux-amd64)
# Problematic frame:
# V  [libjvm.so+0xc1969e]  PerfLongVariant::sample()+0x1e
#
# Core dump will be written. Default location: Core dumps may be processed with "/usr/share/apport/apport -p%p -s%s -c%c -d%d -P%P -u%u -g%g -- %E" (or dumping to /home/runner/java-exercises/core.19)
#
# If you would like to submit a bug report, please visit:
#   https://github.com/oracle/graal/issues
#

---------------  S U M M A R Y ------------

Command Line: -XX:ThreadPriorityPolicy=1 -XX:+UnlockExperimentalVMOptions -XX:+EnableJVMCIProduct -XX:JVMCIThreadsPerNativeLibraryRuntime=1 -XX:-UnlockExperimentalVMOptions -Declipse.application=org.eclipse.jdt.ls.core.id1 -Dosgi.bundles.defaultStartLevel=4 -Declipse.product=org.eclipse.jdt.ls.core.product -Dlog.level=ALL -Xverify:none -XX:+UseParallelGC -XX:GCTimeRatio=4 -XX:AdaptiveSizePolicyWeight=90 -Dsun.zip.disableMemoryMapping=true -Xmx803m -Xms100m /nix/store/m6gcpi1ii6rghy04cjwjddcavv7i90df-jdt-language-server-1.9.0/share/java/plugins/org.eclipse.equinox.launcher_1.6.400.v20210924-0641.jar --add-modules=ALL-SYSTEM --add-opens java.base/java.util=ALL-UNNAMED --add-opens java.base/java.lang=ALL-UNNAMED -configuration /home/runner/.cache/jdt-language-server/config -data /home/runner/.cache/jdt-language-server/data/home/runner/java-exercises

Host: AMD EPYC 7B12, 16 cores, 3G, Ubuntu 20.04.2 LTS
Time: Tue Jan 31 19:12:25 2023 UTC elapsed time: 104.809004 seconds (0d 0h 1m 44s)

---------------  T H R E A D  ---------------

Current thread (0x00007f1f9815abb0):  WatcherThread [stack: 0x00007f1f7de1a000,0x00007f1f7df1a000] [id=39]

Stack: [0x00007f1f7de1a000,0x00007f1f7df1a000],  sp=0x00007f1f7df18cc0,  free space=1019k
Native frames: (J=compiled Java code, j=interpreted, Vv=VM code, C=native code)
V  [libjvm.so+0xc1969e]  PerfLongVariant::sample()+0x1e
V  [libjvm.so+0xcc65d2]  StatSamplerTask::task()+0x32
V  [libjvm.so+0xd471dc]  PeriodicTask::real_time_tick(int)+0x5c
V  [libjvm.so+0xbae367]  WatcherThread::run()+0x47
V  [libjvm.so+0xd85a40]  Thread::call_run()+0xc0
V  [libjvm.so+0xbdb1e1]  thread_native_entry(Thread*)+0xe1


siginfo: si_signo: 7 (SIGBUS), si_code: 2 (BUS_ADRERR), si_addr: 0x00007f1f9ef51ea8

Register to memory mapping:

RAX=0x0000000002027b40 is an unknown value
RBX=0x00007f1f9ef51ea8 points into unknown readable memory: 0x0000000002027b40 | 40 7b 02 02 00 00 00 00
RCX=0x0000000000000002 is an unknown value
RDX=0x0000000000000001 is an unknown value
RSP=0x00007f1f7df18cc0 points into unknown readable memory: 0x00007f1f7df18cf0 | f0 8c f1 7d 1f 7f 00 00
RBP=0x00007f1f7df18cd0 points into unknown readable memory: 0x00007f1f7df18cf0 | f0 8c f1 7d 1f 7f 00 00
RSI=0x0 is NULL
RDI=0x00007f1f98023ff8 points into unknown readable memory: 0x0000000000000000 | 00 00 00 00 00 00 00 00
R8 =0x00007f1f9803eed0 points into unknown readable memory: 0x00007f1fa0289378 | 78 93 28 a0 1f 7f 00 00
R9 =0x00000000000132f5 is an unknown value
R10=0x0 is NULL
R11=0x0000000000000246 is an unknown value
R12=0x00007f1f9815aad0 points into unknown readable memory: 0x00007f1f9815aaf0 | f0 aa 15 98 1f 7f 00 00
R13=0x0000000000000001 is an unknown value
R14=0x0000000000000002 is an unknown value
R15=0x00007f1fa0398d40: <offset 0x0000000001237d40> in /nix/store/gpxl5qgg8kicmcvivwmybwjlpf7wh20l-graalvm17-ce-22.3.0/lib/server/libjvm.so at 0x00007f1f9f161000


Registers:
RAX=0x0000000002027b40, RBX=0x00007f1f9ef51ea8, RCX=0x0000000000000002, RDX=0x0000000000000001
RSP=0x00007f1f7df18cc0, RBP=0x00007f1f7df18cd0, RSI=0x0000000000000000, RDI=0x00007f1f98023ff8
R8 =0x00007f1f9803eed0, R9 =0x00000000000132f5, R10=0x0000000000000000, R11=0x0000000000000246
R12=0x00007f1f9815aad0, R13=0x0000000000000001, R14=0x0000000000000002, R15=0x00007f1fa0398d40
RIP=0x00007f1f9fd7a69e, EFLAGS=0x0000000000010202, CSGSFS=0x002b000000000033, ERR=0x0000000000000007
  TRAPNO=0x000000000000000e

Top of Stack: (sp=0x00007f1f7df18cc0)
0x00007f1f7df18cc0:   00007f1f7df18cf0 0000000000000001
0x00007f1f7df18cd0:   00007f1f7df18cf0 00007f1f9fe275d2
0x00007f1f7df18ce0:   0000000000000032 0000000000000032
0x00007f1f7df18cf0:   00007f1f7df18d40 00007f1f9fea81dc 

Instructions: (pc=0x00007f1f9fd7a69e)
0x00007f1f9fd7a59e:   40 00 31 f6 4c 89 e7 e8 36 d4 16 00 e9 80 ff ff
0x00007f1f9fd7a5ae:   ff 90 31 f6 4c 89 e7 e8 26 d4 16 00 e9 0f ff ff
0x00007f1f9fd7a5be:   ff 90 31 f6 4c 89 e7 e8 16 d4 16 00 e9 96 fe ff
0x00007f1f9fd7a5ce:   ff 90 be 01 00 00 00 4c 89 e7 e8 73 03 07 00 e9
0x00007f1f9fd7a5de:   63 fe ff ff 66 0f 1f 44 00 00 be 01 00 00 00 4c
0x00007f1f9fd7a5ee:   89 e7 e8 5b 03 07 00 e9 19 ff ff ff 66 0f 1f 44
0x00007f1f9fd7a5fe:   00 00 48 8d 05 01 3d 5b 00 48 8d 0d 3a d7 29 00
0x00007f1f9fd7a60e:   48 8d 15 49 d7 29 00 be 44 01 00 00 48 8d 3d 9f
0x00007f1f9fd7a61e:   f4 2e 00 48 8b 00 c6 00 58 31 c0 e8 32 21 9c ff
0x00007f1f9fd7a62e:   e8 4d c5 fb ff e9 ba fe ff ff 0f 1f 84 00 00 00
0x00007f1f9fd7a63e:   00 00 be 01 00 00 00 4c 89 e7 e8 03 03 07 00 e9
0x00007f1f9fd7a64e:   50 fe ff ff 66 0f 1f 44 00 00 4c 89 e7 45 31 e4
0x00007f1f9fd7a65e:   e8 cd 7e 16 00 e9 bc fd ff ff 0f 1f 84 00 00 00
0x00007f1f9fd7a66e:   00 00 66 66 66 66 66 66 2e 0f 1f 84 00 00 00 00
0x00007f1f9fd7a67e:   00 00 4c 8b 47 38 4d 85 c0 74 27 55 48 89 e5 53
0x00007f1f9fd7a68e:   48 83 ec 08 49 8b 00 48 8b 5f 28 4c 89 c7 ff 10
0x00007f1f9fd7a69e:   48 89 03 48 8b 5d f8 c9 c3 66 0f 1f 84 00 00 00
0x00007f1f9fd7a6ae:   00 00 c3 90 66 66 2e 0f 1f 84 00 00 00 00 00 0f
0x00007f1f9fd7a6be:   1f 00 49 89 f8 48 89 f7 48 63 f2 49 8b 40 28 48
0x00007f1f9fd7a6ce:   8d 15 fb 11 28 00 48 8b 08 31 c0 e9 d2 d3 62 ff
0x00007f1f9fd7a6de:   66 90 49 89 f8 31 c0 48 89 f7 48 63 f2 49 8b 48
0x00007f1f9fd7a6ee:   28 48 8d 15 9d 81 27 00 e9 b5 d3 62 ff 90 0f 1f
0x00007f1f9fd7a6fe:   40 00 55 48 8d 05 a8 b7 5a 00 66 41 0f 6e c0 66
0x00007f1f9fd7a70e:   0f 6e c9 66 0f 62 c1 48 89 e5 41 57 49 89 d7 41
0x00007f1f9fd7a71e:   56 41 55 4c 63 ee 41 54 53 48 89 fb 48 83 ec 18
0x00007f1f9fd7a72e:   48 89 07 48 8d 05 68 7f 5c 00 48 c7 47 08 00 00
0x00007f1f9fd7a73e:   00 00 4e 8b 34 e8 c6 47 18 00 48 c7 47 28 00 00
0x00007f1f9fd7a74e:   00 00 66 0f d6 47 10 48 89 d7 e8 83 d3 62 ff 4c
0x00007f1f9fd7a75e:   89 f7 48 89 45 c8 e8 77 d3 62 ff 48 8b 55 c8 be
0x00007f1f9fd7a76e:   08 00 00 00 48 8d 7c 02 02 31 d2 e8 b2 6e 78 ff
0x00007f1f9fd7a77e:   48 89 43 08 48 89 c7 41 83 fd 18 74 55 4c 89 f2
0x00007f1f9fd7a78e:   4c 89 f9 48 8d 35 3f 43 28 00 31 c0 e8 21 d5 62 


Stack slot to memory mapping:
stack at sp + 0 slots: 0x00007f1f7df18cf0 points into unknown readable memory: 0x00007f1f7df18d40 | 40 8d f1 7d 1f 7f 00 00
stack at sp + 1 slots: 0x0000000000000001 is an unknown value
stack at sp + 2 slots: 0x00007f1f7df18cf0 points into unknown readable memory: 0x00007f1f7df18d40 | 40 8d f1 7d 1f 7f 00 00
stack at sp + 3 slots: 0x00007f1f9fe275d2: <offset 0x0000000000cc65d2> in /nix/store/gpxl5qgg8kicmcvivwmybwjlpf7wh20l-graalvm17-ce-22.3.0/lib/server/libjvm.so at 0x00007f1f9f161000
stack at sp + 4 slots: 0x0000000000000032 is an unknown value
stack at sp + 5 slots: 0x0000000000000032 is an unknown value
stack at sp + 6 slots: 0x00007f1f7df18d40 points into unknown readable memory: 0x00007f1f7df18dc0 | c0 8d f1 7d 1f 7f 00 00
stack at sp + 7 slots: 0x00007f1f9fea81dc: <offset 0x0000000000d471dc> in /nix/store/gpxl5qgg8kicmcvivwmybwjlpf7wh20l-graalvm17-ce-22.3.0/lib/server/libjvm.so at 0x00007f1f9f161000


---------------  P R O C E S S  ---------------

Threads class SMR info:
_java_thread_list=0x00007f1f38081010, length=41, elements={
0x00007f1f98026690, 0x00007f1f980c75f0, 0x00007f1f980c8a30, 0x00007f1f980cf170,
0x00007f1f980d0520, 0x00007f1f980d1910, 0x00007f1f980d3300, 0x00007f1f980d4810,
0x00007f1f980d5c60, 0x00007f1f98110bb0, 0x00007f1f98159210, 0x00007f1f98395820,
0x00007f1f983c8eb0, 0x00007f1f983caad0, 0x00007f1f9840b230, 0x00007f1f240175f0,
0x00007f1f242a3090, 0x00007f1f24305510, 0x00007f1f0c0010d0, 0x00007f1f2447f720,
0x00007f1f245f0030, 0x00007f1f984a0370, 0x00007f1f98448510, 0x00007f1f10001220,
0x00007f1f10005e80, 0x00007f1ee4000ff0, 0x00007f1ee40022b0, 0x00007f1ef4106fa0,
0x00007f1f3801ca60, 0x00007f1ed40d21e0, 0x00007f1ed40d8070, 0x00007f1ed40d8a60,
0x00007f1ed40d5a60, 0x00007f1ed40d6940, 0x00007f1ed40d9610, 0x00007f1ed40da230,
0x00007f1ed40db4b0, 0x00007f1f3c00dd10, 0x00007f1f3c009e30, 0x00007f1f3c00ab20,
0x00007f1ea8001bd0
}

Java Threads: ( => current thread )
  0x00007f1f98026690 JavaThread "main" [_thread_blocked, id=25, stack(0x00007f1f9ef7c000,0x00007f1f9f07c000)]
  0x00007f1f980c75f0 JavaThread "Reference Handler" daemon [_thread_blocked, id=29, stack(0x00007f1f9c1e5000,0x00007f1f9c2e5000)]
  0x00007f1f980c8a30 JavaThread "Finalizer" daemon [_thread_blocked, id=30, stack(0x00007f1f9c0e5000,0x00007f1f9c1e5000)]
  0x00007f1f980cf170 JavaThread "Signal Dispatcher" daemon [_thread_blocked, id=31, stack(0x00007f1f7e81a000,0x00007f1f7e91a000)]
  0x00007f1f980d0520 JavaThread "Service Thread" daemon [_thread_blocked, id=32, stack(0x00007f1f7e71a000,0x00007f1f7e81a000)]
  0x00007f1f980d1910 JavaThread "Monitor Deflation Thread" daemon [_thread_blocked, id=33, stack(0x00007f1f7e61a000,0x00007f1f7e71a000)]
  0x00007f1f980d3300 JavaThread "JVMCI-native CompilerThread0" daemon [_thread_blocked, id=34, stack(0x00007f1f7e41a000,0x00007f1f7e61a000)]
  0x00007f1f980d4810 JavaThread "C1 CompilerThread0" daemon [_thread_blocked, id=35, stack(0x00007f1f7e21a000,0x00007f1f7e41a000)]
  0x00007f1f980d5c60 JavaThread "Sweeper thread" daemon [_thread_blocked, id=36, stack(0x00007f1f7e11a000,0x00007f1f7e21a000)]
  0x00007f1f98110bb0 JavaThread "Common-Cleaner" daemon [_thread_blocked, id=37, stack(0x00007f1f7e01a000,0x00007f1f7e11a000)]
  0x00007f1f98159210 JavaThread "Notification Thread" daemon [_thread_blocked, id=38, stack(0x00007f1f7df1a000,0x00007f1f7e01a000)]
  0x00007f1f98395820 JavaThread "Active Thread: Equinox Container: 7dbc0cf9-7da0-4533-a7cf-1c35b1b7a3f4" [_thread_blocked, id=46, stack(0x00007f1f7c700000,0x00007f1f7c800000)]
  0x00007f1f983c8eb0 JavaThread "Framework Event Dispatcher: Equinox Container: 7dbc0cf9-7da0-4533-a7cf-1c35b1b7a3f4" daemon [_thread_blocked, id=47, stack(0x00007f1f7c500000,0x00007f1f7c600000)]
  0x00007f1f983caad0 JavaThread "Start Level: Equinox Container: 7dbc0cf9-7da0-4533-a7cf-1c35b1b7a3f4" daemon [_thread_blocked, id=48, stack(0x00007f1f7c300000,0x00007f1f7c400000)]
  0x00007f1f9840b230 JavaThread "Refresh Thread: Equinox Container: 7dbc0cf9-7da0-4533-a7cf-1c35b1b7a3f4" daemon [_thread_blocked, id=50, stack(0x00007f1f7c100000,0x00007f1f7c200000)]
  0x00007f1f240175f0 JavaThread "SCR Component Actor" daemon [_thread_blocked, id=51, stack(0x00007f1f45b00000,0x00007f1f45c00000)]
  0x00007f1f242a3090 JavaThread "Worker-JM" [_thread_blocked, id=53, stack(0x00007f1f45700000,0x00007f1f45800000)]
  0x00007f1f24305510 JavaThread "Worker-0" [_thread_blocked, id=54, stack(0x00007f1f45500000,0x00007f1f45600000)]
  0x00007f1f0c0010d0 JavaThread "Worker-1" [_thread_blocked, id=55, stack(0x00007f1f45300000,0x00007f1f45400000)]
  0x00007f1f2447f720 JavaThread "Java indexing" daemon [_thread_blocked, id=56, stack(0x00007f1f45100000,0x00007f1f45200000)]
  0x00007f1f245f0030 JavaThread "Bundle File Closer" daemon [_thread_blocked, id=57, stack(0x00007f1f44f00000,0x00007f1f45000000)]
  0x00007f1f984a0370 JavaThread "pool-3-thread-1" [_thread_blocked, id=58, stack(0x00007f1f44d00000,0x00007f1f44e00000)]
  0x00007f1f98448510 JavaThread "pool-2-thread-1" [_thread_in_native, id=59, stack(0x00007f1f44b00000,0x00007f1f44c00000)]
  0x00007f1f10001220 JavaThread "Worker-2" [_thread_blocked, id=60, stack(0x00007f1f44900000,0x00007f1f44a00000)]
  0x00007f1f10005e80 JavaThread "Worker-3" [_thread_blocked, id=63, stack(0x00007f1f44500000,0x00007f1f44600000)]
  0x00007f1ee4000ff0 JavaThread "Worker-4" [_thread_blocked, id=64, stack(0x00007f1f44300000,0x00007f1f44400000)]
  0x00007f1ee40022b0 JavaThread "Worker-5" [_thread_blocked, id=65, stack(0x00007f1f44100000,0x00007f1f44200000)]
  0x00007f1ef4106fa0 JavaThread "Worker-6" [_thread_blocked, id=70, stack(0x00007f1f43b00000,0x00007f1f43c00000)]
  0x00007f1f3801ca60 JavaThread "ForkJoinPool.commonPool-worker-1" daemon [_thread_blocked, id=85, stack(0x00007f1f45900000,0x00007f1f45a00000)]
  0x00007f1ed40d21e0 JavaThread "pool-6-thread-1" [_thread_blocked, id=126, stack(0x00007f1f43d00000,0x00007f1f43e00000)]
  0x00007f1ed40d8070 JavaThread "pool-7-thread-1" [_thread_blocked, id=128, stack(0x00007f1f7cb00000,0x00007f1f7cc00000)]
  0x00007f1ed40d8a60 JavaThread "pool-8-thread-1" [_thread_blocked, id=130, stack(0x00007f1f7dc00000,0x00007f1f7dd00000)]
  0x00007f1ed40d5a60 JavaThread "pool-9-thread-1" [_thread_blocked, id=132, stack(0x00007f1f7da00000,0x00007f1f7db00000)]
  0x00007f1ed40d6940 JavaThread "pool-10-thread-1" [_thread_blocked, id=134, stack(0x00007f1f7d800000,0x00007f1f7d900000)]
  0x00007f1ed40d9610 JavaThread "pool-11-thread-1" [_thread_blocked, id=136, stack(0x00007f1f7d600000,0x00007f1f7d700000)]
  0x00007f1ed40da230 JavaThread "pool-12-thread-1" [_thread_blocked, id=138, stack(0x00007f1f7d400000,0x00007f1f7d500000)]
  0x00007f1ed40db4b0 JavaThread "pool-13-thread-1" [_thread_blocked, id=143, stack(0x00007f1f7d200000,0x00007f1f7d300000)]
  0x00007f1f3c00dd10 JavaThread "pool-14-thread-1" [_thread_blocked, id=153, stack(0x00007f1f7d000000,0x00007f1f7d100000)]
  0x00007f1f3c009e30 JavaThread "pool-15-thread-1" [_thread_blocked, id=155, stack(0x00007f1f7d900000,0x00007f1f7da00000)]
  0x00007f1f3c00ab20 JavaThread "pool-16-thread-1" [_thread_blocked, id=157, stack(0x00007f1f7cc00000,0x00007f1f7cd00000)]
  0x00007f1ea8001bd0 JavaThread "pool-17-thread-1" [_thread_blocked, id=211, stack(0x00007f1f7dd18000,0x00007f1f7de18000)]

Other Threads:
  0x00007f1f980c2d30 VMThread "VM Thread" [stack: 0x00007f1f9c2e7000,0x00007f1f9c3e7000] [id=28]
=>0x00007f1f9815abb0 WatcherThread [stack: 0x00007f1f7de1a000,0x00007f1f7df1a000] [id=39]
  0x00007f1f9803df30 GCTaskThread "GC Thread#0" [stack: 0x00007f1f9eaad000,0x00007f1f9ebad000] [id=27]
  0x00007f1f70001290 GCTaskThread "GC Thread#1" [stack: 0x00007f1f42f00000,0x00007f1f43000000] [id=49]

Threads with active compile tasks:

VM state: not at safepoint (normal execution)

VM Mutex/Monitor currently owned by a thread:  ([mutex/lock_event])
[0x00007f1f98024c60] PeriodicTask_lock - owner thread: 0x00007f1f9815abb0

Heap address: 0x00000000cdc00000, size: 804 MB, Compressed Oops mode: 32-bit

CDS archive(s) mapped at: [0x0000000800000000-0x0000000800bc8000-0x0000000800bc8000), size 12353536, SharedBaseAddress: 0x0000000800000000, ArchiveRelocationMode: 0.
Compressed class space mapped at: 0x0000000800c00000-0x0000000840c00000, reserved size: 1073741824
Narrow klass base: 0x0000000800000000, Narrow klass shift: 0, Narrow klass range: 0x100000000

GC Precious Log:
 CPUs: 16 total, 2 available
 Memory: 3215M
 Large Page Support: Disabled
 NUMA Support: Disabled
 Compressed Oops: Enabled (32-bit)
 Alignments: Space 512K, Generation 512K, Heap 2M
 Heap Min Capacity: 100M
 Heap Initial Capacity: 100M
 Heap Max Capacity: 804M
 Pre-touch: Disabled
 Parallel Workers: 2

Heap:
 PSYoungGen      total 79872K, used 40683K [0x00000000ef400000, 0x00000000f5380000, 0x0000000100000000)
  eden space 69632K, 47% used [0x00000000ef400000,0x00000000f1427b40,0x00000000f3800000)
  from space 10240K, 75% used [0x00000000f4000000,0x00000000f4793470,0x00000000f4a00000)
  to   space 8192K, 0% used [0x00000000f4b80000,0x00000000f4b80000,0x00000000f5380000)
 ParOldGen       total 473600K, used 439822K [0x00000000cdc00000, 0x00000000eaa80000, 0x00000000ef400000)
  object space 473600K, 92% used [0x00000000cdc00000,0x00000000e8983810,0x00000000eaa80000)
 Metaspace       used 68071K, committed 68928K, reserved 1114112K
  class space    used 6211K, committed 6592K, reserved 1048576K

Card table byte_map: [0x00007f1f9ebad000,0x00007f1f9ed40000] _byte_map_base: 0x00007f1f9e53f000

Marking Bits: (ParMarkBitMap*) 0x00007f1fa038f4c0
 Begin Bits: [0x00007f1f9d07f000, 0x00007f1f9dd0f000)
 End Bits:   [0x00007f1f9dd0f000, 0x00007f1f9e99f000)

Polling page: 0x00007f1f9ef59000

Metaspace:

Usage:
  Non-class:     60.41 MB used.
      Class:      6.07 MB used.
       Both:     66.48 MB used.

Virtual space:
  Non-class space:       64.00 MB reserved,      60.88 MB ( 95%) committed,  8 nodes.
      Class space:        1.00 GB reserved,       6.44 MB ( <1%) committed,  1 nodes.
             Both:        1.06 GB reserved,      67.31 MB (  6%) committed. 

Chunk freelists:
   Non-Class:  2.78 MB
       Class:  1.56 MB
        Both:  4.34 MB

MaxMetaspaceSize: unlimited
CompressedClassSpaceSize: 1.00 GB
Initial GC threshold: 21.00 MB
Current GC threshold: 93.12 MB
CDS: on
MetaspaceReclaimPolicy: balanced
 - commit_granule_bytes: 65536.
 - commit_granule_words: 8192.
 - virtual_space_node_default_size: 1048576.
 - enlarge_chunks_in_place: 1.
 - new_chunks_are_fully_committed: 0.
 - uncommit_free_chunks: 1.
 - use_allocation_guard: 0.
 - handle_deallocations: 1.


Internal statistics:

num_allocs_failed_limit: 6.
num_arena_births: 434.
num_arena_deaths: 4.
num_vsnodes_births: 9.
num_vsnodes_deaths: 0.
num_space_committed: 1073.
num_space_uncommitted: 0.
num_chunks_returned_to_freelist: 10.
num_chunks_taken_from_freelist: 3039.
num_chunk_merges: 6.
num_chunk_splits: 2003.
num_chunks_enlarged: 1284.
num_purges: 2.
num_inconsistent_stats: 0.

CodeHeap 'non-profiled nmethods': size=120036Kb used=5299Kb max_used=5299Kb free=114736Kb
 bounds [0x00007f1f86f7a000, 0x00007f1f874aa000, 0x00007f1f8e4b3000]
CodeHeap 'profiled nmethods': size=120032Kb used=24804Kb max_used=24893Kb free=95228Kb
 bounds [0x00007f1f7fa42000, 0x00007f1f812b2000, 0x00007f1f86f7a000]
CodeHeap 'non-nmethods': size=5692Kb used=1451Kb max_used=1463Kb free=4240Kb
 bounds [0x00007f1f7f4b3000, 0x00007f1f7f723000, 0x00007f1f7fa42000]
 total_blobs=11048 nmethods=10253 adapters=629
 compilation: enabled
              stopped_count=0, restarted_count=0
 full_count=0

JVMCI Events (20 events):
Event: 93.626 Thread 0x00007f1f980d3300 detaching from JVMCI runtime 0: releasing idle compiler thread (0 other threads still attached)
Event: 93.626 Thread 0x00007f1f980d3300 shutting down HotSpotJVMCIRuntime for JVMCI runtime 0
Event: 93.627 Thread 0x00007f1f980d3300 shut down JVMCI runtime 0
Event: 93.631 Thread 0x00007f1f980d3300 destroyed JavaVM[8]@0x00007f1ee969e340 for JVMCI runtime 0
Event: 93.631 Thread 0x00007f1f980d3300 compacted oop handles in JVMCI runtime 0 from 130 to 130
Event: 93.631 Thread 0x00007f1f980d3300 releasing handles for JVMCI runtime 0: oop handles=130, metadata handles={total=1152, live=1141, blocks=62}
Event: 93.631 Thread 0x00007f1f980d3300 detached from JVMCI runtime 0
Event: 98.110 Thread 0x00007f1f980d3300 attached to JVMCI runtime 0
Event: 98.112 Thread 0x00007f1f980d3300 created JavaVM[9]@0x00007f1ee969e340 for JVMCI runtime 0
Event: 98.112 Thread 0x00007f1f980d3300 initializing JVMCI runtime 0
Event: 98.112 Thread 0x00007f1f980d3300 done waiting for JavaVM references initialization in JVMCI runtime 0
Event: 98.112 Thread 0x00007f1f980d3300 initialized JVMCI runtime 0
Event: 98.123 Thread 0x00007f1f980d3300 compacted oop handles in JVMCI runtime 0 from 54 to 52
Event: 99.134 Thread 0x00007f1f980d3300 detaching from JVMCI runtime 0: releasing idle compiler thread (0 other threads still attached)
Event: 99.134 Thread 0x00007f1f980d3300 shutting down HotSpotJVMCIRuntime for JVMCI runtime 0
Event: 99.134 Thread 0x00007f1f980d3300 shut down JVMCI runtime 0
Event: 99.135 Thread 0x00007f1f980d3300 destroyed JavaVM[9]@0x00007f1ee969e340 for JVMCI runtime 0
Event: 99.135 Thread 0x00007f1f980d3300 compacted oop handles in JVMCI runtime 0 from 67 to 67
Event: 99.135 Thread 0x00007f1f980d3300 releasing handles for JVMCI runtime 0: oop handles=67, metadata handles={total=121, live=117, blocks=62}
Event: 99.135 Thread 0x00007f1f980d3300 detached from JVMCI runtime 0

Compilation events (20 events):
Event: 92.600 Thread 0x00007f1f980d4810 nmethod 14314 0x00007f1f8053bc90 code [0x00007f1f8053c0e0, 0x00007f1f8053f520]
Event: 92.601 Thread 0x00007f1f980d4810 14315       1       org.eclipse.jdt.core.dom.ASTVisitor::visit (2 bytes)
Event: 92.601 Thread 0x00007f1f980d4810 nmethod 14315 0x00007f1f874a3390 code [0x00007f1f874a3520, 0x00007f1f874a35f0]
Event: 92.602 Thread 0x00007f1f980d4810 14317       1       org.eclipse.jdt.internal.compiler.ASTVisitor::visit (2 bytes)
Event: 92.602 Thread 0x00007f1f980d4810 nmethod 14317 0x00007f1f874a3690 code [0x00007f1f874a3820, 0x00007f1f874a38f0]
Event: 92.602 Thread 0x00007f1f980d4810 14319       3       org.eclipse.jdt.internal.compiler.lookup.MethodBinding::signature (843 bytes)
Event: 92.605 Thread 0x00007f1f980d4810 nmethod 14319 0x00007f1f80d0ae90 code [0x00007f1f80d0b400, 0x00007f1f80d10400]
Event: 92.605 Thread 0x00007f1f980d4810 14320       1       org.eclipse.lsp4j.TextDocumentClientCapabilities::getPublishDiagnostics (5 bytes)
Event: 92.605 Thread 0x00007f1f980d4810 nmethod 14320 0x00007f1f874a3990 code [0x00007f1f874a3b20, 0x00007f1f874a3bf0]
Event: 92.607 Thread 0x00007f1f980d3300 nmethod 14316 0x00007f1f874a3c90 code [0x00007f1f874a3ea0, 0x00007f1f874a44c0]
Event: 92.607 Thread 0x00007f1f980d3300 14321       4       org.eclipse.jdt.internal.compiler.util.CharArrayMap::transferTo (45 bytes)
Event: 92.608 Thread 0x00007f1f980d4810 14322   !   3       org.eclipse.core.internal.jobs.ImplicitJobs::notifyWaitingThreadJobs (23 bytes)
Event: 92.608 Thread 0x00007f1f980d4810 nmethod 14322 0x00007f1f80e88390 code [0x00007f1f80e88540, 0x00007f1f80e88780]
Event: 92.617 Thread 0x00007f1f980d3300 nmethod 14321 0x00007f1f874a4910 code [0x00007f1f874a4ac0, 0x00007f1f874a4fb0]
Event: 92.617 Thread 0x00007f1f980d3300 14318       4       org.eclipse.jdt.internal.compiler.lookup.CompilationUnitScope::recordTypeReferences (66 bytes)
Event: 92.626 Thread 0x00007f1f980d3300 nmethod 14318 0x00007f1f874a5310 code [0x00007f1f874a5580, 0x00007f1f874a5b90]
Event: 98.110 Thread 0x00007f1f980d3300 14323       4       java.util.concurrent.locks.ReentrantLock::unlock (10 bytes)
Event: 98.123 Thread 0x00007f1f980d3300 nmethod 14323 0x00007f1f874a6110 code [0x00007f1f874a62a0, 0x00007f1f874a6450]
Event: 98.123 Thread 0x00007f1f980d3300 14324       4       java.util.Collections$UnmodifiableMap$UnmodifiableEntrySet$1::next (5 bytes)
Event: 98.133 Thread 0x00007f1f980d3300 nmethod 14324 0x00007f1f874a6610 code [0x00007f1f874a67e0, 0x00007f1f874a6bb0]

GC Heap History (20 events):
Event: 41.384 GC heap before
{Heap before GC invocations=97 (full 8):
 PSYoungGen      total 89088K, used 88605K [0x00000000ef400000, 0x00000000f6300000, 0x0000000100000000)
  eden space 83456K, 100% used [0x00000000ef400000,0x00000000f4580000,0x00000000f4580000)
  from space 5632K, 91% used [0x00000000f4e80000,0x00000000f5387748,0x00000000f5400000)
  to   space 9728K, 0% used [0x00000000f5980000,0x00000000f5980000,0x00000000f6300000)
 ParOldGen       total 473600K, used 423962K [0x00000000cdc00000, 0x00000000eaa80000, 0x00000000ef400000)
  object space 473600K, 89% used [0x00000000cdc00000,0x00000000e7a06b70,0x00000000eaa80000)
 Metaspace       used 65018K, committed 65920K, reserved 1114112K
  class space    used 6122K, committed 6528K, reserved 1048576K
}
Event: 41.392 GC heap after
{Heap after GC invocations=97 (full 8):
 PSYoungGen      total 88064K, used 5637K [0x00000000ef400000, 0x00000000f5f80000, 0x0000000100000000)
  eden space 81920K, 0% used [0x00000000ef400000,0x00000000ef400000,0x00000000f4400000)
  from space 6144K, 91% used [0x00000000f5980000,0x00000000f5f016c8,0x00000000f5f80000)
  to   space 6656K, 0% used [0x00000000f5280000,0x00000000f5280000,0x00000000f5900000)
 ParOldGen       total 473600K, used 423970K [0x00000000cdc00000, 0x00000000eaa80000, 0x00000000ef400000)
  object space 473600K, 89% used [0x00000000cdc00000,0x00000000e7a08b70,0x00000000eaa80000)
 Metaspace       used 65018K, committed 65920K, reserved 1114112K
  class space    used 6122K, committed 6528K, reserved 1048576K
}
Event: 53.228 GC heap before
{Heap before GC invocations=98 (full 8):
 PSYoungGen      total 88064K, used 87557K [0x00000000ef400000, 0x00000000f5f80000, 0x0000000100000000)
  eden space 81920K, 100% used [0x00000000ef400000,0x00000000f4400000,0x00000000f4400000)
  from space 6144K, 91% used [0x00000000f5980000,0x00000000f5f016c8,0x00000000f5f80000)
  to   space 6656K, 0% used [0x00000000f5280000,0x00000000f5280000,0x00000000f5900000)
 ParOldGen       total 473600K, used 423970K [0x00000000cdc00000, 0x00000000eaa80000, 0x00000000ef400000)
  object space 473600K, 89% used [0x00000000cdc00000,0x00000000e7a08b70,0x00000000eaa80000)
 Metaspace       used 65758K, committed 66624K, reserved 1114112K
  class space    used 6130K, committed 6528K, reserved 1048576K
}
Event: 53.234 GC heap after
{Heap after GC invocations=98 (full 8):
 PSYoungGen      total 86016K, used 5349K [0x00000000ef400000, 0x00000000f5a00000, 0x0000000100000000)
  eden space 80384K, 0% used [0x00000000ef400000,0x00000000ef400000,0x00000000f4280000)
  from space 5632K, 94% used [0x00000000f5280000,0x00000000f57b96c8,0x00000000f5800000)
  to   space 2048K, 0% used [0x00000000f5800000,0x00000000f5800000,0x00000000f5a00000)
 ParOldGen       total 473600K, used 423978K [0x00000000cdc00000, 0x00000000eaa80000, 0x00000000ef400000)
  object space 473600K, 89% used [0x00000000cdc00000,0x00000000e7a0ab70,0x00000000eaa80000)
 Metaspace       used 65758K, committed 66624K, reserved 1114112K
  class space    used 6130K, committed 6528K, reserved 1048576K
}
Event: 58.784 GC heap before
{Heap before GC invocations=99 (full 8):
 PSYoungGen      total 86016K, used 85596K [0x00000000ef400000, 0x00000000f5a00000, 0x0000000100000000)
  eden space 80384K, 99% used [0x00000000ef400000,0x00000000f425dc70,0x00000000f4280000)
  from space 5632K, 94% used [0x00000000f5280000,0x00000000f57b96c8,0x00000000f5800000)
  to   space 2048K, 0% used [0x00000000f5800000,0x00000000f5800000,0x00000000f5a00000)
 ParOldGen       total 473600K, used 423978K [0x00000000cdc00000, 0x00000000eaa80000, 0x00000000ef400000)
  object space 473600K, 89% used [0x00000000cdc00000,0x00000000e7a0ab70,0x00000000eaa80000)
 Metaspace       used 66181K, committed 67008K, reserved 1114112K
  class space    used 6137K, committed 6528K, reserved 1048576K
}
Event: 58.795 GC heap after
{Heap after GC invocations=99 (full 8):
 PSYoungGen      total 80896K, used 2018K [0x00000000ef400000, 0x00000000f5a00000, 0x0000000100000000)
  eden space 78848K, 0% used [0x00000000ef400000,0x00000000ef400000,0x00000000f4100000)
  from space 2048K, 98% used [0x00000000f5800000,0x00000000f59f8a78,0x00000000f5a00000)
  to   space 8704K, 0% used [0x00000000f4900000,0x00000000f4900000,0x00000000f5180000)
 ParOldGen       total 473600K, used 429801K [0x00000000cdc00000, 0x00000000eaa80000, 0x00000000ef400000)
  object space 473600K, 90% used [0x00000000cdc00000,0x00000000e7fba7c0,0x00000000eaa80000)
 Metaspace       used 66181K, committed 67008K, reserved 1114112K
  class space    used 6137K, committed 6528K, reserved 1048576K
}
Event: 58.933 GC heap before
{Heap before GC invocations=100 (full 8):
 PSYoungGen      total 80896K, used 79555K [0x00000000ef400000, 0x00000000f5a00000, 0x0000000100000000)
  eden space 78848K, 98% used [0x00000000ef400000,0x00000000f3fb82b8,0x00000000f4100000)
  from space 2048K, 98% used [0x00000000f5800000,0x00000000f59f8a78,0x00000000f5a00000)
  to   space 8704K, 0% used [0x00000000f4900000,0x00000000f4900000,0x00000000f5180000)
 ParOldGen       total 473600K, used 429801K [0x00000000cdc00000, 0x00000000eaa80000, 0x00000000ef400000)
  object space 473600K, 90% used [0x00000000cdc00000,0x00000000e7fba7c0,0x00000000eaa80000)
 Metaspace       used 66476K, committed 67392K, reserved 1114112K
  class space    used 6162K, committed 6592K, reserved 1048576K
}
Event: 58.940 GC heap after
{Heap after GC invocations=100 (full 8):
 PSYoungGen      total 86016K, used 1708K [0x00000000ef400000, 0x00000000f5880000, 0x0000000100000000)
  eden space 77312K, 0% used [0x00000000ef400000,0x00000000ef400000,0x00000000f3f80000)
  from space 8704K, 19% used [0x00000000f4900000,0x00000000f4aab090,0x00000000f5180000)
  to   space 4096K, 0% used [0x00000000f5480000,0x00000000f5480000,0x00000000f5880000)
 ParOldGen       total 473600K, used 431081K [0x00000000cdc00000, 0x00000000eaa80000, 0x00000000ef400000)
  object space 473600K, 91% used [0x00000000cdc00000,0x00000000e80fa6a8,0x00000000eaa80000)
 Metaspace       used 66476K, committed 67392K, reserved 1114112K
  class space    used 6162K, committed 6592K, reserved 1048576K
}
Event: 59.080 GC heap before
{Heap before GC invocations=101 (full 8):
 PSYoungGen      total 86016K, used 77694K [0x00000000ef400000, 0x00000000f5880000, 0x0000000100000000)
  eden space 77312K, 98% used [0x00000000ef400000,0x00000000f3e34910,0x00000000f3f80000)
  from space 8704K, 19% used [0x00000000f4900000,0x00000000f4aab090,0x00000000f5180000)
  to   space 4096K, 0% used [0x00000000f5480000,0x00000000f5480000,0x00000000f5880000)
 ParOldGen       total 473600K, used 431081K [0x00000000cdc00000, 0x00000000eaa80000, 0x00000000ef400000)
  object space 473600K, 91% used [0x00000000cdc00000,0x00000000e80fa6a8,0x00000000eaa80000)
 Metaspace       used 66539K, committed 67456K, reserved 1114112K
  class space    used 6167K, committed 6592K, reserved 1048576K
}
Event: 59.095 GC heap after
{Heap after GC invocations=101 (full 8):
 PSYoungGen      total 77824K, used 1743K [0x00000000ef400000, 0x00000000f5680000, 0x0000000100000000)
  eden space 75776K, 0% used [0x00000000ef400000,0x00000000ef400000,0x00000000f3e00000)
  from space 2048K, 85% used [0x00000000f5480000,0x00000000f5633e88,0x00000000f5680000)
  to   space 2560K, 0% used [0x00000000f5180000,0x00000000f5180000,0x00000000f5400000)
 ParOldGen       total 473600K, used 431089K [0x00000000cdc00000, 0x00000000eaa80000, 0x00000000ef400000)
  object space 473600K, 91% used [0x00000000cdc00000,0x00000000e80fc6a8,0x00000000eaa80000)
 Metaspace       used 66539K, committed 67456K, reserved 1114112K
  class space    used 6167K, committed 6592K, reserved 1048576K
}
Event: 59.208 GC heap before
{Heap before GC invocations=102 (full 8):
 PSYoungGen      total 77824K, used 77286K [0x00000000ef400000, 0x00000000f5680000, 0x0000000100000000)
  eden space 75776K, 99% used [0x00000000ef400000,0x00000000f3dc59f8,0x00000000f3e00000)
  from space 2048K, 85% used [0x00000000f5480000,0x00000000f5633e88,0x00000000f5680000)
  to   space 2560K, 0% used [0x00000000f5180000,0x00000000f5180000,0x00000000f5400000)
 ParOldGen       total 473600K, used 431089K [0x00000000cdc00000, 0x00000000eaa80000, 0x00000000ef400000)
  object space 473600K, 91% used [0x00000000cdc00000,0x00000000e80fc6a8,0x00000000eaa80000)
 Metaspace       used 66640K, committed 67520K, reserved 1114112K
  class space    used 6171K, committed 6592K, reserved 1048576K
}
Event: 59.212 GC heap after
{Heap after GC invocations=102 (full 8):
 PSYoungGen      total 76288K, used 1775K [0x00000000ef400000, 0x00000000f5500000, 0x0000000100000000)
  eden space 74240K, 0% used [0x00000000ef400000,0x00000000ef400000,0x00000000f3c80000)
  from space 2048K, 86% used [0x00000000f5180000,0x00000000f533be70,0x00000000f5380000)
  to   space 1536K, 0% used [0x00000000f5380000,0x00000000f5380000,0x00000000f5500000)
 ParOldGen       total 473600K, used 431097K [0x00000000cdc00000, 0x00000000eaa80000, 0x00000000ef400000)
  object space 473600K, 91% used [0x00000000cdc00000,0x00000000e80fe6a8,0x00000000eaa80000)
 Metaspace       used 66640K, committed 67520K, reserved 1114112K
  class space    used 6171K, committed 6592K, reserved 1048576K
}
Event: 59.310 GC heap before
{Heap before GC invocations=103 (full 8):
 PSYoungGen      total 76288K, used 75340K [0x00000000ef400000, 0x00000000f5500000, 0x0000000100000000)
  eden space 74240K, 99% used [0x00000000ef400000,0x00000000f3bd7308,0x00000000f3c80000)
  from space 2048K, 86% used [0x00000000f5180000,0x00000000f533be70,0x00000000f5380000)
  to   space 1536K, 0% used [0x00000000f5380000,0x00000000f5380000,0x00000000f5500000)
 ParOldGen       total 473600K, used 431097K [0x00000000cdc00000, 0x00000000eaa80000, 0x00000000ef400000)
  object space 473600K, 91% used [0x00000000cdc00000,0x00000000e80fe6a8,0x00000000eaa80000)
 Metaspace       used 66657K, committed 67520K, reserved 1114112K
  class space    used 6171K, committed 6592K, reserved 1048576K
}
Event: 59.313 GC heap after
{Heap after GC invocations=103 (full 8):
 PSYoungGen      total 74240K, used 1535K [0x00000000ef400000, 0x00000000f5500000, 0x0000000100000000)
  eden space 72704K, 0% used [0x00000000ef400000,0x00000000ef400000,0x00000000f3b00000)
  from space 1536K, 99% used [0x00000000f5380000,0x00000000f54ffe98,0x00000000f5500000)
  to   space 2048K, 0% used [0x00000000f5100000,0x00000000f5100000,0x00000000f5300000)
 ParOldGen       total 473600K, used 431370K [0x00000000cdc00000, 0x00000000eaa80000, 0x00000000ef400000)
  object space 473600K, 91% used [0x00000000cdc00000,0x00000000e8142b38,0x00000000eaa80000)
 Metaspace       used 66657K, committed 67520K, reserved 1114112K
  class space    used 6171K, committed 6592K, reserved 1048576K
}
Event: 69.125 GC heap before
{Heap before GC invocations=104 (full 8):
 PSYoungGen      total 74240K, used 74239K [0x00000000ef400000, 0x00000000f5500000, 0x0000000100000000)
  eden space 72704K, 100% used [0x00000000ef400000,0x00000000f3b00000,0x00000000f3b00000)
  from space 1536K, 99% used [0x00000000f5380000,0x00000000f54ffe98,0x00000000f5500000)
  to   space 2048K, 0% used [0x00000000f5100000,0x00000000f5100000,0x00000000f5300000)
 ParOldGen       total 473600K, used 431370K [0x00000000cdc00000, 0x00000000eaa80000, 0x00000000ef400000)
  object space 473600K, 91% used [0x00000000cdc00000,0x00000000e8142b38,0x00000000eaa80000)
 Metaspace       used 67103K, committed 67968K, reserved 1114112K
  class space    used 6182K, committed 6592K, reserved 1048576K
}
Event: 69.131 GC heap after
{Heap after GC invocations=104 (full 8):
 PSYoungGen      total 73728K, used 2047K [0x00000000ef400000, 0x00000000f5400000, 0x0000000100000000)
  eden space 71680K, 0% used [0x00000000ef400000,0x00000000ef400000,0x00000000f3a00000)
  from space 2048K, 99% used [0x00000000f5100000,0x00000000f52ffe98,0x00000000f5300000)
  to   space 1024K, 0% used [0x00000000f5300000,0x00000000f5300000,0x00000000f5400000)
 ParOldGen       total 473600K, used 431730K [0x00000000cdc00000, 0x00000000eaa80000, 0x00000000ef400000)
  object space 473600K, 91% used [0x00000000cdc00000,0x00000000e819cb38,0x00000000eaa80000)
 Metaspace       used 67103K, committed 67968K, reserved 1114112K
  class space    used 6182K, committed 6592K, reserved 1048576K
}
Event: 82.790 GC heap before
{Heap before GC invocations=105 (full 8):
 PSYoungGen      total 73728K, used 73727K [0x00000000ef400000, 0x00000000f5400000, 0x0000000100000000)
  eden space 71680K, 100% used [0x00000000ef400000,0x00000000f3a00000,0x00000000f3a00000)
  from space 2048K, 99% used [0x00000000f5100000,0x00000000f52ffe98,0x00000000f5300000)
  to   space 1024K, 0% used [0x00000000f5300000,0x00000000f5300000,0x00000000f5400000)
 ParOldGen       total 473600K, used 431730K [0x00000000cdc00000, 0x00000000eaa80000, 0x00000000ef400000)
  object space 473600K, 91% used [0x00000000cdc00000,0x00000000e819cb38,0x00000000eaa80000)
 Metaspace       used 67509K, committed 68416K, reserved 1114112K
  class space    used 6186K, committed 6592K, reserved 1048576K
}
Event: 82.801 GC heap after
{Heap after GC invocations=105 (full 8):
 PSYoungGen      total 71680K, used 1008K [0x00000000ef400000, 0x00000000f5400000, 0x0000000100000000)
  eden space 70656K, 0% used [0x00000000ef400000,0x00000000ef400000,0x00000000f3900000)
  from space 1024K, 98% used [0x00000000f5300000,0x00000000f53fc010,0x00000000f5400000)
  to   space 10240K, 0% used [0x00000000f4000000,0x00000000f4000000,0x00000000f4a00000)
 ParOldGen       total 473600K, used 439798K [0x00000000cdc00000, 0x00000000eaa80000, 0x00000000ef400000)
  object space 473600K, 92% used [0x00000000cdc00000,0x00000000e897d810,0x00000000eaa80000)
 Metaspace       used 67509K, committed 68416K, reserved 1114112K
  class space    used 6186K, committed 6592K, reserved 1048576K
}
Event: 91.142 GC heap before
{Heap before GC invocations=106 (full 8):
 PSYoungGen      total 71680K, used 71664K [0x00000000ef400000, 0x00000000f5400000, 0x0000000100000000)
  eden space 70656K, 100% used [0x00000000ef400000,0x00000000f3900000,0x00000000f3900000)
  from space 1024K, 98% used [0x00000000f5300000,0x00000000f53fc010,0x00000000f5400000)
  to   space 10240K, 0% used [0x00000000f4000000,0x00000000f4000000,0x00000000f4a00000)
 ParOldGen       total 473600K, used 439798K [0x00000000cdc00000, 0x00000000eaa80000, 0x00000000ef400000)
  object space 473600K, 92% used [0x00000000cdc00000,0x00000000e897d810,0x00000000eaa80000)
 Metaspace       used 67917K, committed 68800K, reserved 1114112K
  class space    used 6210K, committed 6592K, reserved 1048576K
}
Event: 91.152 GC heap after
{Heap after GC invocations=106 (full 8):
 PSYoungGen      total 79872K, used 7757K [0x00000000ef400000, 0x00000000f5380000, 0x0000000100000000)
  eden space 69632K, 0% used [0x00000000ef400000,0x00000000ef400000,0x00000000f3800000)
  from space 10240K, 75% used [0x00000000f4000000,0x00000000f4793470,0x00000000f4a00000)
  to   space 8192K, 0% used [0x00000000f4b80000,0x00000000f4b80000,0x00000000f5380000)
 ParOldGen       total 473600K, used 439822K [0x00000000cdc00000, 0x00000000eaa80000, 0x00000000ef400000)
  object space 473600K, 92% used [0x00000000cdc00000,0x00000000e8983810,0x00000000eaa80000)
 Metaspace       used 67917K, committed 68800K, reserved 1114112K
  class space    used 6210K, committed 6592K, reserved 1048576K
}

Dll operation events (9 events):
Event: 0.002 Loaded shared library /nix/store/gpxl5qgg8kicmcvivwmybwjlpf7wh20l-graalvm17-ce-22.3.0/lib/libjava.so
Event: 0.007 Loaded shared library /nix/store/gpxl5qgg8kicmcvivwmybwjlpf7wh20l-graalvm17-ce-22.3.0/lib/libjsvml.so
Event: 0.058 Loaded shared library /nix/store/gpxl5qgg8kicmcvivwmybwjlpf7wh20l-graalvm17-ce-22.3.0/lib/libnio.so
Event: 0.059 Loaded shared library /nix/store/gpxl5qgg8kicmcvivwmybwjlpf7wh20l-graalvm17-ce-22.3.0/lib/libjvmcicompiler.so
Event: 0.061 Loaded shared library /nix/store/gpxl5qgg8kicmcvivwmybwjlpf7wh20l-graalvm17-ce-22.3.0/lib/libzip.so
Event: 0.117 Loaded shared library /nix/store/gpxl5qgg8kicmcvivwmybwjlpf7wh20l-graalvm17-ce-22.3.0/lib/libjimage.so
Event: 0.214 Loaded shared library /nix/store/gpxl5qgg8kicmcvivwmybwjlpf7wh20l-graalvm17-ce-22.3.0/lib/libnet.so
Event: 0.809 Loaded shared library /home/runner/.cache/jdt-language-server/config/org.eclipse.equinox.launcher/org.eclipse.equinox.launcher.gtk.linux.x86_64_1.2.400.v20211117-0650/eclipse_11600.so
Event: 2.217 Loaded shared library /nix/store/gpxl5qgg8kicmcvivwmybwjlpf7wh20l-graalvm17-ce-22.3.0/lib/libextnet.so

Deoptimization events (20 events):
Event: 89.896 Thread 0x00007f1f0017e4d0 Uncommon trap: trap_request=0xffffffed fr.pc=0x00007f1f87322b66 relative=0x00000000000003c6
Event: 89.896 Thread 0x00007f1f0017e4d0 Uncommon trap: reason=null_assert_or_unreached0 action=reinterpret pc=0x00007f1f87322b66 method=org.eclipse.jdt.core.compiler.CharOperation.prefixEquals([C[CZI)Z @ 0 jvmci
Event: 89.896 Thread 0x00007f1f0017e4d0 DEOPT PACKING pc=0x00007f1f87322b66 sp=0x00007f1f43ffdc00
Event: 89.896 Thread 0x00007f1f0017e4d0 DEOPT UNPACKING pc=0x00007f1f7f505325 sp=0x00007f1f43ffd078 mode 3
Event: 90.604 Thread 0x00007f1f10005e80 Uncommon trap: trap_request=0xffffffcd fr.pc=0x00007f1f87379a31 relative=0x0000000000001591
Event: 90.604 Thread 0x00007f1f10005e80 Uncommon trap: reason=intrinsic_or_type_checked_inlining action=reinterpret pc=0x00007f1f87379a31 method=org.eclipse.jdt.internal.compiler.parser.Parser.parse()V @ 666 jvmci
Event: 90.604 Thread 0x00007f1f10005e80 DEOPT PACKING pc=0x00007f1f87379a31 sp=0x00007f1f445fdf40
Event: 90.604 Thread 0x00007f1f10005e80 DEOPT UNPACKING pc=0x00007f1f7f505325 sp=0x00007f1f445fd3f8 mode 3
Event: 91.137 Thread 0x00007f1f0017e4d0 DEOPT PACKING pc=0x00007f1f80de296a sp=0x00007f1f43ffda30
Event: 91.137 Thread 0x00007f1f0017e4d0 DEOPT UNPACKING pc=0x00007f1f7f505325 sp=0x00007f1f43ffcec8 mode 0
Event: 91.137 Thread 0x00007f1f0017e4d0 Uncommon trap: trap_request=0xffffffed fr.pc=0x00007f1f8741bd13 relative=0x0000000000000173
Event: 91.137 Thread 0x00007f1f0017e4d0 Uncommon trap: reason=null_assert_or_unreached0 action=reinterpret pc=0x00007f1f8741bd13 method=org.eclipse.jdt.internal.codeassist.impl.AssistParser.isInsideMethod()Z @ 0 jvmci
Event: 91.137 Thread 0x00007f1f0017e4d0 DEOPT PACKING pc=0x00007f1f8741bd13 sp=0x00007f1f43ffdc90
Event: 91.137 Thread 0x00007f1f0017e4d0 DEOPT UNPACKING pc=0x00007f1f7f505325 sp=0x00007f1f43ffd128 mode 3
Event: 92.124 Thread 0x00007f1ee40022b0 DEOPT PACKING pc=0x00007f1f810d6865 sp=0x00007f1f441fdae0
Event: 92.124 Thread 0x00007f1ee40022b0 DEOPT UNPACKING pc=0x00007f1f7f505325 sp=0x00007f1f441fd010 mode 0
Event: 92.206 Thread 0x00007f1f0017e4d0 DEOPT PACKING pc=0x00007f1f810a13bf sp=0x00007f1f43ffda80
Event: 92.206 Thread 0x00007f1f0017e4d0 DEOPT UNPACKING pc=0x00007f1f7f505325 sp=0x00007f1f43ffcf98 mode 0
Event: 92.219 Thread 0x00007f1f0017e4d0 DEOPT PACKING pc=0x00007f1f810a17c2 sp=0x00007f1f43ffd8e0
Event: 92.219 Thread 0x00007f1f0017e4d0 DEOPT UNPACKING pc=0x00007f1f7f505325 sp=0x00007f1f43ffcdf0 mode 0

Classes unloaded (2 events):
Event: 7.517 Thread 0x00007f1f980c2d30 Unloading class 0x0000000801118400 'java/lang/invoke/LambdaForm$DMH+0x0000000801118400'
Event: 7.517 Thread 0x00007f1f980c2d30 Unloading class 0x0000000801114400 'java/lang/invoke/LambdaForm$DMH+0x0000000801114400'

Classes redefined (0 events):
No events

Internal exceptions (20 events):
Event: 69.918 Thread 0x00007f1f0017f280 Exception <a 'java/lang/ArrayIndexOutOfBoundsException'{0x00000000efb88b10}> (0x00000000efb88b10) 
thrown [src/hotspot/share/runtime/sharedRuntime.cpp, line 628]
Event: 70.322 Thread 0x00007f1f0017f280 Exception <a 'java/lang/ArrayIndexOutOfBoundsException'{0x00000000efd2d3c8}> (0x00000000efd2d3c8) 
thrown [src/hotspot/share/runtime/sharedRuntime.cpp, line 628]
Event: 71.292 Thread 0x00007f1f0017f280 Exception <a 'java/lang/ArrayIndexOutOfBoundsException'{0x00000000f029a4c8}> (0x00000000f029a4c8) 
thrown [src/hotspot/share/runtime/sharedRuntime.cpp, line 628]
Event: 71.293 Thread 0x00007f1f0017f280 Implicit null exception at 0x00007f1f8742c61e to 0x00007f1f8742cd9f
Event: 76.489 Thread 0x00007f1f2447f720 Exception <a 'sun/nio/fs/UnixException'{0x00000000f0998238}> (0x00000000f0998238) 
thrown [src/hotspot/share/prims/jni.cpp, line 516]
Event: 76.610 Thread 0x00007f1f2447f720 Exception <a 'sun/nio/fs/UnixException'{0x00000000f1dfde60}> (0x00000000f1dfde60) 
thrown [src/hotspot/share/prims/jni.cpp, line 516]
Event: 82.807 Thread 0x00007f1f3801ca60 Implicit null exception at 0x00007f1f87327fa8 to 0x00007f1f873283fd
Event: 84.394 Thread 0x00007f1f2447f720 Exception <a 'sun/nio/fs/UnixException'{0x00000000f04d7260}> (0x00000000f04d7260) 
thrown [src/hotspot/share/prims/jni.cpp, line 516]
Event: 84.551 Thread 0x00007f1f2447f720 Exception <a 'sun/nio/fs/UnixException'{0x00000000f23d3928}> (0x00000000f23d3928) 
thrown [src/hotspot/share/prims/jni.cpp, line 516]
Event: 89.890 Thread 0x00007f1f0017e4d0 Exception <a 'java/lang/ArrayIndexOutOfBoundsException'{0x00000000f2cef6c0}: Index 1 out of bounds for length 1> (0x00000000f2cef6c0) 
thrown [src/hotspot/share/interpreter/interpreterRuntime.cpp, line 428]
Event: 89.890 Thread 0x00007f1f0017e4d0 Exception <a 'java/lang/ArrayIndexOutOfBoundsException'{0x00000000f2cef9e0}: Index 1 out of bounds for length 1> (0x00000000f2cef9e0) 
thrown [src/hotspot/share/interpreter/interpreterRuntime.cpp, line 428]
Event: 89.890 Thread 0x00007f1f0017e4d0 Exception <a 'java/lang/ArrayIndexOutOfBoundsException'{0x00000000f2cefd00}: Index 1 out of bounds for length 1> (0x00000000f2cefd00) 
thrown [src/hotspot/share/interpreter/interpreterRuntime.cpp, line 428]
Event: 89.890 Thread 0x00007f1f0017e4d0 Exception <a 'java/lang/ArrayIndexOutOfBoundsException'{0x00000000f2cf0020}: Index 1 out of bounds for length 1> (0x00000000f2cf0020) 
thrown [src/hotspot/share/interpreter/interpreterRuntime.cpp, line 428]
Event: 89.890 Thread 0x00007f1f0017e4d0 Exception <a 'java/lang/ArrayIndexOutOfBoundsException'{0x00000000f2cf0340}: Index 1 out of bounds for length 1> (0x00000000f2cf0340) 
thrown [src/hotspot/share/interpreter/interpreterRuntime.cpp, line 428]
Event: 89.890 Thread 0x00007f1f0017e4d0 Exception <a 'java/lang/ArrayIndexOutOfBoundsException'{0x00000000f2cf0660}: Index 1 out of bounds for length 1> (0x00000000f2cf0660) 
thrown [src/hotspot/share/interpreter/interpreterRuntime.cpp, line 428]
Event: 89.890 Thread 0x00007f1f0017e4d0 Exception <a 'java/lang/ArrayIndexOutOfBoundsException'{0x00000000f2cf0980}: Index 1 out of bounds for length 1> (0x00000000f2cf0980) 
thrown [src/hotspot/share/interpreter/interpreterRuntime.cpp, line 428]
Event: 89.890 Thread 0x00007f1f0017e4d0 Exception <a 'java/lang/ArrayIndexOutOfBoundsException'{0x00000000f2cf0ca0}: Index 1 out of bounds for length 1> (0x00000000f2cf0ca0) 
thrown [src/hotspot/share/interpreter/interpreterRuntime.cpp, line 428]
Event: 89.890 Thread 0x00007f1f0017e4d0 Exception <a 'java/lang/ArrayIndexOutOfBoundsException'{0x00000000f2cf0fc0}: Index 1 out of bounds for length 1> (0x00000000f2cf0fc0) 
thrown [src/hotspot/share/interpreter/interpreterRuntime.cpp, line 428]
Event: 89.890 Thread 0x00007f1f0017e4d0 Exception <a 'java/lang/ArrayIndexOutOfBoundsException'{0x00000000f2cf12e0}: Index 1 out of bounds for length 1> (0x00000000f2cf12e0) 
thrown [src/hotspot/share/interpreter/interpreterRuntime.cpp, line 428]
Event: 92.191 Thread 0x00007f1f0017e4d0 Exception <a 'java/lang/ArrayIndexOutOfBoundsException'{0x00000000efea6e18}> (0x00000000efea6e18) 
thrown [src/hotspot/share/runtime/sharedRuntime.cpp, line 628]

VM Operations (20 events):
Event: 83.801 Executing VM operation: Cleanup
Event: 83.801 Executing VM operation: Cleanup done
Event: 84.801 Executing VM operation: Cleanup
Event: 84.801 Executing VM operation: Cleanup done
Event: 85.801 Executing VM operation: Cleanup
Event: 85.802 Executing VM operation: Cleanup done
Event: 88.802 Executing VM operation: Cleanup
Event: 88.802 Executing VM operation: Cleanup done
Event: 89.802 Executing VM operation: Cleanup
Event: 89.802 Executing VM operation: Cleanup done
Event: 90.802 Executing VM operation: Cleanup
Event: 90.802 Executing VM operation: Cleanup done
Event: 91.142 Executing VM operation: ParallelGCFailedAllocation
Event: 91.152 Executing VM operation: ParallelGCFailedAllocation done
Event: 92.152 Executing VM operation: Cleanup
Event: 92.152 Executing VM operation: Cleanup done
Event: 92.220 Executing VM operation: HandshakeAllThreads
Event: 92.220 Executing VM operation: HandshakeAllThreads done
Event: 93.220 Executing VM operation: Cleanup
Event: 93.220 Executing VM operation: Cleanup done

Events (20 events):
Event: 92.235 Thread 0x00007f1f980d5c60 flushing nmethod 0x00007f1f80d06290
Event: 92.235 Thread 0x00007f1f980d5c60 flushing nmethod 0x00007f1f80d09710
Event: 92.235 Thread 0x00007f1f980d5c60 flushing nmethod 0x00007f1f80d0a510
Event: 92.235 Thread 0x00007f1f980d5c60 flushing nmethod 0x00007f1f80d58610
Event: 92.236 Thread 0x00007f1f980d5c60 flushing nmethod 0x00007f1f80e6c890
Event: 92.236 Thread 0x00007f1f980d5c60 flushing nmethod 0x00007f1f80e88390
Event: 92.236 Thread 0x00007f1f980d5c60 flushing nmethod 0x00007f1f80e93410
Event: 92.237 Thread 0x00007f1f980d5c60 flushing nmethod 0x00007f1f8110e890
Event: 92.237 Thread 0x00007f1f980d5c60 flushing nmethod 0x00007f1f81133c90
Event: 92.237 Thread 0x00007f1f980d5c60 flushing nmethod 0x00007f1f81156c90
Event: 92.284 Thread 0x00007f1f0017e4d0 Thread added: 0x00007f1f0017e4d0
Event: 92.284 Protecting memory [0x00007f1f43f00000,0x00007f1f43f04000] with protection modes 0
Event: 92.501 Thread 0x00007f1f00189d30 Thread added: 0x00007f1f00189d30
Event: 92.501 Protecting memory [0x00007f1f7ce00000,0x00007f1f7ce04000] with protection modes 0
Event: 92.502 Thread 0x00007f1ea8001bd0 Thread added: 0x00007f1ea8001bd0
Event: 92.502 Protecting memory [0x00007f1f7dd18000,0x00007f1f7dd1c000] with protection modes 0
Event: 92.508 Thread 0x00007f1f00189d30 Thread exited: 0x00007f1f00189d30
Event: 92.535 Thread 0x00007f1f0017e4d0 Thread exited: 0x00007f1f0017e4d0
Event: 98.110 Thread 0x00007f1ed4096870 Thread exited: 0x00007f1ed4096870
Event: 101.264 Thread 0x00007f1ed80bbb00 Thread exited: 0x00007f1ed80bbb00


Dynamic libraries:
cdc00000-eaa80000 rw-p 00000000 00:00 0 
eaa80000-ef400000 ---p 00000000 00:00 0 
ef400000-f5380000 rw-p 00000000 00:00 0 
f5380000-100000000 ---p 00000000 00:00 0 
800000000-800449000 rw-p 00001000 00:16bc 9223372037562745673            /nix/store/gpxl5qgg8kicmcvivwmybwjlpf7wh20l-graalvm17-ce-22.3.0/lib/server/classes.jsa
800449000-800bc8000 r--p 0044a000 00:16bc 9223372037562745673            /nix/store/gpxl5qgg8kicmcvivwmybwjlpf7wh20l-graalvm17-ce-22.3.0/lib/server/classes.jsa
800bc8000-800c00000 ---p 00000000 00:00 0 
800c00000-800c20000 rw-p 00000000 00:00 0 
800c20000-800c40000 rw-p 00000000 00:00 0 
800c40000-800cc0000 rw-p 00000000 00:00 0 
800cc0000-800d00000 rw-p 00000000 00:00 0 
800d00000-800dc0000 rw-p 00000000 00:00 0 
800dc0000-800e00000 rw-p 00000000 00:00 0 
800e00000-800ec0000 rw-p 00000000 00:00 0 
800ec0000-800f40000 rw-p 00000000 00:00 0 
800f40000-801270000 rw-p 00000000 00:00 0 
801270000-840c00000 ---p 00000000 00:00 0 
5575e3e53000-5575e3e54000 r-xp 00000000 00:16bc 9223372037526805748      /nix/store/gpxl5qgg8kicmcvivwmybwjlpf7wh20l-graalvm17-ce-22.3.0/bin/.java-wrapped
5575e3e55000-5575e3e56000 r--p 00001000 00:16bc 9223372037526805748      /nix/store/gpxl5qgg8kicmcvivwmybwjlpf7wh20l-graalvm17-ce-22.3.0/bin/.java-wrapped
5575e3e56000-5575e3e57000 rw-p 00002000 00:16bc 9223372037526805748      /nix/store/gpxl5qgg8kicmcvivwmybwjlpf7wh20l-graalvm17-ce-22.3.0/bin/.java-wrapped
5575e3e57000-5575e3e58000 rw-p 00004000 00:16bc 9223372037526805748      /nix/store/gpxl5qgg8kicmcvivwmybwjlpf7wh20l-graalvm17-ce-22.3.0/bin/.java-wrapped
5575e3e58000-5575e3e59000 rw-p 00005000 00:16bc 9223372037526805748      /nix/store/gpxl5qgg8kicmcvivwmybwjlpf7wh20l-graalvm17-ce-22.3.0/bin/.java-wrapped
5575e43fe000-5575e4446000 rw-p 00000000 00:00 0                          [heap]
7f1ea0000000-7f1ea0021000 rw-p 00000000 00:00 0 
7f1ea0021000-7f1ea4000000 ---p 00000000 00:00 0 
7f1ea8000000-7f1ea8021000 rw-p 00000000 00:00 0 
7f1ea8021000-7f1eac000000 ---p 00000000 00:00 0 
7f1eac000000-7f1eac021000 rw-p 00000000 00:00 0 
7f1eac021000-7f1eb0000000 ---p 00000000 00:00 0 
7f1eb0000000-7f1eb0024000 rw-p 00000000 00:00 0 
7f1eb0024000-7f1eb4000000 ---p 00000000 00:00 0 
7f1eb4000000-7f1eb403b000 rw-p 00000000 00:00 0 
7f1eb403b000-7f1eb8000000 ---p 00000000 00:00 0 
7f1eb8000000-7f1eb8021000 rw-p 00000000 00:00 0 
7f1eb8021000-7f1ebc000000 ---p 00000000 00:00 0 
7f1ebc000000-7f1ebc021000 rw-p 00000000 00:00 0 
7f1ebc021000-7f1ec0000000 ---p 00000000 00:00 0 
7f1ec0000000-7f1ec0021000 rw-p 00000000 00:00 0 
7f1ec0021000-7f1ec4000000 ---p 00000000 00:00 0 
7f1ec4000000-7f1ec4021000 rw-p 00000000 00:00 0 
7f1ec4021000-7f1ec8000000 ---p 00000000 00:00 0 
7f1ec8000000-7f1ec8021000 rw-p 00000000 00:00 0 
7f1ec8021000-7f1ecc000000 ---p 00000000 00:00 0 
7f1ecc000000-7f1ecc021000 rw-p 00000000 00:00 0 
7f1ecc021000-7f1ed0000000 ---p 00000000 00:00 0 
7f1ed0800000-7f1ed0960000 rw-p 00000000 00:00 0 
7f1ed0960000-7f1ed0a20000 rw-p 00000000 00:00 0 
7f1ed0a20000-7f1ed0b80000 rw-p 00000000 00:00 0 
7f1ed0b80000-7f1ed0ba0000 rw-p 00000000 00:00 0 
7f1ed0ba0000-7f1ed0c00000 ---p 00000000 00:00 0 
7f1ed0c00000-7f1ed0d40000 rw-p 00000000 00:00 0 
7f1ed0d40000-7f1ed1000000 ---p 00000000 00:00 0 
7f1ed3400000-7f1ed3980000 rw-p 00000000 00:00 0 
7f1ed3980000-7f1ed3a00000 rw-p 00000000 00:00 0 
7f1ed3a00000-7f1ed3c00000 rw-p 00000000 00:00 0 
7f1ed4000000-7f1ed40e8000 rw-p 00000000 00:00 0 
7f1ed40e8000-7f1ed8000000 ---p 00000000 00:00 0 
7f1ed8000000-7f1ed8119000 rw-p 00000000 00:00 0 
7f1ed8119000-7f1edc000000 ---p 00000000 00:00 0 
7f1edc000000-7f1edc021000 rw-p 00000000 00:00 0 
7f1edc021000-7f1ee0000000 ---p 00000000 00:00 0 
7f1ee0000000-7f1ee002a000 rw-p 00000000 00:00 0 
7f1ee002a000-7f1ee4000000 ---p 00000000 00:00 0 
7f1ee4000000-7f1ee4021000 rw-p 00000000 00:00 0 
7f1ee4021000-7f1ee8000000 ---p 00000000 00:00 0 
7f1ee9c00000-7f1eea180000 rw-p 00000000 00:00 0 
7f1eea180000-7f1eea200000 rw-p 00000000 00:00 0 
7f1eea200000-7f1eea400000 rw-p 00000000 00:00 0 
7f1eea4b3000-7f1ef4000000 r--s 00000000 00:16bc 9223372037562580485      /nix/store/gpxl5qgg8kicmcvivwmybwjlpf7wh20l-graalvm17-ce-22.3.0/lib/modules
7f1ef4000000-7f1ef4137000 rw-p 00000000 00:00 0 
7f1ef4137000-7f1ef8000000 ---p 00000000 00:00 0 
7f1ef8000000-7f1ef80ba000 rw-p 00000000 00:00 0 
7f1ef80ba000-7f1efc000000 ---p 00000000 00:00 0 
7f1efc000000-7f1efc021000 rw-p 00000000 00:00 0 
7f1efc021000-7f1f00000000 ---p 00000000 00:00 0 
7f1f00000000-7f1f001fe000 rw-p 00000000 00:00 0 
7f1f001fe000-7f1f04000000 ---p 00000000 00:00 0 
7f1f04000000-7f1f04047000 rw-p 00000000 00:00 0 
7f1f04047000-7f1f08000000 ---p 00000000 00:00 0 
7f1f08000000-7f1f08021000 rw-p 00000000 00:00 0 
7f1f08021000-7f1f0c000000 ---p 00000000 00:00 0 
7f1f0c000000-7f1f0c197000 rw-p 00000000 00:00 0 
7f1f0c197000-7f1f10000000 ---p 00000000 00:00 0 
7f1f10000000-7f1f10325000 rw-p 00000000 00:00 0 
7f1f10325000-7f1f14000000 ---p 00000000 00:00 0 
7f1f14000000-7f1f140f4000 rw-p 00000000 00:00 0 
7f1f140f4000-7f1f18000000 ---p 00000000 00:00 0 
7f1f18000000-7f1f18021000 rw-p 00000000 00:00 0 
7f1f18021000-7f1f1c000000 ---p 00000000 00:00 0 
7f1f1c000000-7f1f1c025000 rw-p 00000000 00:00 0 
7f1f1c025000-7f1f20000000 ---p 00000000 00:00 0 
7f1f20000000-7f1f20021000 rw-p 00000000 00:00 0 
7f1f20021000-7f1f24000000 ---p 00000000 00:00 0 
7f1f24000000-7f1f248bb000 rw-p 00000000 00:00 0 
7f1f248bb000-7f1f28000000 ---p 00000000 00:00 0 
7f1f28000000-7f1f2802b000 rw-p 00000000 00:00 0 
7f1f2802b000-7f1f2c000000 ---p 00000000 00:00 0 
7f1f2c000000-7f1f2c02a000 rw-p 00000000 00:00 0 
7f1f2c02a000-7f1f30000000 ---p 00000000 00:00 0 
7f1f30000000-7f1f30021000 rw-p 00000000 00:00 0 
7f1f30021000-7f1f34000000 ---p 00000000 00:00 0 
7f1f34000000-7f1f34021000 rw-p 00000000 00:00 0 
7f1f34021000-7f1f38000000 ---p 00000000 00:00 0 
7f1f38000000-7f1f380fb000 rw-p 00000000 00:00 0 
7f1f380fb000-7f1f3c000000 ---p 00000000 00:00 0 
7f1f3c000000-7f1f3c03a000 rw-p 00000000 00:00 0 
7f1f3c03a000-7f1f40000000 ---p 00000000 00:00 0 
7f1f40000000-7f1f401c0000 rw-p 00000000 00:00 0 
7f1f401c0000-7f1f40200000 rw-p 00000000 00:00 0 
7f1f40200000-7f1f40380000 rw-p 00000000 00:00 0 
7f1f40380000-7f1f40400000 rw-p 00000000 00:00 0 
7f1f40400000-7f1f40800000 rw-p 00000000 00:00 0 
7f1f40800000-7f1f40900000 rw-p 00000000 00:00 0 
7f1f40900000-7f1f40940000 rw-p 00000000 00:00 0 
7f1f40940000-7f1f40980000 rw-p 00000000 00:00 0 
7f1f40980000-7f1f40b80000 rw-p 00000000 00:00 0 
7f1f40b80000-7f1f40c00000 rw-p 00000000 00:00 0 
7f1f40c00000-7f1f41000000 rw-p 00000000 00:00 0 
7f1f41000000-7f1f41100000 rw-p 00000000 00:00 0 
7f1f41100000-7f1f41200000 rw-p 00000000 00:00 0 
7f1f41200000-7f1f415c0000 rw-p 00000000 00:00 0 
7f1f415c0000-7f1f41640000 rw-p 00000000 00:00 0 
7f1f41640000-7f1f41680000 rw-p 00000000 00:00 0 
7f1f41680000-7f1f41700000 rw-p 00000000 00:00 0 
7f1f41700000-7f1f41800000 rw-p 00000000 00:00 0 
7f1f41800000-7f1f41900000 rw-p 00000000 00:00 0 
7f1f41900000-7f1f41a00000 rw-p 00000000 00:00 0 
7f1f41a00000-7f1f41d00000 rw-p 00000000 00:00 0 
7f1f41d00000-7f1f41e00000 rw-p 00000000 00:00 0 
7f1f41e00000-7f1f42000000 rw-p 00000000 00:00 0 
7f1f42c00000-7f1f42c10000 r-xp 00000000 00:16b9 353                      /home/runner/.cache/jdt-language-server/config/org.eclipse.equinox.launcher/org.eclipse.equinox.launcher.gtk.linux.x86_64_1.2.400.v20211117-0650/eclipse_11600.so
7f1f42c10000-7f1f42e0f000 ---p 00010000 00:16b9 353                      /home/runner/.cache/jdt-language-server/config/org.eclipse.equinox.launcher/org.eclipse.equinox.launcher.gtk.linux.x86_64_1.2.400.v20211117-0650/eclipse_11600.so
7f1f42e0f000-7f1f42e10000 r--p 0000f000 00:16b9 353                      /home/runner/.cache/jdt-language-server/config/org.eclipse.equinox.launcher/org.eclipse.equinox.launcher.gtk.linux.x86_64_1.2.400.v20211117-0650/eclipse_11600.so
7f1f42e10000-7f1f42e11000 rw-p 00010000 00:16b9 353                      /home/runner/.cache/jdt-language-server/config/org.eclipse.equinox.launcher/org.eclipse.equinox.launcher.gtk.linux.x86_64_1.2.400.v20211117-0650/eclipse_11600.so
7f1f42efe000-7f1f42eff000 ---p 00000000 00:00 0 
7f1f42eff000-7f1f43000000 rw-p 00000000 00:00 0 
7f1f43768000-7f1f43b00000 rw-p 00000000 00:00 0 
7f1f43b00000-7f1f43b04000 ---p 00000000 00:00 0 
7f1f43b04000-7f1f43c00000 rw-p 00000000 00:00 0 
7f1f43d00000-7f1f43d04000 ---p 00000000 00:00 0 
7f1f43d04000-7f1f43e00000 rw-p 00000000 00:00 0 
7f1f43f00000-7f1f43f04000 ---p 00000000 00:00 0 
7f1f43f04000-7f1f44000000 rw-p 00000000 00:00 0 
7f1f44100000-7f1f44104000 ---p 00000000 00:00 0 
7f1f44104000-7f1f44200000 rw-p 00000000 00:00 0 
7f1f44300000-7f1f44304000 ---p 00000000 00:00 0 
7f1f44304000-7f1f44400000 rw-p 00000000 00:00 0 
7f1f44500000-7f1f44504000 ---p 00000000 00:00 0 
7f1f44504000-7f1f44600000 rw-p 00000000 00:00 0 
7f1f44700000-7f1f44704000 ---p 00000000 00:00 0 
7f1f44704000-7f1f44800000 rw-p 00000000 00:00 0 
7f1f44900000-7f1f44904000 ---p 00000000 00:00 0 
7f1f44904000-7f1f44a00000 rw-p 00000000 00:00 0 
7f1f44b00000-7f1f44b04000 ---p 00000000 00:00 0 
7f1f44b04000-7f1f44c00000 rw-p 00000000 00:00 0 
7f1f44d00000-7f1f44d04000 ---p 00000000 00:00 0 
7f1f44d04000-7f1f44e00000 rw-p 00000000 00:00 0 
7f1f44f00000-7f1f44f04000 ---p 00000000 00:00 0 
7f1f44f04000-7f1f45000000 rw-p 00000000 00:00 0 
7f1f45100000-7f1f45104000 ---p 00000000 00:00 0 
7f1f45104000-7f1f45200000 rw-p 00000000 00:00 0 
7f1f45300000-7f1f45304000 ---p 00000000 00:00 0 
7f1f45304000-7f1f45400000 rw-p 00000000 00:00 0 
7f1f45500000-7f1f45504000 ---p 00000000 00:00 0 
7f1f45504000-7f1f45600000 rw-p 00000000 00:00 0 
7f1f45700000-7f1f45704000 ---p 00000000 00:00 0 
7f1f45704000-7f1f45800000 rw-p 00000000 00:00 0 
7f1f45900000-7f1f45904000 ---p 00000000 00:00 0 
7f1f45904000-7f1f45a00000 rw-p 00000000 00:00 0 
7f1f45b00000-7f1f45b04000 ---p 00000000 00:00 0 
7f1f45b04000-7f1f45c00000 rw-p 00000000 00:00 0 
7f1f45c00000-7f1f47d6a000 r-xp 00000000 00:16bc 9223372037562577944      /nix/store/gpxl5qgg8kicmcvivwmybwjlpf7wh20l-graalvm17-ce-22.3.0/lib/libjvmcicompiler.so
7f1f47d6a000-7f1f47f69000 ---p 0216a000 00:16bc 9223372037562577944      /nix/store/gpxl5qgg8kicmcvivwmybwjlpf7wh20l-graalvm17-ce-22.3.0/lib/libjvmcicompiler.so
7f1f47f69000-7f1f47f6a000 r--p 02169000 00:16bc 9223372037562577944      /nix/store/gpxl5qgg8kicmcvivwmybwjlpf7wh20l-graalvm17-ce-22.3.0/lib/libjvmcicompiler.so
7f1f47f6a000-7f1f47f6c000 rw-p 0216a000 00:16bc 9223372037562577944      /nix/store/gpxl5qgg8kicmcvivwmybwjlpf7wh20l-graalvm17-ce-22.3.0/lib/libjvmcicompiler.so
7f1f47f6c000-7f1f47f6d000 rw-p 00000000 00:00 0 
7f1f47f6d000-7f1f47f72000 rw-p 023c3000 00:16bc 9223372037562577944      /nix/store/gpxl5qgg8kicmcvivwmybwjlpf7wh20l-graalvm17-ce-22.3.0/lib/libjvmcicompiler.so
7f1f48000000-7f1f48021000 rw-p 00000000 00:00 0 
7f1f48021000-7f1f4c000000 ---p 00000000 00:00 0 
7f1f4c000000-7f1f4c03b000 rw-p 00000000 00:00 0 
7f1f4c03b000-7f1f50000000 ---p 00000000 00:00 0 
7f1f50000000-7f1f50021000 rw-p 00000000 00:00 0 
7f1f50021000-7f1f54000000 ---p 00000000 00:00 0 
7f1f54000000-7f1f54021000 rw-p 00000000 00:00 0 
7f1f54021000-7f1f58000000 ---p 00000000 00:00 0 
7f1f58000000-7f1f5813c000 rw-p 00000000 00:00 0 
7f1f5813c000-7f1f5c000000 ---p 00000000 00:00 0 
7f1f5c000000-7f1f5cc0f000 rw-p 00000000 00:00 0 
7f1f5cc0f000-7f1f60000000 ---p 00000000 00:00 0 
7f1f60000000-7f1f60021000 rw-p 00000000 00:00 0 
7f1f60021000-7f1f64000000 ---p 00000000 00:00 0 
7f1f64000000-7f1f64021000 rw-p 00000000 00:00 0 
7f1f64021000-7f1f68000000 ---p 00000000 00:00 0 
7f1f68000000-7f1f68021000 rw-p 00000000 00:00 0 
7f1f68021000-7f1f6c000000 ---p 00000000 00:00 0 
7f1f6c000000-7f1f6c021000 rw-p 00000000 00:00 0 
7f1f6c021000-7f1f70000000 ---p 00000000 00:00 0 
7f1f70000000-7f1f70021000 rw-p 00000000 00:00 0 
7f1f70021000-7f1f74000000 ---p 00000000 00:00 0 
7f1f74000000-7f1f74021000 rw-p 00000000 00:00 0 
7f1f74021000-7f1f78000000 ---p 00000000 00:00 0 
7f1f78000000-7f1f78029000 rw-p 00000000 00:00 0 
7f1f78029000-7f1f7c000000 ---p 00000000 00:00 0 
7f1f7c100000-7f1f7c104000 ---p 00000000 00:00 0 
7f1f7c104000-7f1f7c200000 rw-p 00000000 00:00 0 
7f1f7c300000-7f1f7c304000 ---p 00000000 00:00 0 
7f1f7c304000-7f1f7c400000 rw-p 00000000 00:00 0 
7f1f7c500000-7f1f7c504000 ---p 00000000 00:00 0 
7f1f7c504000-7f1f7c600000 rw-p 00000000 00:00 0 
7f1f7c700000-7f1f7c704000 ---p 00000000 00:00 0 
7f1f7c704000-7f1f7c800000 rw-p 00000000 00:00 0 
7f1f7c900000-7f1f7c904000 ---p 00000000 00:00 0 
7f1f7c904000-7f1f7ca00000 rw-p 00000000 00:00 0 
7f1f7cb00000-7f1f7cb04000 ---p 00000000 00:00 0 
7f1f7cb04000-7f1f7cc00000 rw-p 00000000 00:00 0 
7f1f7cc00000-7f1f7cc04000 ---p 00000000 00:00 0 
7f1f7cc04000-7f1f7cd00000 rw-p 00000000 00:00 0 
7f1f7ce00000-7f1f7ce04000 ---p 00000000 00:00 0 
7f1f7ce04000-7f1f7cf00000 rw-p 00000000 00:00 0 
7f1f7d000000-7f1f7d004000 ---p 00000000 00:00 0 
7f1f7d004000-7f1f7d100000 rw-p 00000000 00:00 0 
7f1f7d200000-7f1f7d204000 ---p 00000000 00:00 0 
7f1f7d204000-7f1f7d300000 rw-p 00000000 00:00 0 
7f1f7d400000-7f1f7d404000 ---p 00000000 00:00 0 
7f1f7d404000-7f1f7d500000 rw-p 00000000 00:00 0 
7f1f7d600000-7f1f7d604000 ---p 00000000 00:00 0 
7f1f7d604000-7f1f7d700000 rw-p 00000000 00:00 0 
7f1f7d800000-7f1f7d804000 ---p 00000000 00:00 0 
7f1f7d804000-7f1f7d900000 rw-p 00000000 00:00 0 
7f1f7d900000-7f1f7d904000 ---p 00000000 00:00 0 
7f1f7d904000-7f1f7da00000 rw-p 00000000 00:00 0 
7f1f7da00000-7f1f7da04000 ---p 00000000 00:00 0 
7f1f7da04000-7f1f7db00000 rw-p 00000000 00:00 0 
7f1f7dc00000-7f1f7dc04000 ---p 00000000 00:00 0 
7f1f7dc04000-7f1f7dd00000 rw-p 00000000 00:00 0 
7f1f7dd18000-7f1f7dd1c000 ---p 00000000 00:00 0 
7f1f7dd1c000-7f1f7de18000 rw-p 00000000 00:00 0 
7f1f7de18000-7f1f7de19000 ---p 00000000 00:00 0 
7f1f7de19000-7f1f7df1a000 rw-p 00000000 00:00 0 
7f1f7df1a000-7f1f7df1e000 ---p 00000000 00:00 0 
7f1f7df1e000-7f1f7e01a000 rw-p 00000000 00:00 0 
7f1f7e01a000-7f1f7e01e000 ---p 00000000 00:00 0 
7f1f7e01e000-7f1f7e11a000 rw-p 00000000 00:00 0 
7f1f7e11a000-7f1f7e11e000 ---p 00000000 00:00 0 
7f1f7e11e000-7f1f7e21a000 rw-p 00000000 00:00 0 
7f1f7e21a000-7f1f7e21e000 ---p 00000000 00:00 0 
7f1f7e21e000-7f1f7e41a000 rw-p 00000000 00:00 0 
7f1f7e41a000-7f1f7e41e000 ---p 00000000 00:00 0 
7f1f7e41e000-7f1f7e61a000 rw-p 00000000 00:00 0 
7f1f7e61a000-7f1f7e61e000 ---p 00000000 00:00 0 
7f1f7e61e000-7f1f7e71a000 rw-p 00000000 00:00 0 
7f1f7e71a000-7f1f7e71e000 ---p 00000000 00:00 0 
7f1f7e71e000-7f1f7e81a000 rw-p 00000000 00:00 0 
7f1f7e81a000-7f1f7e81e000 ---p 00000000 00:00 0 
7f1f7e81e000-7f1f7e91a000 rw-p 00000000 00:00 0 
7f1f7e91a000-7f1f7ec00000 r--p 00000000 00:1629 28444448                 /usr/lib/locale/locale-archive
7f1f7ec00000-7f1f7f000000 rw-p 00000000 00:00 0 
7f1f7f000000-7f1f7f300000 rw-p 00000000 00:00 0 
7f1f7f300000-7f1f7f400000 rw-p 00000000 00:00 0 
7f1f7f4b3000-7f1f7f723000 rwxp 00000000 00:00 0 
7f1f7f723000-7f1f7fa42000 ---p 00000000 00:00 0 
7f1f7fa42000-7f1f812b2000 rwxp 00000000 00:00 0 
7f1f812b2000-7f1f86f7a000 ---p 00000000 00:00 0 
7f1f86f7a000-7f1f874aa000 rwxp 00000000 00:00 0 
7f1f874aa000-7f1f8e4b3000 ---p 00000000 00:00 0 
7f1f8e4b3000-7f1f98000000 r--s 00000000 00:16bc 9223372037562580485      /nix/store/gpxl5qgg8kicmcvivwmybwjlpf7wh20l-graalvm17-ce-22.3.0/lib/modules
7f1f98000000-7f1f98694000 rw-p 00000000 00:00 0 
7f1f98694000-7f1f9c000000 ---p 00000000 00:00 0 
7f1f9c07d000-7f1f9c07f000 r-xp 00000000 00:16bc 9223372037562577921      /nix/store/gpxl5qgg8kicmcvivwmybwjlpf7wh20l-graalvm17-ce-22.3.0/lib/libextnet.so
7f1f9c07f000-7f1f9c080000 r--p 00001000 00:16bc 9223372037562577921      /nix/store/gpxl5qgg8kicmcvivwmybwjlpf7wh20l-graalvm17-ce-22.3.0/lib/libextnet.so
7f1f9c080000-7f1f9c081000 rw-p 00002000 00:16bc 9223372037562577921      /nix/store/gpxl5qgg8kicmcvivwmybwjlpf7wh20l-graalvm17-ce-22.3.0/lib/libextnet.so
7f1f9c081000-7f1f9c082000 rw-p 00004000 00:16bc 9223372037562577921      /nix/store/gpxl5qgg8kicmcvivwmybwjlpf7wh20l-graalvm17-ce-22.3.0/lib/libextnet.so
7f1f9c082000-7f1f9c086000 ---p 00000000 00:00 0 
7f1f9c086000-7f1f9c0a4000 rw-p 00000000 00:00 0 
7f1f9c0a4000-7f1f9c0ab000 r-xp 00000000 00:16bc 9223372037562580484      /nix/store/gpxl5qgg8kicmcvivwmybwjlpf7wh20l-graalvm17-ce-22.3.0/lib/libzip.so
7f1f9c0ab000-7f1f9c0ac000 ---p 00007000 00:16bc 9223372037562580484      /nix/store/gpxl5qgg8kicmcvivwmybwjlpf7wh20l-graalvm17-ce-22.3.0/lib/libzip.so
7f1f9c0ac000-7f1f9c0ad000 r--p 00007000 00:16bc 9223372037562580484      /nix/store/gpxl5qgg8kicmcvivwmybwjlpf7wh20l-graalvm17-ce-22.3.0/lib/libzip.so
7f1f9c0ad000-7f1f9c0ae000 rw-p 00008000 00:16bc 9223372037562580484      /nix/store/gpxl5qgg8kicmcvivwmybwjlpf7wh20l-graalvm17-ce-22.3.0/lib/libzip.so
7f1f9c0ae000-7f1f9c0b0000 rw-p 0000b000 00:16bc 9223372037562580484      /nix/store/gpxl5qgg8kicmcvivwmybwjlpf7wh20l-graalvm17-ce-22.3.0/lib/libzip.so
7f1f9c0b0000-7f1f9c0c5000 r-xp 00000000 00:16bc 9223372037562580474      /nix/store/gpxl5qgg8kicmcvivwmybwjlpf7wh20l-graalvm17-ce-22.3.0/lib/libnet.so
7f1f9c0c5000-7f1f9c0c6000 ---p 00015000 00:16bc 9223372037562580474      /nix/store/gpxl5qgg8kicmcvivwmybwjlpf7wh20l-graalvm17-ce-22.3.0/lib/libnet.so
7f1f9c0c6000-7f1f9c0c7000 r--p 00015000 00:16bc 9223372037562580474      /nix/store/gpxl5qgg8kicmcvivwmybwjlpf7wh20l-graalvm17-ce-22.3.0/lib/libnet.so
7f1f9c0c7000-7f1f9c0c8000 rw-p 00016000 00:16bc 9223372037562580474      /nix/store/gpxl5qgg8kicmcvivwmybwjlpf7wh20l-graalvm17-ce-22.3.0/lib/libnet.so
7f1f9c0c8000-7f1f9c0cb000 rw-p 0001b000 00:16bc 9223372037562580474      /nix/store/gpxl5qgg8kicmcvivwmybwjlpf7wh20l-graalvm17-ce-22.3.0/lib/libnet.so
7f1f9c0cb000-7f1f9c0de000 r-xp 00000000 00:16bc 9223372037562580475      /nix/store/gpxl5qgg8kicmcvivwmybwjlpf7wh20l-graalvm17-ce-22.3.0/lib/libnio.so
7f1f9c0de000-7f1f9c0df000 r--p 00012000 00:16bc 9223372037562580475      /nix/store/gpxl5qgg8kicmcvivwmybwjlpf7wh20l-graalvm17-ce-22.3.0/lib/libnio.so
7f1f9c0df000-7f1f9c0e0000 rw-p 00013000 00:16bc 9223372037562580475      /nix/store/gpxl5qgg8kicmcvivwmybwjlpf7wh20l-graalvm17-ce-22.3.0/lib/libnio.so
7f1f9c0e0000-7f1f9c0e5000 rw-p 00019000 00:16bc 9223372037562580475      /nix/store/gpxl5qgg8kicmcvivwmybwjlpf7wh20l-graalvm17-ce-22.3.0/lib/libnio.so
7f1f9c0e5000-7f1f9c0e9000 ---p 00000000 00:00 0 
7f1f9c0e9000-7f1f9c1e5000 rw-p 00000000 00:00 0 
7f1f9c1e5000-7f1f9c1e9000 ---p 00000000 00:00 0 
7f1f9c1e9000-7f1f9c2e5000 rw-p 00000000 00:00 0 
7f1f9c2e5000-7f1f9c2e6000 ---p 00000000 00:00 0 
7f1f9c2e6000-7f1f9c3e7000 rw-p 00000000 00:00 0 
7f1f9c3e7000-7f1f9c4b5000 r-xp 00000000 00:16bc 9223372037562577940      /nix/store/gpxl5qgg8kicmcvivwmybwjlpf7wh20l-graalvm17-ce-22.3.0/lib/libjsvml.so
7f1f9c4b5000-7f1f9c4b6000 r--p 000cd000 00:16bc 9223372037562577940      /nix/store/gpxl5qgg8kicmcvivwmybwjlpf7wh20l-graalvm17-ce-22.3.0/lib/libjsvml.so
7f1f9c4b6000-7f1f9c4b7000 rw-p 000ce000 00:16bc 9223372037562577940      /nix/store/gpxl5qgg8kicmcvivwmybwjlpf7wh20l-graalvm17-ce-22.3.0/lib/libjsvml.so
7f1f9c4b7000-7f1f9ea87000 rw-p 00000000 00:00 0 
7f1f9ea87000-7f1f9eaab000 ---p 00000000 00:00 0 
7f1f9eaab000-7f1f9eaac000 ---p 00000000 00:00 0 
7f1f9eaac000-7f1f9ec95000 rw-p 00000000 00:00 0 
7f1f9ec95000-7f1f9ecb9000 ---p 00000000 00:00 0 
7f1f9ecb9000-7f1f9ece9000 rw-p 00000000 00:00 0 
7f1f9ece9000-7f1f9ed3f000 ---p 00000000 00:00 0 
7f1f9ed3f000-7f1f9ed4b000 rw-p 00000000 00:00 0 
7f1f9ed4b000-7f1f9ee2b000 ---p 00000000 00:00 0 
7f1f9ee2b000-7f1f9ee5c000 rw-p 00000000 00:00 0 
7f1f9ee5c000-7f1f9ef16000 ---p 00000000 00:00 0 
7f1f9ef16000-7f1f9ef1b000 rw-p 00000000 00:00 0 
7f1f9ef1b000-7f1f9ef22000 ---p 00000000 00:00 0 
7f1f9ef22000-7f1f9ef46000 r-xp 00000000 00:16bc 9223372037562577932      /nix/store/gpxl5qgg8kicmcvivwmybwjlpf7wh20l-graalvm17-ce-22.3.0/lib/libjava.so
7f1f9ef46000-7f1f9ef47000 ---p 00024000 00:16bc 9223372037562577932      /nix/store/gpxl5qgg8kicmcvivwmybwjlpf7wh20l-graalvm17-ce-22.3.0/lib/libjava.so
7f1f9ef47000-7f1f9ef48000 r--p 00024000 00:16bc 9223372037562577932      /nix/store/gpxl5qgg8kicmcvivwmybwjlpf7wh20l-graalvm17-ce-22.3.0/lib/libjava.so
7f1f9ef48000-7f1f9ef49000 rw-p 00025000 00:16bc 9223372037562577932      /nix/store/gpxl5qgg8kicmcvivwmybwjlpf7wh20l-graalvm17-ce-22.3.0/lib/libjava.so
7f1f9ef49000-7f1f9ef4a000 rw-p 00000000 00:00 0 
7f1f9ef4a000-7f1f9ef51000 rw-p 0002f000 00:16bc 9223372037562577932      /nix/store/gpxl5qgg8kicmcvivwmybwjlpf7wh20l-graalvm17-ce-22.3.0/lib/libjava.so
7f1f9ef51000-7f1f9ef59000 rw-s 00000000 00:49c 350                       /tmp/hsperfdata_runner/19
7f1f9ef59000-7f1f9ef5a000 ---p 00000000 00:00 0 
7f1f9ef5a000-7f1f9ef5b000 r--p 00000000 00:00 0 
7f1f9ef5b000-7f1f9ef5c000 ---p 00000000 00:00 0 
7f1f9ef5c000-7f1f9ef77000 r-xp 00000000 00:16bc 9223372037562577936      /nix/store/gpxl5qgg8kicmcvivwmybwjlpf7wh20l-graalvm17-ce-22.3.0/lib/libjimage.so
7f1f9ef77000-7f1f9ef78000 ---p 0001b000 00:16bc 9223372037562577936      /nix/store/gpxl5qgg8kicmcvivwmybwjlpf7wh20l-graalvm17-ce-22.3.0/lib/libjimage.so
7f1f9ef78000-7f1f9ef7a000 r--p 0001b000 00:16bc 9223372037562577936      /nix/store/gpxl5qgg8kicmcvivwmybwjlpf7wh20l-graalvm17-ce-22.3.0/lib/libjimage.so
7f1f9ef7a000-7f1f9ef7b000 rw-p 0001d000 00:16bc 9223372037562577936      /nix/store/gpxl5qgg8kicmcvivwmybwjlpf7wh20l-graalvm17-ce-22.3.0/lib/libjimage.so
7f1f9ef7b000-7f1f9ef7c000 rw-p 00024000 00:16bc 9223372037562577936      /nix/store/gpxl5qgg8kicmcvivwmybwjlpf7wh20l-graalvm17-ce-22.3.0/lib/libjimage.so
7f1f9ef7c000-7f1f9ef80000 ---p 00000000 00:00 0 
7f1f9ef80000-7f1f9f07c000 rw-p 00000000 00:00 0 
7f1f9f07c000-7f1f9f08a000 r--p 00000000 00:16bc 9223372037455367831      /nix/store/4nlgxhb09sdr51nc9hdm8az5b08vzkgx-glibc-2.35-163/lib/libm.so.6
7f1f9f08a000-7f1f9f0fd000 r-xp 0000e000 00:16bc 9223372037455367831      /nix/store/4nlgxhb09sdr51nc9hdm8az5b08vzkgx-glibc-2.35-163/lib/libm.so.6
7f1f9f0fd000-7f1f9f15a000 r--p 00081000 00:16bc 9223372037455367831      /nix/store/4nlgxhb09sdr51nc9hdm8az5b08vzkgx-glibc-2.35-163/lib/libm.so.6
7f1f9f15a000-7f1f9f15b000 r--p 000dd000 00:16bc 9223372037455367831      /nix/store/4nlgxhb09sdr51nc9hdm8az5b08vzkgx-glibc-2.35-163/lib/libm.so.6
7f1f9f15b000-7f1f9f15c000 rw-p 000de000 00:16bc 9223372037455367831      /nix/store/4nlgxhb09sdr51nc9hdm8az5b08vzkgx-glibc-2.35-163/lib/libm.so.6
7f1f9f15c000-7f1f9f15d000 r--p 00000000 00:16bc 9223372037455367850      /nix/store/4nlgxhb09sdr51nc9hdm8az5b08vzkgx-glibc-2.35-163/lib/librt.so.1
7f1f9f15d000-7f1f9f15e000 r-xp 00001000 00:16bc 9223372037455367850      /nix/store/4nlgxhb09sdr51nc9hdm8az5b08vzkgx-glibc-2.35-163/lib/librt.so.1
7f1f9f15e000-7f1f9f15f000 r--p 00002000 00:16bc 9223372037455367850      /nix/store/4nlgxhb09sdr51nc9hdm8az5b08vzkgx-glibc-2.35-163/lib/librt.so.1
7f1f9f15f000-7f1f9f160000 r--p 00002000 00:16bc 9223372037455367850      /nix/store/4nlgxhb09sdr51nc9hdm8az5b08vzkgx-glibc-2.35-163/lib/librt.so.1
7f1f9f160000-7f1f9f161000 rw-p 00003000 00:16bc 9223372037455367850      /nix/store/4nlgxhb09sdr51nc9hdm8az5b08vzkgx-glibc-2.35-163/lib/librt.so.1
7f1f9f161000-7f1fa0274000 r-xp 00000000 00:16bc 9223372037562748770      /nix/store/gpxl5qgg8kicmcvivwmybwjlpf7wh20l-graalvm17-ce-22.3.0/lib/server/libjvm.so
7f1fa0274000-7f1fa0275000 ---p 01113000 00:16bc 9223372037562748770      /nix/store/gpxl5qgg8kicmcvivwmybwjlpf7wh20l-graalvm17-ce-22.3.0/lib/server/libjvm.so
7f1fa0275000-7f1fa032a000 r--p 01113000 00:16bc 9223372037562748770      /nix/store/gpxl5qgg8kicmcvivwmybwjlpf7wh20l-graalvm17-ce-22.3.0/lib/server/libjvm.so
7f1fa032a000-7f1fa035e000 rw-p 011c8000 00:16bc 9223372037562748770      /nix/store/gpxl5qgg8kicmcvivwmybwjlpf7wh20l-graalvm17-ce-22.3.0/lib/server/libjvm.so
7f1fa035e000-7f1fa03ba000 rw-p 00000000 00:00 0 
7f1fa03ba000-7f1fa03e2000 r--p 00000000 00:16bc 9223372037455367822      /nix/store/4nlgxhb09sdr51nc9hdm8az5b08vzkgx-glibc-2.35-163/lib/libc.so.6
7f1fa03e2000-7f1fa0558000 r-xp 00028000 00:16bc 9223372037455367822      /nix/store/4nlgxhb09sdr51nc9hdm8az5b08vzkgx-glibc-2.35-163/lib/libc.so.6
7f1fa0558000-7f1fa05b0000 r--p 0019e000 00:16bc 9223372037455367822      /nix/store/4nlgxhb09sdr51nc9hdm8az5b08vzkgx-glibc-2.35-163/lib/libc.so.6
7f1fa05b0000-7f1fa05b4000 r--p 001f6000 00:16bc 9223372037455367822      /nix/store/4nlgxhb09sdr51nc9hdm8az5b08vzkgx-glibc-2.35-163/lib/libc.so.6
7f1fa05b4000-7f1fa05b6000 rw-p 001fa000 00:16bc 9223372037455367822      /nix/store/4nlgxhb09sdr51nc9hdm8az5b08vzkgx-glibc-2.35-163/lib/libc.so.6
7f1fa05b6000-7f1fa05c5000 rw-p 00000000 00:00 0 
7f1fa05c5000-7f1fa05c6000 r--p 00000000 00:16bc 9223372037455367827      /nix/store/4nlgxhb09sdr51nc9hdm8az5b08vzkgx-glibc-2.35-163/lib/libdl.so.2
7f1fa05c6000-7f1fa05c7000 r-xp 00001000 00:16bc 9223372037455367827      /nix/store/4nlgxhb09sdr51nc9hdm8az5b08vzkgx-glibc-2.35-163/lib/libdl.so.2
7f1fa05c7000-7f1fa05c8000 r--p 00002000 00:16bc 9223372037455367827      /nix/store/4nlgxhb09sdr51nc9hdm8az5b08vzkgx-glibc-2.35-163/lib/libdl.so.2
7f1fa05c8000-7f1fa05c9000 r--p 00002000 00:16bc 9223372037455367827      /nix/store/4nlgxhb09sdr51nc9hdm8az5b08vzkgx-glibc-2.35-163/lib/libdl.so.2
7f1fa05c9000-7f1fa05ca000 rw-p 00003000 00:16bc 9223372037455367827      /nix/store/4nlgxhb09sdr51nc9hdm8az5b08vzkgx-glibc-2.35-163/lib/libdl.so.2
7f1fa05ca000-7f1fa05cb000 r--p 00000000 00:16bc 9223372037455367846      /nix/store/4nlgxhb09sdr51nc9hdm8az5b08vzkgx-glibc-2.35-163/lib/libpthread.so.0
7f1fa05cb000-7f1fa05cc000 r-xp 00001000 00:16bc 9223372037455367846      /nix/store/4nlgxhb09sdr51nc9hdm8az5b08vzkgx-glibc-2.35-163/lib/libpthread.so.0
7f1fa05cc000-7f1fa05cd000 r--p 00002000 00:16bc 9223372037455367846      /nix/store/4nlgxhb09sdr51nc9hdm8az5b08vzkgx-glibc-2.35-163/lib/libpthread.so.0
7f1fa05cd000-7f1fa05ce000 r--p 00002000 00:16bc 9223372037455367846      /nix/store/4nlgxhb09sdr51nc9hdm8az5b08vzkgx-glibc-2.35-163/lib/libpthread.so.0
7f1fa05ce000-7f1fa05cf000 rw-p 00003000 00:16bc 9223372037455367846      /nix/store/4nlgxhb09sdr51nc9hdm8az5b08vzkgx-glibc-2.35-163/lib/libpthread.so.0
7f1fa05cf000-7f1fa05dd000 r-xp 00000000 00:16bc 9223372037562577937      /nix/store/gpxl5qgg8kicmcvivwmybwjlpf7wh20l-graalvm17-ce-22.3.0/lib/libjli.so
7f1fa05dd000-7f1fa05de000 ---p 0000e000 00:16bc 9223372037562577937      /nix/store/gpxl5qgg8kicmcvivwmybwjlpf7wh20l-graalvm17-ce-22.3.0/lib/libjli.so
7f1fa05de000-7f1fa05df000 r--p 0000e000 00:16bc 9223372037562577937      /nix/store/gpxl5qgg8kicmcvivwmybwjlpf7wh20l-graalvm17-ce-22.3.0/lib/libjli.so
7f1fa05df000-7f1fa05e0000 rw-p 0000f000 00:16bc 9223372037562577937      /nix/store/gpxl5qgg8kicmcvivwmybwjlpf7wh20l-graalvm17-ce-22.3.0/lib/libjli.so
7f1fa05e0000-7f1fa05e1000 rw-p 00012000 00:16bc 9223372037562577937      /nix/store/gpxl5qgg8kicmcvivwmybwjlpf7wh20l-graalvm17-ce-22.3.0/lib/libjli.so
7f1fa05e1000-7f1fa05e4000 r--p 00000000 00:16bc 9223372037533597975      /nix/store/026hln0aq1hyshaxsdvhg0kmcm6yf45r-zlib-1.2.13/lib/libz.so.1.2.13
7f1fa05e4000-7f1fa05f6000 r-xp 00003000 00:16bc 9223372037533597975      /nix/store/026hln0aq1hyshaxsdvhg0kmcm6yf45r-zlib-1.2.13/lib/libz.so.1.2.13
7f1fa05f6000-7f1fa05fd000 r--p 00015000 00:16bc 9223372037533597975      /nix/store/026hln0aq1hyshaxsdvhg0kmcm6yf45r-zlib-1.2.13/lib/libz.so.1.2.13
7f1fa05fd000-7f1fa05fe000 r--p 0001b000 00:16bc 9223372037533597975      /nix/store/026hln0aq1hyshaxsdvhg0kmcm6yf45r-zlib-1.2.13/lib/libz.so.1.2.13
7f1fa05fe000-7f1fa05ff000 rw-p 0001c000 00:16bc 9223372037533597975      /nix/store/026hln0aq1hyshaxsdvhg0kmcm6yf45r-zlib-1.2.13/lib/libz.so.1.2.13
7f1fa05ff000-7f1fa0601000 rw-p 00000000 00:00 0 
7f1fa0601000-7f1fa0603000 r--p 00000000 00:16bc 9223372037455367816      /nix/store/4nlgxhb09sdr51nc9hdm8az5b08vzkgx-glibc-2.35-163/lib/ld-linux-x86-64.so.2
7f1fa0603000-7f1fa062a000 r-xp 00002000 00:16bc 9223372037455367816      /nix/store/4nlgxhb09sdr51nc9hdm8az5b08vzkgx-glibc-2.35-163/lib/ld-linux-x86-64.so.2
7f1fa062a000-7f1fa0636000 r--p 00029000 00:16bc 9223372037455367816      /nix/store/4nlgxhb09sdr51nc9hdm8az5b08vzkgx-glibc-2.35-163/lib/ld-linux-x86-64.so.2
7f1fa0636000-7f1fa0638000 r--p 00034000 00:16bc 9223372037455367816      /nix/store/4nlgxhb09sdr51nc9hdm8az5b08vzkgx-glibc-2.35-163/lib/ld-linux-x86-64.so.2
7f1fa0638000-7f1fa063a000 rw-p 00036000 00:16bc 9223372037455367816      /nix/store/4nlgxhb09sdr51nc9hdm8az5b08vzkgx-glibc-2.35-163/lib/ld-linux-x86-64.so.2
7ffd54b61000-7ffd54b85000 rw-p 00000000 00:00 0                          [stack]
7ffd54ba4000-7ffd54ba8000 r--p 00000000 00:00 0                          [vvar]
7ffd54ba8000-7ffd54baa000 r-xp 00000000 00:00 0                          [vdso]
ffffffffff600000-ffffffffff601000 --xp 00000000 00:00 0                  [vsyscall]


VM Arguments:
jvm_args: -XX:ThreadPriorityPolicy=1 -XX:+UnlockExperimentalVMOptions -XX:+EnableJVMCIProduct -XX:JVMCIThreadsPerNativeLibraryRuntime=1 -XX:-UnlockExperimentalVMOptions -Declipse.application=org.eclipse.jdt.ls.core.id1 -Dosgi.bundles.defaultStartLevel=4 -Declipse.product=org.eclipse.jdt.ls.core.product -Dlog.level=ALL -Xverify:none -XX:+UseParallelGC -XX:GCTimeRatio=4 -XX:AdaptiveSizePolicyWeight=90 -Dsun.zip.disableMemoryMapping=true -Xmx803m -Xms100m 
java_command: /nix/store/m6gcpi1ii6rghy04cjwjddcavv7i90df-jdt-language-server-1.9.0/share/java/plugins/org.eclipse.equinox.launcher_1.6.400.v20210924-0641.jar --add-modules=ALL-SYSTEM --add-opens java.base/java.util=ALL-UNNAMED --add-opens java.base/java.lang=ALL-UNNAMED -configuration /home/runner/.cache/jdt-language-server/config -data /home/runner/.cache/jdt-language-server/data/home/runner/java-exercises
java_class_path (initial): /nix/store/m6gcpi1ii6rghy04cjwjddcavv7i90df-jdt-language-server-1.9.0/share/java/plugins/org.eclipse.equinox.launcher_1.6.400.v20210924-0641.jar
Launcher Type: SUN_STANDARD

[Global flags]
    uintx AdaptiveSizePolicyWeight                 = 90                                        {product} {command line}
     intx CICompilerCount                          = 2                                         {product} {ergonomic}
     bool EnableJVMCIProduct                       = true                                {JVMCI product} {jimage}
    uintx GCTimeRatio                              = 4                                         {product} {command line}
   size_t InitialHeapSize                          = 104857600                                 {product} {command line}
     uint JVMCIThreadsPerNativeLibraryRuntime      = 1                                   {JVMCI product} {jimage}
   size_t MaxHeapSize                              = 843055104                                 {product} {command line, ergonomic}
   size_t MaxNewSize                               = 281018368                                 {product} {ergonomic}
   size_t MinHeapDeltaBytes                        = 524288                                    {product} {ergonomic}
   size_t MinHeapSize                              = 104857600                                 {product} {command line}
   size_t NewSize                                  = 34603008                                  {product} {ergonomic}
    uintx NonNMethodCodeHeapSize                   = 5826188                                {pd product} {ergonomic}
    uintx NonProfiledCodeHeapSize                  = 122916026                              {pd product} {ergonomic}
   size_t OldSize                                  = 70254592                                  {product} {ergonomic}
    uintx ProfiledCodeHeapSize                     = 122916026                              {pd product} {ergonomic}
    uintx ReservedCodeCacheSize                    = 251658240                              {pd product} {ergonomic}
     bool SegmentedCodeCache                       = true                                      {product} {ergonomic}
   size_t SoftMaxHeapSize                          = 843055104                              {manageable} {ergonomic}
     intx ThreadPriorityPolicy                     = 1                                         {product} {jimage}
     bool UseCompressedClassPointers               = true                           {product lp64_product} {ergonomic}
     bool UseCompressedOops                        = true                           {product lp64_product} {ergonomic}
     bool UseParallelGC                            = true                                      {product} {command line}

Logging:
Log output configuration:
 #0: stdout all=warning uptime,level,tags
 #1: stderr all=off uptime,level,tags

Environment Variables:
JAVA_HOME=/nix/store/gpxl5qgg8kicmcvivwmybwjlpf7wh20l-graalvm17-ce-22.3.0
PATH=/nix/store/1d6ian3r8kdzspw8hacjhl3xkp40g1lj-binutils-wrapper-2.39/bin:/nix/store/dq0xwmsk1g0i2ayg6pb7y87na2knzylh-gcc-wrapper-11.3.0/bin:/nix/store/bap4d0lpcrhpwmpb8ayjcgkmvfj62lnq-bash-interactive-5.1-p16/bin:/nix/store/pr5n59mb4jzmfx6kanwxly0l07p861fg-patchelf-0.15.0/bin:/nix/store/1gf2flfqnpqbr1b4p4qz2f72y42bs56r-gcc-11.3.0/bin:/nix/store/57xv61c5zi8pphjbcwxxjlgc34p61ic9-glibc-2.35-163-bin/bin:/nix/store/a7gvj343m05j2s32xcnwr35v31ynlypr-coreutils-9.1/bin:/nix/store/039g378vc3pc3dvi9dzdlrd0i4q93qwf-binutils-2.39/bin:/nix/store/gpxl5qgg8kicmcvivwmybwjlpf7wh20l-graalvm17-ce-22.3.0/bin:/nix/store/6z9ag3ihc8mq2hzsw48lhbznvzny65nz-apache-maven-3.8.6/bin:/nix/store/m6gcpi1ii6rghy04cjwjddcavv7i90df-jdt-language-server-1.9.0/bin:/nix/store/84xs5alhs01zrbr4ywm05kxbjbp5590l-java-debug/bin:/nix/store/mydc6f4k2z73xlcz7ilif3v2lcaiqvza-findutils-4.9.0/bin:/nix/store/j9p3g8472iijd50vhdprx0nmk2fqn5gv-diffutils-3.8/bin:/nix/store/89zs7rms6x00xfq4dq6m7mjnhkr8a6r4-gnused-4.8/bin:/nix/store/86bp03jkmsl6f92w0yzg4s59g5mhxwmy-gnugrep-3.7/bin:/nix/store/hwcdqw4jrjnd37wxqgsd47hd0j8bnj09-gawk-5.1.1/bin:/nix/store/cfbhw8r8ags41vwqaz47r583d0p4h4a1-gnutar-1.34/bin:/nix/store/p3m1ndl1lapwrlh698bnb5lvvxh67378-gzip-1.12/bin:/nix/store/a8mhcagrsly7c7mpjrpsnaahk4aax056-bzip2-1.0.8-bin/bin:/nix/store/mblgz65m3zv9x548a3d5m96fj2pbwr09-gnumake-4.3/bin:/nix/store/dsd5gz46hdbdk2rfdimqddhq6m8m8fqs-bash-5.1-p16/bin:/nix/store/v7ljksji50mg3w61dykaa3n3y79n6nil-patch-2.7.6/bin:/nix/store/zlcnmqq14jz5x9439jf937mvayyl63da-xz-5.2.7-bin/bin:/nix/store/y6aj732zm9m87c82fpvf103a1xb22blp-file-5.43/bin:/nix/store/sgqd0ajghcv2axfl1lad0b1alyavp0dc-prybar-elisp-0.0.0-67f7a00/bin:/nix/store/p3hsvljpgs68jqwar41lc0jqhjj734lf-prybar-lua-0.0.0-67f7a00/bin:/nix/store/qzxs2gybds3s9kb1vkaflpgm2nwr85fh-prybar-python3-0.0.0-67f7a00/bin:/nix/store/km94z9mxp8w4m8gxxp5mbfpdf3nkfvd8-prybar-sqlite-0.0.0-67f7a00/bin:/nix/store/2pnc7b76asw0z59c4l6h6qy8arwqrii1-prybar-tcl-0.0.0-67f7a00/bin:/nix/store/hpbvrlwd5viqmvcaisb3x0118i913a9n-st
LD_LIBRARY_PATH=/nix/store/a4pff549sk2idnkpzk5nsfps3mdkdnvm-cups-2.4.2-lib/lib:/nix/store/72mqxxhh3cy5yifh92wh2yb8cl2hikyy-cairo-1.16.0/lib:/nix/store/2k366jrbsra97gjfxwvrhvixjfxdach5-glib-2.74.1/lib:/nix/store/2j2znigd8ak37rlwh9khz0ry3clqlw1l-gtk+3-3.24.34/lib:/nix/store/hisqvx32cd57apbpcsnkpx6k3549wql1-libglvnd-1.4.0/lib:/nix/store/p36pgcv991mq5srvg765b78yqpxvk3qs-mesa-21.3.3-drivers/lib:/nix/store/mav4251if1ahjq5vkpwycyyvnmy459c4-pulseaudio-14.2/lib
DISPLAY=:0
LANG=en_US.UTF-8

Signal Handlers:
   SIGSEGV: crash_handler in libjvm.so, mask=11100100010111111101111111111110, flags=SA_RESTART|SA_SIGINFO
    SIGBUS: crash_handler in libjvm.so, mask=11100100010111111101111111111110, flags=SA_RESTART|SA_SIGINFO
    SIGFPE: crash_handler in libjvm.so, mask=11100100010111111101111111111110, flags=SA_RESTART|SA_SIGINFO
   SIGPIPE: IsolateEnterStub_IgnoreSIGPIPEStartupHook_noopSignalHandler_8f19bff2f35b5f630d83b364d6b2339320d4ec70_216e8361c6bc87a8f89f58cc10d3b2fd4415bf87 in libjvmcicompiler.so, mask=00000000000000000000000000000000, flags=SA_RESTART
  *** Handler was modified!
  *** Expected: javaSignalHandler in libjvm.so, mask=11100100110111111111111111111110, flags=SA_RESTART|SA_SIGINFO
   SIGXFSZ: javaSignalHandler in libjvm.so, mask=11100100010111111101111111111110, flags=SA_RESTART|SA_SIGINFO
    SIGILL: crash_handler in libjvm.so, mask=11100100010111111101111111111110, flags=SA_RESTART|SA_SIGINFO
   SIGUSR2: SR_handler in libjvm.so, mask=00000000000000000000000000000000, flags=SA_RESTART|SA_SIGINFO
    SIGHUP: UserHandler in libjvm.so, mask=11100100010111111101111111111110, flags=SA_RESTART|SA_SIGINFO
    SIGINT: UserHandler in libjvm.so, mask=11100100010111111101111111111110, flags=SA_RESTART|SA_SIGINFO
   SIGTERM: UserHandler in libjvm.so, mask=11100100010111111101111111111110, flags=SA_RESTART|SA_SIGINFO
   SIGQUIT: UserHandler in libjvm.so, mask=11100100010111111101111111111110, flags=SA_RESTART|SA_SIGINFO
  *** Handler was modified!
  *** Expected: javaSignalHandler in libjvm.so, mask=11100100110111111111111111111110, flags=SA_RESTART|SA_SIGINFO
   SIGTRAP: crash_handler in libjvm.so, mask=11100100010111111101111111111110, flags=SA_RESTART|SA_SIGINFO


---------------  S Y S T E M  ---------------

OS:
DISTRIB_ID=Ubuntu
DISTRIB_RELEASE=20.04
DISTRIB_CODENAME=focal
DISTRIB_DESCRIPTION="Ubuntu 20.04.2 LTS"
uname: Linux 5.15.0-1027-gcp #34~20.04.1-Ubuntu SMP Mon Jan 9 18:40:09 UTC 2023 x86_64
OS uptime: 0 days 21:49 hours
libc: glibc 2.35 NPTL 2.35 
rlimit (soft/hard): STACK 8192k/infinity , CORE infinity/infinity , NPROC infinity/infinity , NOFILE 20971/20971 , AS infinity/infinity , CPU infinity/infinity , DATA infinity/infinity , FSIZE infinity/infinity , MEMLOCK 64k/64k
load average: 1.92 3.62 4.68

/proc/meminfo:
MemTotal:       65850812 kB
MemFree:        24642012 kB
MemAvailable:   47678504 kB
Buffers:         2770912 kB
Cached:         18510968 kB
SwapCached:            0 kB
Active:         10167856 kB
Inactive:       26972464 kB
Active(anon):      11584 kB
Inactive(anon): 15163016 kB
Active(file):   10156272 kB
Inactive(file): 11809448 kB
Unevictable:       43320 kB
Mlocked:           43320 kB
SwapTotal:             0 kB
SwapFree:              0 kB
Dirty:              2308 kB
Writeback:             0 kB
AnonPages:      15075440 kB
Mapped:          1876532 kB
Shmem:             36300 kB
KReclaimable:    1797348 kB
Slab:            2951360 kB
SReclaimable:    1797348 kB
SUnreclaim:      1154012 kB
KernelStack:      384976 kB
PageTables:       197860 kB
NFS_Unstable:          0 kB
Bounce:                0 kB
WritebackTmp:          0 kB
CommitLimit:    32925404 kB
Committed_AS:   54891016 kB
VmallocTotal:   34359738367 kB
VmallocUsed:      418380 kB
VmallocChunk:          0 kB
Percpu:            97792 kB
HardwareCorrupted:     0 kB
AnonHugePages:    442368 kB
ShmemHugePages:        0 kB
ShmemPmdMapped:        0 kB
FileHugePages:         0 kB
FilePmdMapped:         0 kB
HugePages_Total:       0
HugePages_Free:        0
HugePages_Rsvd:        0
HugePages_Surp:        0
Hugepagesize:       2048 kB
Hugetlb:               0 kB
DirectMap4k:     4488000 kB
DirectMap2M:    34306048 kB
DirectMap1G:    30408704 kB

/sys/kernel/mm/transparent_hugepage/enabled: always [madvise] never
/sys/kernel/mm/transparent_hugepage/defrag (defrag/compaction efforts parameter): always defer defer+madvise [madvise] never

Process Memory:
Virtual Size: 5890568K (peak: 6003196K)
Resident Set Size: 906572K (peak: 1042608K) (anon: 712296K, file: 194276K, shmem: 0K)
Swapped out: 0K
C-Heap outstanding allocations: 47574K, retained: 16633K
glibc malloc tunables: (default)

/proc/sys/kernel/threads-max (system-wide limit on the number of threads): 514391
/proc/sys/vm/max_map_count (maximum number of memory map areas a process may have): 65530
/proc/sys/kernel/pid_max (system-wide limit on number of process identifiers): 4194304

container (cgroup) information:
container_type: cgroupv1
cpu_cpuset_cpus: 4-15
cpu_memory_nodes: 0
active_processor_count: 2
cpu_quota: 200000
cpu_period: 100000
cpu_shares: no shares
memory_limit_in_bytes: 3292528 k
memory_and_swap_limit_in_bytes: 3292528 k
memory_soft_limit_in_bytes: 2097152 k
memory_usage_in_bytes: 1351492 k
memory_max_usage_in_bytes: 1351624 k
maximum number of tasks: 1000
current number of tasks: 96

KVM virtualization detected
Steal ticks since vm start: 0
Steal ticks percentage since vm start:  0.000

CPU: total 16 (initial active 2) (16 cores per cpu, 2 threads per core) family 23 model 49 stepping 0 microcode 0xffffffff, cx8, cmov, fxsr, ht, mmx, 3dnowpref, sse, sse2, sse3, ssse3, sse4a, sse4.1, sse4.2, popcnt, lzcnt, tsc, tscinvbit, avx, avx2, aes, clmul, bmi1, bmi2, adx, sha, fma, vzeroupper, clflush, clflushopt, hv
CPU Model and flags from /proc/cpuinfo:
model name	: AMD EPYC 7B12
flags		: fpu vme de pse tsc msr pae mce cx8 apic sep mtrr pge mca cmov pat pse36 clflush mmx fxsr sse sse2 ht syscall nx mmxext fxsr_opt pdpe1gb rdtscp lm constant_tsc rep_good nopl nonstop_tsc cpuid extd_apicid tsc_known_freq pni pclmulqdq ssse3 fma cx16 sse4_1 sse4_2 movbe popcnt aes xsave avx f16c rdrand hypervisor lahf_lm cmp_legacy cr8_legacy abm sse4a misalignsse 3dnowprefetch osvw topoext ssbd ibrs ibpb stibp vmmcall fsgsbase tsc_adjust bmi1 avx2 smep bmi2 rdseed adx smap clflushopt clwb sha_ni xsaveopt xsavec xgetbv1 clzero xsaveerptr arat npt nrip_save umip rdpid

Online cpus: 0-15
Offline cpus: 
BIOS frequency limitation: <Not Available>
Frequency switch latency (ns): <Not Available>
Available cpu frequencies: <Not Available>
Current governor: <Not Available>
Core performance/turbo boost: <Not Available>

Memory: 4k page, physical 3292528k(1941012k free), swap 0k(0k free)
Page Sizes: 4k

vm_info: OpenJDK 64-Bit Server VM (17.0.5+8-jvmci-22.3-b08) for linux-amd64 JRE (17.0.5+8-jvmci-22.3-b08), built on Oct 19 2022 09:01:27 by "buildslave" with gcc 10.3.0

END.
