#
# A fatal error has been detected by the Java Runtime Environment:
#
#  SIGBUS (0x7) at pc=0x00007fe9e533facb, pid=212, tid=226
#
# JRE version: OpenJDK Runtime Environment GraalVM CE 22.3.0 (17.0.5+8) (build 17.0.5+8-jvmci-22.3-b08)
# Java VM: OpenJDK 64-Bit Server VM GraalVM CE 22.3.0 (17.0.5+8-jvmci-22.3-b08, mixed mode, sharing, tiered, jvmci, jvmci compiler, compressed oops, compressed class ptrs, parallel gc, linux-amd64)
# Problematic frame:
# V  [libjvm.so+0x5faacb]  Dependencies::find_unique_concrete_method(InstanceKlass*, Method*, Klass**)+0x1bb
#
# Core dump will be written. Default location: Core dumps may be processed with "/usr/share/apport/apport -p%p -s%s -c%c -d%d -P%P -u%u -g%g -- %E" (or dumping to /home/runner/java-exercises/core.212)
#
# If you would like to submit a bug report, please visit:
#   https://github.com/oracle/graal/issues
#

---------------  S U M M A R Y ------------

Command Line: -XX:ThreadPriorityPolicy=1 -XX:+UnlockExperimentalVMOptions -XX:+EnableJVMCIProduct -XX:JVMCIThreadsPerNativeLibraryRuntime=1 -XX:-UnlockExperimentalVMOptions -Declipse.application=org.eclipse.jdt.ls.core.id1 -Dosgi.bundles.defaultStartLevel=4 -Declipse.product=org.eclipse.jdt.ls.core.product -Dlog.level=ALL -Xverify:none -XX:+UseParallelGC -XX:GCTimeRatio=4 -XX:AdaptiveSizePolicyWeight=90 -Dsun.zip.disableMemoryMapping=true -Xmx803m -Xms100m /nix/store/m6gcpi1ii6rghy04cjwjddcavv7i90df-jdt-language-server-1.9.0/share/java/plugins/org.eclipse.equinox.launcher_1.6.400.v20210924-0641.jar --add-modules=ALL-SYSTEM --add-opens java.base/java.util=ALL-UNNAMED --add-opens java.base/java.lang=ALL-UNNAMED -configuration /home/runner/.cache/jdt-language-server/config -data /home/runner/.cache/jdt-language-server/data/home/runner/java-exercises

Host: AMD EPYC 7B12, 16 cores, 3G, Ubuntu 20.04.2 LTS
Time: Tue Jan 31 19:12:25 2023 UTC elapsed time: 10.158501 seconds (0d 0h 0m 10s)

---------------  T H R E A D  ---------------

Current thread (0x00007fe9e00d3300):  JavaThread "JVMCI-native CompilerThread0" daemon [_thread_in_vm, id=226, stack(0x00007fe9c4048000,0x00007fe9c4248000)]


Current CompileTask:
JVMCI-native:  10158 7332   !   4       org.eclipse.jdt.internal.core.search.indexing.BinaryIndexer::indexDocument (1144 bytes)

Stack: [0x00007fe9c4048000,0x00007fe9c4248000],  sp=0x00007fe9c4244f70,  free space=2035k
Native frames: (J=compiled Java code, j=interpreted, Vv=VM code, C=native code)
V  [libjvm.so+0x5faacb]  Dependencies::find_unique_concrete_method(InstanceKlass*, Method*, Klass**)+0x1bb
V  [libjvm.so+0x9136d0]  c2v_findUniqueConcreteMethod(JNIEnv_*, _jobject*, _jobject*, long, _jobject*, long)+0x1d0
C  [libjvmcicompiler.so+0x73a4d9]  CompilerToVM_findUniqueConcreteMethod_029a7e871d6349f67a07bb9cd16389c19642d5b9+0xe9
C  [libjvmcicompiler.so+0x73a3c8]  CompilerToVM_findUniqueConcreteMethod_fc6b54ff952ff1e79bc27db7768e1207950a5112+0x48
C  [libjvmcicompiler.so+0x77c0ac]  HotSpotResolvedJavaMethodImpl_uniqueConcreteMethod_e0428ab06d547d8efbed210c69aeb749c3a6710e+0x8c
C  [libjvmcicompiler.so+0x77ed6a]  HotSpotResolvedObjectTypeImpl_findUniqueConcreteMethod_d40d1622e9c81133d459f75f1c93e1286dfad0b3+0x16a
C  [libjvmcicompiler.so+0xcd1df6]  MethodCallTargetNode_devirtualizeCall_f2b10dac5070ae06202f6f9e94cc87d155492e54+0x126
C  [libjvmcicompiler.so+0xcd20f4]  MethodCallTargetNode_findSpecialCallTarget_d8657b77c823071485c5611a246f19fa3a170264+0xf4
C  [libjvmcicompiler.so+0xa0b396]  BytecodeParser_appendInvoke_4f25f0724eaade2a0d612030be877396a3c98ad5+0x586
C  [libjvmcicompiler.so+0xa1af8f]  BytecodeParser_genDynamicInvokeHelper_71ff143feb2a34ffce74f0fb07a3caf48ddae0b5+0x20f
C  [libjvmcicompiler.so+0xa206ff]  BytecodeParser_genInvokeVirtual_9794a0891a61ba5339f3ee34e1857913d45dcf7d+0x4f
C  [libjvmcicompiler.so+0xa20884]  BytecodeParser_genInvokeVirtual_a883f72aa99bbe29d1aea8a72f4116f9f698eb93+0x74
C  [libjvmcicompiler.so+0xa36508]  BytecodeParser_processBytecode_5a98bc1d0d020235074e8b1301f331781102c86c+0xe68
C  [libjvmcicompiler.so+0xa2fcc2]  BytecodeParser_iterateBytecodesForBlock_b8d5d46f51d55bb4173515fb87841e61b0bdf984+0x1a2
C  [libjvmcicompiler.so+0xa2ae22]  BytecodeParser_handleBytecodeBlock_4c2effa8b96463db18cbd412fa887364e29ba2f8+0x2e2
C  [libjvmcicompiler.so+0xa3524a]  BytecodeParser_processBlock_68ebe699f7b718f568476f391dfcefa62c2782d2+0x27a
C  [libjvmcicompiler.so+0xa0ea5f]  BytecodeParser_build_d4a9a54c4a80e0765d371756a8ec7f8f22ae93de+0x7df
C  [libjvmcicompiler.so+0xa0fb55]  BytecodeParser_buildRootMethod_04f84b001438887d1bcc3b543871092b31f3b430+0x1f5
C  [libjvmcicompiler.so+0xa4ce10]  GraphBuilderPhase$Instance_run_8f1851bced941061acbf52e3c034274bb619489e+0xb0
C  [libjvmcicompiler.so+0xa4d0ed]  GraphBuilderPhase_run_522435ab0b0acba06bd8f713b9d202beaf96ff26+0x18d
C  [libjvmcicompiler.so+0xa4cf23]  GraphBuilderPhase_run_8c0222d3e24d0841e00f944fbc3d887f95ee0fa3+0x43
C  [libjvmcicompiler.so+0xd2eee3]  BasePhase_apply_a7a34a5581cb5bc9dd94a67363b0d35949922111+0x783
C  [libjvmcicompiler.so+0xd362a0]  PhaseSuite_run_2f84da917c48c0b6821adf8a925570cb32c3ed8b+0x1a0
C  [libjvmcicompiler.so+0xd2eee3]  BasePhase_apply_a7a34a5581cb5bc9dd94a67363b0d35949922111+0x783
C  [libjvmcicompiler.so+0xd978fe]  InlineableGraph_parseBytecodes_a0d9d6cb72aec31770b4dba7e8ffe21bb7df494a+0x1ee
C  [libjvmcicompiler.so+0xd973b1]  InlineableGraph_constructor_a8df5ad86becdd9f8f887e9e97718b0b792b09b8+0x301
C  [libjvmcicompiler.so+0xd8eb12]  AbstractInlineInfo_populateInlinableElements_f777d4b3c15ef23074def6f3aef441622cd7a47d+0x112
C  [libjvmcicompiler.so+0xda9604]  InliningData_processNextInvoke_64a9bc47b14b993de0d6226a28df35306f7d5acb+0x164
C  [libjvmcicompiler.so+0xda8c58]  InliningData_moveForward_b7d91350e64dbb1981896e43b64db0b8c05dfe9d+0x2b8
C  [libjvmcicompiler.so+0xd81b0a]  InliningPhase_run_8d564573dbddaf9a8430502820dff164777ea734+0x19a
C  [libjvmcicompiler.so+0xd81933]  InliningPhase_run_0d2d23dda587f4023fadfdcf4bb044a5b9b7e8cd+0x43
C  [libjvmcicompiler.so+0xd2eee3]  BasePhase_apply_a7a34a5581cb5bc9dd94a67363b0d35949922111+0x783
C  [libjvmcicompiler.so+0x89f67e]  BaseTier_run_452c2cb1b8cbe93c2c1e0721e00f05de04a0754a+0x1de
C  [libjvmcicompiler.so+0xd2eee3]  BasePhase_apply_a7a34a5581cb5bc9dd94a67363b0d35949922111+0x783
C  [libjvmcicompiler.so+0x801e84]  GraalCompiler_emitFrontEnd_ca4f472adcd3262192293d187aa8b916d506307f+0x234
C  [libjvmcicompiler.so+0x8014e1]  GraalCompiler_compile_ceb52c95b6a3c674ccaed5facbfe09d5e9f54cc5+0x131
C  [libjvmcicompiler.so+0x801a1d]  GraalCompiler_compileGraph_f280e33c706d40a0afcca65e1d60adc30f56adda+0x19d
C  [libjvmcicompiler.so+0x92e7ca]  HotSpotGraalCompiler_compileHelper_c01bd275b980103513b125f179385a980b92cd51+0x30a
C  [libjvmcicompiler.so+0x92e449]  HotSpotGraalCompiler_compile_7a17b78446595c12eb0579a777f1f7499101fbec+0xf9
C  [libjvmcicompiler.so+0x901ffe]  CompilationTask$HotSpotCompilationWrapper_performCompilation_427b3010ad884e165b85b188dcc115cc72ac542f+0x24e
C  [libjvmcicompiler.so+0x901d87]  CompilationTask$HotSpotCompilationWrapper_performCompilation_26176fc97ea6d28eeb5ead39f5243f562b8f8a7a+0x17
C  [libjvmcicompiler.so+0x8007c4]  CompilationWrapper_run_d730478f4ce8f539b4955ca0a99f3c6f484bea17+0x64
C  [libjvmcicompiler.so+0x903e44]  CompilationTask_runCompilation_b757e01c868ec3e0e8fed71a764850de44da1a1b+0x1c4
C  [libjvmcicompiler.so+0x903a2f]  CompilationTask_runCompilation_d1bd90bb87908e90179175e8d6c5e780d0547ca2+0xdf
C  [libjvmcicompiler.so+0x92f0db]  HotSpotGraalCompiler_compileMethod_0ff35a48b2496422594578a94354f0ef9b35beb7+0x3ab
C  [libjvmcicompiler.so+0x92ec43]  HotSpotGraalCompiler_compileMethod_1d8dfc2fbb5478d3b7400bbb97604e7defc50a57+0xc3
C  [libjvmcicompiler.so+0x92eb57]  HotSpotGraalCompiler_compileMethod_fa2dc57660c63e427b85f2d1f6729a672f5660c9+0x17
C  [libjvmcicompiler.so+0x75f992]  HotSpotJVMCIRuntime_compileMethod_d0551eb00a95b4c222b2a67a9746353d2d54cfa9+0xe2
C  [libjvmcicompiler.so+0x2184ed]  JNIJavaCallWrapperHolder_invoke_933534d18920673463b37187ac6a37fffc051899_d7572e28f4028f5f5b18a826fd2d7af0608204fc+0x1cd
C  [libjvmcicompiler.so+0x207451]  JNIJavaCallVariantWrapperHolder_invokeJJIJIJI_J_VA_LIST_Nonvirtual_6f4000c7b26b332becfc76557b165731801a6b35+0x161
V  [libjvm.so+0x94980a]  JNIEnv_::CallNonvirtualObjectMethod(_jobject*, _jclass*, _jmethodID*, ...)+0x7a
V  [libjvm.so+0x93b25b]  JVMCIEnv::call_HotSpotJVMCIRuntime_compileMethod(JVMCIObject, JVMCIObject, int, long, int)+0x2cb
V  [libjvm.so+0x974a55]  JVMCIRuntime::compile_method(JVMCIEnv*, JVMCICompiler*, methodHandle const&, int)+0x135
V  [libjvm.so+0x5b0d20]  CompileBroker::invoke_compiler_on_method(CompileTask*)+0x1470
V  [libjvm.so+0x5b12e8]  CompileBroker::compiler_thread_loop()+0x528
V  [libjvm.so+0xd82460]  JavaThread::thread_main_inner()+0xd0
V  [libjvm.so+0xd85a40]  Thread::call_run()+0xc0
V  [libjvm.so+0xbdb1e1]  thread_native_entry(Thread*)+0xe1


siginfo: si_signo: 7 (SIGBUS), si_code: 2 (BUS_ADRERR), si_addr: 0x00007fe9e4b37750

Register to memory mapping:

RAX=0x00007fe9e4b37750 points into unknown readable memory: 0x0000000000004517 | 17 45 00 00 00 00 00 00
RBX={method} {0x00007fe9823e1848} 'addIndexEntry' '([C[C)V' in 'org/eclipse/jdt/internal/core/search/indexing/AbstractIndexer'
RCX=0x00007fe9785212d0 points into unknown readable memory: 0x6461000d47390007 | 07 00 39 47 0d 00 61 64
RDX=0x00007fe9823e0118 is pointing into metadata
RSP=0x00007fe9c4244f70 is pointing into the stack for thread: 0x00007fe9e00d3300
RBP=0x00007fe9c4245000 is pointing into the stack for thread: 0x00007fe9e00d3300
RSI=0x0000000800f1df48 is a pointer to class: 
org.eclipse.jdt.internal.core.search.indexing.AbstractIndexer {0x0000000800f1df48}
 - instance size:     2
 - klass size:        91
 - access:            public synchronized abstract 
 - state:             fully_initialized
 - name:              'org/eclipse/jdt/internal/core/search/indexing/AbstractIndexer'
 - super:             'java/lang/Object'
 - sub:               'org/eclipse/jdt/internal/core/search/indexing/BinaryIndexer'   'org/eclipse/jdt/internal/core/search/indexing/SourceIndexer'   
 - arrays:            NULL
 - methods:           Array<T>(0x00007fe9823e0a58)
 - method ordering:   Array<T>(0x0000000800928960)
 - default_methods:   Array<T>(0x0000000000000000)
 - local interfaces:  Array<T>(0x00007fe9823dffd0)
 - trans. interfaces: Array<T>(0x00007fe9823dffd0)
 - constants:         constant pool [268] {0x00007fe9823e0118} for 'org/eclipse/jdt/internal/core/search/indexing/AbstractIndexer' cache=0x00007fe9823e2618
 - class loader data:  loader data: 0x00007fe9784d0340 for instance a 'org/eclipse/osgi/internal/loader/EquinoxClassLoader'{0x00000000cde53570}
 - source file:       'AbstractIndexer.java'
 - class annotations:       Array<T>(0x0000000000000000)
 - class type annotations:  Array<T>(0x0000000000000000)
 - field annotations:       Array<T>(0x0000000000000000)
 - field type annotations:  Array<T>(0x0000000000000000)
 - inner classes:     Array<T>(0x00000008005ce7a0)
 - nest members:     Array<T>(0x00000008005ce7a0)
 - permitted subclasses:     Array<T>(0x00000008005ce7a0)
 - java mirror:       a 'java/lang/Class'{0x00000000cf918328} = 'org/eclipse/jdt/internal/core/search/indexing/AbstractIndexer'
 - vtable length      30  (start addr: 0x0000000800f1e118)
 - itable length      2 (start addr: 0x0000000800f1e208)
 - ---- static fields (0 words):
 - ---- non-static fields (1 words):
 - 'document' 'Lorg/eclipse/jdt/core/search/SearchDocument;' @12 
 - non-static oop maps: 12-12 
RDI={method} {0x00007fe9823e1848} 'addIndexEntry' '([C[C)V' in 'org/eclipse/jdt/internal/core/search/indexing/AbstractIndexer'
R8 =0x0 is NULL
R9 ={method} {0x00007fe9823e1848} 'addIndexEntry' '([C[C)V' in 'org/eclipse/jdt/internal/core/search/indexing/AbstractIndexer'
R10=0x00007fe9e5658500: <offset 0x0000000000913500> in /nix/store/gpxl5qgg8kicmcvivwmybwjlpf7wh20l-graalvm17-ce-22.3.0/lib/server/libjvm.so at 0x00007fe9e4d45000
R11=0x0000000000000018 is an unknown value
R12=0x00007fe9e00d18b0 points into unknown readable memory: 0x0000000700000006 | 06 00 00 00 07 00 00 00
R13=0x0000000800f1df48 is a pointer to class: 
org.eclipse.jdt.internal.core.search.indexing.AbstractIndexer {0x0000000800f1df48}
 - instance size:     2
 - klass size:        91
 - access:            public synchronized abstract 
 - state:             fully_initialized
 - name:              'org/eclipse/jdt/internal/core/search/indexing/AbstractIndexer'
 - super:             'java/lang/Object'
 - sub:               'org/eclipse/jdt/internal/core/search/indexing/BinaryIndexer'   'org/eclipse/jdt/internal/core/search/indexing/SourceIndexer'   
 - arrays:            NULL
 - methods:           Array<T>(0x00007fe9823e0a58)
 - method ordering:   Array<T>(0x0000000800928960)
 - default_methods:   Array<T>(0x0000000000000000)
 - local interfaces:  Array<T>(0x00007fe9823dffd0)
 - trans. interfaces: Array<T>(0x00007fe9823dffd0)
 - constants:         constant pool [268] {0x00007fe9823e0118} for 'org/eclipse/jdt/internal/core/search/indexing/AbstractIndexer' cache=0x00007fe9823e2618
 - class loader data:  loader data: 0x00007fe9784d0340 for instance a 'org/eclipse/osgi/internal/loader/EquinoxClassLoader'{0x00000000cde53570}
 - source file:       'AbstractIndexer.java'
 - class annotations:       Array<T>(0x0000000000000000)
 - class type annotations:  Array<T>(0x0000000000000000)
 - field annotations:       Array<T>(0x0000000000000000)
 - field type annotations:  Array<T>(0x0000000000000000)
 - inner classes:     Array<T>(0x00000008005ce7a0)
 - nest members:     Array<T>(0x00000008005ce7a0)
 - permitted subclasses:     Array<T>(0x00000008005ce7a0)
 - java mirror:       a 'java/lang/Class'{0x00000000cf918328} = 'org/eclipse/jdt/internal/core/search/indexing/AbstractIndexer'
 - vtable length      30  (start addr: 0x0000000800f1e118)
 - itable length      2 (start addr: 0x0000000800f1e208)
 - ---- static fields (0 words):
 - ---- non-static fields (1 words):
 - 'document' 'Lorg/eclipse/jdt/core/search/SearchDocument;' @12 
 - non-static oop maps: 12-12 
R14=0x0 is NULL
R15=0x00007fe9c4245070 is pointing into the stack for thread: 0x00007fe9e00d3300


Registers:
RAX=0x00007fe9e4b37750, RBX=0x00007fe9823e1848, RCX=0x00007fe9785212d0, RDX=0x00007fe9823e0118
RSP=0x00007fe9c4244f70, RBP=0x00007fe9c4245000, RSI=0x0000000800f1df48, RDI=0x00007fe9823e1848
R8 =0x0000000000000000, R9 =0x00007fe9823e1848, R10=0x00007fe9e5658500, R11=0x0000000000000018
R12=0x00007fe9e00d18b0, R13=0x0000000800f1df48, R14=0x0000000000000000, R15=0x00007fe9c4245070
RIP=0x00007fe9e533facb, EFLAGS=0x0000000000010202, CSGSFS=0x002b000000000033, ERR=0x0000000000000007
  TRAPNO=0x000000000000000e

Top of Stack: (sp=0x00007fe9c4244f70)
0x00007fe9c4244f70:   00007fe9e5e61a58 00007fe900000001
0x00007fe9c4244f80:   0000000000000000 0000000000000000
0x00007fe9c4244f90:   0000000000000000 0000000000000000
0x00007fe9c4244fa0:   00007fe900000000 00007fe9785212d0 

Instructions: (pc=0x00007fe9e533facb)
0x00007fe9e533f9cb:   ff 01 00 00 00 41 f6 85 a5 00 00 00 02 0f 85 8a
0x00007fe9e533f9db:   01 00 00 48 8d 05 2b 38 bd 00 80 38 00 0f 85 d2
0x00007fe9e533f9eb:   00 00 00 48 8d bd 70 ff ff ff e8 c6 d6 ff ff 48
0x00007fe9e533f9fb:   85 c0 0f 85 a5 00 00 00 4c 8b 65 b8 4d 85 e4 0f
0x00007fe9e533fa0b:   84 c8 00 00 00 49 8b 44 24 08 8b 4d a0 48 8b 55
0x00007fe9e533fa1b:   80 48 8b 70 08 85 c9 b8 00 00 00 00 48 0f 45 c2
0x00007fe9e533fa2b:   48 39 46 18 0f 85 a3 00 00 00 4d 85 f6 74 0e 85
0x00007fe9e533fa3b:   c9 b8 00 00 00 00 48 0f 44 d0 49 89 16 41 f7 44
0x00007fe9e533fa4b:   24 28 08 04 00 00 0f 84 a9 00 00 00 48 85 db 74
0x00007fe9e533fa5b:   4c f7 43 28 08 04 00 00 75 43 48 8b 43 08 f6 40
0x00007fe9e533fa6b:   1c 40 74 0f 4d 85 ed 74 0a 41 f6 85 a5 00 00 00
0x00007fe9e533fa7b:   04 75 2a 49 89 dc eb 28 48 8b 43 08 f6 40 1c 40
0x00007fe9e533fa8b:   74 13 4d 85 ed 74 0e 41 f6 85 a5 00 00 00 04 0f
0x00007fe9e533fa9b:   85 02 01 00 00 4c 39 e3 74 06 0f 1f 00 45 31 e4
0x00007fe9e533faab:   48 83 c4 70 4c 89 e0 5b 41 5c 41 5d 41 5e 5d c3
0x00007fe9e533fabb:   0f 1f 44 00 00 48 8b 05 b9 e5 c0 00 48 8b 40 28
0x00007fe9e533facb:   48 83 00 01 e9 1a ff ff ff 0f 1f 40 00 4d 85 f6
0x00007fe9e533fadb:   0f 84 76 ff ff ff 8b 45 a0 85 c0 0f 84 aa 00 00
0x00007fe9e533faeb:   00 48 8b 45 80 49 89 06 e9 5f ff ff ff 0f 1f 84
0x00007fe9e533fafb:   00 00 00 00 00 48 85 db 74 10 8b 43 28 a8 08 75
0x00007fe9e533fb0b:   09 f6 c4 04 0f 84 6e ff ff ff 4c 89 e6 4c 89 ef
0x00007fe9e533fb1b:   e8 30 d2 ff ff 48 85 c0 75 83 8b 43 28 a8 01 0f
0x00007fe9e533fb2b:   85 7b ff ff ff a8 04 0f 85 73 ff ff ff 49 8b 44
0x00007fe9e533fb3b:   24 08 48 8b 40 08 48 8b 70 18 48 8b 43 08 48 8b
0x00007fe9e533fb4b:   40 08 48 8b 78 18 e8 fa 87 1d 00 84 c0 0f 84 4a
0x00007fe9e533fb5b:   ff ff ff e9 48 ff ff ff 0f 1f 44 00 00 4c 89 ef
0x00007fe9e533fb6b:   e8 80 5a 1d 00 89 c2 85 c0 0f 84 89 fe ff ff 4c
0x00007fe9e533fb7b:   89 e8 83 fa 01 0f 85 74 fe ff ff 4c 89 ef e8 b2
0x00007fe9e533fb8b:   59 1d 00 48 89 c6 e9 48 fe ff ff 49 c7 06 00 00
0x00007fe9e533fb9b:   00 00 e9 b5 fe ff ff 4d 85 e4 0f 85 6a ff ff ff
0x00007fe9e533fbab:   e9 f8 fe ff ff 80 ba 3b 01 00 00 01 0f 86 fb 01
0x00007fe9e533fbbb:   00 00 55 48 89 e5 41 57 41 56 41 55 41 54 49 89 


Stack slot to memory mapping:
stack at sp + 0 slots: 0x00007fe9e5e61a58: <offset 0x000000000111ca58> in /nix/store/gpxl5qgg8kicmcvivwmybwjlpf7wh20l-graalvm17-ce-22.3.0/lib/server/libjvm.so at 0x00007fe9e4d45000
stack at sp + 1 slots: 0x00007fe900000001 is an unknown value
stack at sp + 2 slots: 0x0 is NULL
stack at sp + 3 slots: 0x0 is NULL
stack at sp + 4 slots: 0x0 is NULL
stack at sp + 5 slots: 0x0 is NULL
stack at sp + 6 slots: 0x00007fe900000000 is an unknown value
stack at sp + 7 slots: 0x00007fe9785212d0 points into unknown readable memory: 0x6461000d47390007 | 07 00 39 47 0d 00 61 64


---------------  P R O C E S S  ---------------

Threads class SMR info:
_java_thread_list=0x00007fe964000b70, length=29, elements={
0x00007fe9e0026690, 0x00007fe9e00c75f0, 0x00007fe9e00c8a30, 0x00007fe9e00cf170,
0x00007fe9e00d0520, 0x00007fe9e00d1910, 0x00007fe9e00d3300, 0x00007fe9e00d4810,
0x00007fe9e00d5c60, 0x00007fe9e0108ce0, 0x00007fe9e0150e70, 0x00007fe9e0281320,
0x00007fe9e03570e0, 0x00007fe9e0391a70, 0x00007fe9e03a2500, 0x00007fe97802be20,
0x00007fe9783fdc40, 0x00007fe97847f210, 0x00007fe95c0010d0, 0x00007fe978625010,
0x00007fe95c0080e0, 0x00007fe97875d4c0, 0x00007fe9e03a9940, 0x00007fe9e0453a40,
0x00007fe95c149320, 0x00007fe948000ff0, 0x00007fe9580563a0, 0x00007fe9440d02a0,
0x00007fe96009b890
}

Java Threads: ( => current thread )
  0x00007fe9e0026690 JavaThread "main" [_thread_blocked, id=218, stack(0x00007fe9e4b60000,0x00007fe9e4c60000)]
  0x00007fe9e00c75f0 JavaThread "Reference Handler" daemon [_thread_blocked, id=221, stack(0x00007fe9c492e000,0x00007fe9c4a2e000)]
  0x00007fe9e00c8a30 JavaThread "Finalizer" daemon [_thread_blocked, id=222, stack(0x00007fe9c482e000,0x00007fe9c492e000)]
  0x00007fe9e00cf170 JavaThread "Signal Dispatcher" daemon [_thread_blocked, id=223, stack(0x00007fe9c4448000,0x00007fe9c4548000)]
  0x00007fe9e00d0520 JavaThread "Service Thread" daemon [_thread_blocked, id=224, stack(0x00007fe9c4348000,0x00007fe9c4448000)]
  0x00007fe9e00d1910 JavaThread "Monitor Deflation Thread" daemon [_thread_blocked, id=225, stack(0x00007fe9c4248000,0x00007fe9c4348000)]
=>0x00007fe9e00d3300 JavaThread "JVMCI-native CompilerThread0" daemon [_thread_in_vm, id=226, stack(0x00007fe9c4048000,0x00007fe9c4248000)]
  0x00007fe9e00d4810 JavaThread "C1 CompilerThread0" daemon [_thread_blocked, id=227, stack(0x00007fe9a7e00000,0x00007fe9a8000000)]
  0x00007fe9e00d5c60 JavaThread "Sweeper thread" daemon [_thread_blocked, id=228, stack(0x00007fe9a7d00000,0x00007fe9a7e00000)]
  0x00007fe9e0108ce0 JavaThread "Common-Cleaner" daemon [_thread_blocked, id=229, stack(0x00007fe9a7c00000,0x00007fe9a7d00000)]
  0x00007fe9e0150e70 JavaThread "Notification Thread" daemon [_thread_blocked, id=230, stack(0x00007fe9a7b00000,0x00007fe9a7c00000)]
  0x00007fe9e0281320 JavaThread "process reaper" daemon [_thread_blocked, id=234, stack(0x00007fe9e405f000,0x00007fe9e4081000)]
  0x00007fe9e03570e0 JavaThread "Active Thread: Equinox Container: f96a1e62-9fe2-440e-a542-69d7572da703" [_thread_blocked, id=235, stack(0x00007fe9a4300000,0x00007fe9a4400000)]
  0x00007fe9e0391a70 JavaThread "Framework Event Dispatcher: Equinox Container: f96a1e62-9fe2-440e-a542-69d7572da703" daemon [_thread_blocked, id=236, stack(0x00007fe9a4100000,0x00007fe9a4200000)]
  0x00007fe9e03a2500 JavaThread "Start Level: Equinox Container: f96a1e62-9fe2-440e-a542-69d7572da703" daemon [_thread_blocked, id=237, stack(0x00007fe98bf00000,0x00007fe98c000000)]
  0x00007fe97802be20 JavaThread "SCR Component Actor" daemon [_thread_blocked, id=239, stack(0x00007fe98bd00000,0x00007fe98be00000)]
  0x00007fe9783fdc40 JavaThread "Worker-JM" [_thread_blocked, id=241, stack(0x00007fe98b900000,0x00007fe98ba00000)]
  0x00007fe97847f210 JavaThread "Worker-0: Java indexing... " [_thread_blocked, id=242, stack(0x00007fe98b700000,0x00007fe98b800000)]
  0x00007fe95c0010d0 JavaThread "Worker-1" [_thread_blocked, id=243, stack(0x00007fe98b500000,0x00007fe98b600000)]
  0x00007fe978625010 JavaThread "Java indexing" daemon [_thread_in_vm, id=244, stack(0x00007fe98b300000,0x00007fe98b400000)]
  0x00007fe95c0080e0 JavaThread "Worker-2" [_thread_blocked, id=245, stack(0x00007fe98b100000,0x00007fe98b200000)]
  0x00007fe97875d4c0 JavaThread "Bundle File Closer" daemon [_thread_blocked, id=246, stack(0x00007fe98adfe000,0x00007fe98aefe000)]
  0x00007fe9e03a9940 JavaThread "pool-3-thread-1" [_thread_blocked, id=248, stack(0x00007fe98ab00000,0x00007fe98ac00000)]
  0x00007fe9e0453a40 JavaThread "pool-2-thread-1" [_thread_in_native, id=249, stack(0x00007fe98a900000,0x00007fe98aa00000)]
  0x00007fe95c149320 JavaThread "Worker-3" [_thread_blocked, id=250, stack(0x00007fe98a700000,0x00007fe98a800000)]
  0x00007fe948000ff0 JavaThread "Worker-4" [_thread_blocked, id=251, stack(0x00007fe98a500000,0x00007fe98a600000)]
  0x00007fe9580563a0 JavaThread "Worker-5" [_thread_blocked, id=252, stack(0x00007fe98a300000,0x00007fe98a400000)]
  0x00007fe9440d02a0 JavaThread "Thread-2" [_thread_blocked, id=257, stack(0x00007fe989d00000,0x00007fe989e00000)]
  0x00007fe96009b890 JavaThread "ForkJoinPool.commonPool-worker-1" daemon [_thread_blocked, id=259, stack(0x00007fe98a100000,0x00007fe98a200000)]

Other Threads:
  0x00007fe9e00c2d30 VMThread "VM Thread" [stack: 0x00007fe9c4a30000,0x00007fe9c4b30000] [id=220]
  0x00007fe9e0152810 WatcherThread [stack: 0x00007fe9a7a00000,0x00007fe9a7b00000] [id=231]
  0x00007fe9e003df30 GCTaskThread "GC Thread#0" [stack: 0x00007fe9e4691000,0x00007fe9e4791000] [id=219]
  0x00007fe9b8001290 GCTaskThread "GC Thread#1" [stack: 0x00007fe98af00000,0x00007fe98b000000] [id=238]

Threads with active compile tasks:
JVMCI-native CompilerThread0    10212 7332   !   4       org.eclipse.jdt.internal.core.search.indexing.BinaryIndexer::indexDocument (1144 bytes)

VM state: not at safepoint (normal execution)

VM Mutex/Monitor currently owned by a thread:  ([mutex/lock_event])
[0x00007fe9e0024790] Compile_lock - owner thread: 0x00007fe9e00d3300

Heap address: 0x00000000cdc00000, size: 804 MB, Compressed Oops mode: 32-bit

CDS archive(s) mapped at: [0x0000000800000000-0x0000000800bc8000-0x0000000800bc8000), size 12353536, SharedBaseAddress: 0x0000000800000000, ArchiveRelocationMode: 0.
Compressed class space mapped at: 0x0000000800c00000-0x0000000840c00000, reserved size: 1073741824
Narrow klass base: 0x0000000800000000, Narrow klass shift: 0, Narrow klass range: 0x100000000

GC Precious Log:
 CPUs: 16 total, 2 available
 Memory: 3215M
 Large Page Support: Disabled
 NUMA Support: Disabled
 Compressed Oops: Enabled (32-bit)
 Alignments: Space 512K, Generation 512K, Heap 2M
 Heap Min Capacity: 100M
 Heap Initial Capacity: 100M
 Heap Max Capacity: 804M
 Pre-touch: Disabled
 Parallel Workers: 2

Heap:
 PSYoungGen      total 40448K, used 12405K [0x00000000ef400000, 0x00000000f2d80000, 0x0000000100000000)
  eden space 29696K, 6% used [0x00000000ef400000,0x00000000ef607330,0x00000000f1100000)
  from space 10752K, 96% used [0x00000000f2300000,0x00000000f2d161b0,0x00000000f2d80000)
  to   space 12800K, 0% used [0x00000000f1480000,0x00000000f1480000,0x00000000f2100000)
 ParOldGen       total 359936K, used 342750K [0x00000000cdc00000, 0x00000000e3b80000, 0x00000000ef400000)
  object space 359936K, 95% used [0x00000000cdc00000,0x00000000e2ab7838,0x00000000e3b80000)
 Metaspace       used 49555K, committed 50368K, reserved 1097728K
  class space    used 4776K, committed 5120K, reserved 1048576K

Card table byte_map: [0x00007fe9e4791000,0x00007fe9e4924000] _byte_map_base: 0x00007fe9e4123000

Marking Bits: (ParMarkBitMap*) 0x00007fe9e5f734c0
 Begin Bits: [0x00007fe9c5b93000, 0x00007fe9c6823000)
 End Bits:   [0x00007fe9c6823000, 0x00007fe9c74b3000)

Polling page: 0x00007fe9e4b3d000

Metaspace:

Usage:
  Non-class:     43.73 MB used.
      Class:      4.66 MB used.
       Both:     48.39 MB used.

Virtual space:
  Non-class space:       48.00 MB reserved,      44.19 MB ( 92%) committed,  6 nodes.
      Class space:        1.00 GB reserved,       5.00 MB ( <1%) committed,  1 nodes.
             Both:        1.05 GB reserved,      49.19 MB (  5%) committed. 

Chunk freelists:
   Non-Class:  3.64 MB
       Class:  3.04 MB
        Both:  6.68 MB

MaxMetaspaceSize: unlimited
CompressedClassSpaceSize: 1.00 GB
Initial GC threshold: 21.00 MB
Current GC threshold: 81.88 MB
CDS: on
MetaspaceReclaimPolicy: balanced
 - commit_granule_bytes: 65536.
 - commit_granule_words: 8192.
 - virtual_space_node_default_size: 1048576.
 - enlarge_chunks_in_place: 1.
 - new_chunks_are_fully_committed: 0.
 - uncommit_free_chunks: 1.
 - use_allocation_guard: 0.
 - handle_deallocations: 1.


Internal statistics:

num_allocs_failed_limit: 6.
num_arena_births: 352.
num_arena_deaths: 0.
num_vsnodes_births: 7.
num_vsnodes_deaths: 0.
num_space_committed: 786.
num_space_uncommitted: 0.
num_chunks_returned_to_freelist: 6.
num_chunks_taken_from_freelist: 2371.
num_chunk_merges: 6.
num_chunk_splits: 1562.
num_chunks_enlarged: 982.
num_purges: 0.
num_inconsistent_stats: 0.

CodeHeap 'non-profiled nmethods': size=120036Kb used=2199Kb max_used=2199Kb free=117836Kb
 bounds [0x00007fe9cef7a000, 0x00007fe9cf1ea000, 0x00007fe9d64b3000]
CodeHeap 'profiled nmethods': size=120032Kb used=11353Kb max_used=14252Kb free=108679Kb
 bounds [0x00007fe9c7a42000, 0x00007fe9c8832000, 0x00007fe9cef7a000]
CodeHeap 'non-nmethods': size=5692Kb used=1332Kb max_used=1355Kb free=4359Kb
 bounds [0x00007fe9c74b3000, 0x00007fe9c7723000, 0x00007fe9c7a42000]
 total_blobs=6133 nmethods=5476 adapters=571
 compilation: enabled
              stopped_count=0, restarted_count=0
 full_count=0

JVMCI Events (20 events):
Event: 9.709 Thread 0x00007fe9e00d3300 compacted oop handles in JVMCI runtime 0 from 202 to 197
Event: 9.715 Thread 0x00007fe9e00d3300 compacted oop handles in JVMCI runtime 0 from 204 to 198
Event: 9.733 Thread 0x00007fe9e00d3300 compacted oop handles in JVMCI runtime 0 from 248 to 238
Event: 9.738 Thread 0x00007fe9e00d3300 compacted oop handles in JVMCI runtime 0 from 249 to 247
Event: 9.746 Thread 0x00007fe9e00d3300 compacted oop handles in JVMCI runtime 0 from 252 to 249
Event: 9.748 Thread 0x00007fe9e00d3300 compacted oop handles in JVMCI runtime 0 from 250 to 249
Event: 9.749 Thread 0x00007fe9e00d3300 compacted oop handles in JVMCI runtime 0 from 252 to 249
Event: 9.763 Thread 0x00007fe9e00d3300 compacted oop handles in JVMCI runtime 0 from 251 to 78
Event: 9.803 Thread 0x00007fe9e00d3300 compacted oop handles in JVMCI runtime 0 from 93 to 90
Event: 9.833 Thread 0x00007fe9e00d3300 compacted oop handles in JVMCI runtime 0 from 104 to 98
Event: 9.833 Thread 0x00007fe9e00d3300 compacted oop handles in JVMCI runtime 0 from 98 to 85
Event: 9.850 Thread 0x00007fe9e00d3300 compacted oop handles in JVMCI runtime 0 from 103 to 95
Event: 9.861 Thread 0x00007fe9e00d3300 compacted oop handles in JVMCI runtime 0 from 135 to 129
Event: 9.871 Thread 0x00007fe9e00d3300 compacted oop handles in JVMCI runtime 0 from 136 to 130
Event: 9.871 Thread 0x00007fe9e00d3300 compacted oop handles in JVMCI runtime 0 from 131 to 109
Event: 9.876 Thread 0x00007fe9e00d3300 compacted oop handles in JVMCI runtime 0 from 145 to 139
Event: 9.884 Thread 0x00007fe9e00d3300 compacted oop handles in JVMCI runtime 0 from 168 to 164
Event: 9.890 Thread 0x00007fe9e00d3300 compacted oop handles in JVMCI runtime 0 from 178 to 170
Event: 9.991 Thread 0x00007fe9e00d3300 compacted oop handles in JVMCI runtime 0 from 207 to 185
Event: 9.991 Thread 0x00007fe9e00d3300 compacted oop handles in JVMCI runtime 0 from 186 to 118

Compilation events (20 events):
Event: 9.892 Thread 0x00007fe9e00d3300 nmethod 6157 0x00007fe9cf19e090 code [0x00007fe9cf19e200, 0x00007fe9cf19e270]
Event: 9.951 Thread 0x00007fe9e00d3300 7328       4       org.eclipse.jdt.internal.compiler.classfmt.AnnotationInfo::decodeDefaultValue (902 bytes)
Event: 9.956 Thread 0x00007fe9e00d4810 7329       3       org.eclipse.jdt.internal.core.search.indexing.AbstractIndexer::addAnnotationTypeDeclaration (51 bytes)
Event: 9.957 Thread 0x00007fe9e00d4810 nmethod 7329 0x00007fe9c7c13690 code [0x00007fe9c7c138c0, 0x00007fe9c7c145d0]
Event: 9.958 Thread 0x00007fe9e00d4810 7331       3       org.eclipse.jdt.internal.core.search.indexing.BinaryIndexer::indexPackageVisibilityDirective (115 bytes)
Event: 9.958 Thread 0x00007fe9e00d4810 nmethod 7331 0x00007fe9c8612610 code [0x00007fe9c8612840, 0x00007fe9c8613840]
Event: 9.991 Thread 0x00007fe9e00d3300 nmethod 7328 0x00007fe9cf19e390 code [0x00007fe9cf19e600, 0x00007fe9cf19f598]
Event: 9.991 Thread 0x00007fe9e00d3300 7332   !   4       org.eclipse.jdt.internal.core.search.indexing.BinaryIndexer::indexDocument (1144 bytes)
Event: 10.108 Thread 0x00007fe9e00d4810 7340 %     3       org.eclipse.jdt.internal.core.index.DiskIndex::computeDocumentNames @ 98 (599 bytes)
Event: 10.110 Thread 0x00007fe9e00d4810 nmethod 7340% 0x00007fe9c87a1310 code [0x00007fe9c87a1760, 0x00007fe9c87a4840]
Event: 10.110 Thread 0x00007fe9e00d4810 7341       3       org.eclipse.jdt.internal.core.index.DiskIndex::computeDocumentNames (599 bytes)
Event: 10.112 Thread 0x00007fe9e00d4810 nmethod 7341 0x00007fe9c877a010 code [0x00007fe9c877a440, 0x00007fe9c877d320]
Event: 10.116 Thread 0x00007fe9e00d4810 7342       2       org.eclipse.jdt.internal.core.util.Util::quickSort (107 bytes)
Event: 10.116 Thread 0x00007fe9e00d4810 nmethod 7342 0x00007fe9c7b48d10 code [0x00007fe9c7b48f00, 0x00007fe9c7b49450]
Event: 10.116 Thread 0x00007fe9e00d4810 7343 %     3       org.eclipse.jdt.internal.core.util.Util::quickSort @ 36 (107 bytes)
Event: 10.117 Thread 0x00007fe9e00d4810 nmethod 7343% 0x00007fe9c8351990 code [0x00007fe9c8351bc0, 0x00007fe9c8352810]
Event: 10.117 Thread 0x00007fe9e00d4810 7344       3       org.eclipse.jdt.internal.core.util.Util::quickSort (107 bytes)
Event: 10.118 Thread 0x00007fe9e00d4810 nmethod 7344 0x00007fe9c7f05c10 code [0x00007fe9c7f05e40, 0x00007fe9c7f06950]
Event: 10.118 Thread 0x00007fe9e00d4810 7345 %     3       org.eclipse.jdt.internal.core.util.Util::quickSort @ 19 (107 bytes)
Event: 10.118 Thread 0x00007fe9e00d4810 nmethod 7345% 0x00007fe9c85ca090 code [0x00007fe9c85ca2c0, 0x00007fe9c85caef0]

GC Heap History (20 events):
Event: 9.347 GC heap before
{Heap before GC invocations=68 (full 7):
 PSYoungGen      total 54272K, used 41472K [0x00000000ef400000, 0x00000000f3580000, 0x0000000100000000)
  eden space 41472K, 100% used [0x00000000ef400000,0x00000000f1c80000,0x00000000f1c80000)
  from space 12800K, 0% used [0x00000000f2900000,0x00000000f2900000,0x00000000f3580000)
  to   space 12800K, 0% used [0x00000000f1c80000,0x00000000f1c80000,0x00000000f2900000)
 ParOldGen       total 359936K, used 261230K [0x00000000cdc00000, 0x00000000e3b80000, 0x00000000ef400000)
  object space 359936K, 72% used [0x00000000cdc00000,0x00000000ddb1b820,0x00000000e3b80000)
 Metaspace       used 49547K, committed 50368K, reserved 1097728K
  class space    used 4776K, committed 5120K, reserved 1048576K
}
Event: 9.354 GC heap after
{Heap after GC invocations=68 (full 7):
 PSYoungGen      total 54272K, used 9593K [0x00000000ef400000, 0x00000000f3480000, 0x0000000100000000)
  eden space 41472K, 0% used [0x00000000ef400000,0x00000000ef400000,0x00000000f1c80000)
  from space 12800K, 74% used [0x00000000f1c80000,0x00000000f25de710,0x00000000f2900000)
  to   space 10240K, 0% used [0x00000000f2a80000,0x00000000f2a80000,0x00000000f3480000)
 ParOldGen       total 359936K, used 261230K [0x00000000cdc00000, 0x00000000e3b80000, 0x00000000ef400000)
  object space 359936K, 72% used [0x00000000cdc00000,0x00000000ddb1b820,0x00000000e3b80000)
 Metaspace       used 49547K, committed 50368K, reserved 1097728K
  class space    used 4776K, committed 5120K, reserved 1048576K
}
Event: 9.448 GC heap before
{Heap before GC invocations=69 (full 7):
 PSYoungGen      total 54272K, used 51065K [0x00000000ef400000, 0x00000000f3480000, 0x0000000100000000)
  eden space 41472K, 100% used [0x00000000ef400000,0x00000000f1c80000,0x00000000f1c80000)
  from space 12800K, 74% used [0x00000000f1c80000,0x00000000f25de710,0x00000000f2900000)
  to   space 10240K, 0% used [0x00000000f2a80000,0x00000000f2a80000,0x00000000f3480000)
 ParOldGen       total 359936K, used 261230K [0x00000000cdc00000, 0x00000000e3b80000, 0x00000000ef400000)
  object space 359936K, 72% used [0x00000000cdc00000,0x00000000ddb1b820,0x00000000e3b80000)
 Metaspace       used 49548K, committed 50368K, reserved 1097728K
  class space    used 4776K, committed 5120K, reserved 1048576K
}
Event: 9.461 GC heap after
{Heap after GC invocations=69 (full 7):
 PSYoungGen      total 45056K, used 10231K [0x00000000ef400000, 0x00000000f4980000, 0x0000000100000000)
  eden space 34816K, 0% used [0x00000000ef400000,0x00000000ef400000,0x00000000f1600000)
  from space 10240K, 99% used [0x00000000f2a80000,0x00000000f347dda8,0x00000000f3480000)
  to   space 20992K, 0% used [0x00000000f1600000,0x00000000f1600000,0x00000000f2a80000)
 ParOldGen       total 359936K, used 270171K [0x00000000cdc00000, 0x00000000e3b80000, 0x00000000ef400000)
  object space 359936K, 75% used [0x00000000cdc00000,0x00000000de3d6de8,0x00000000e3b80000)
 Metaspace       used 49548K, committed 50368K, reserved 1097728K
  class space    used 4776K, committed 5120K, reserved 1048576K
}
Event: 9.527 GC heap before
{Heap before GC invocations=70 (full 7):
 PSYoungGen      total 45056K, used 45047K [0x00000000ef400000, 0x00000000f4980000, 0x0000000100000000)
  eden space 34816K, 100% used [0x00000000ef400000,0x00000000f1600000,0x00000000f1600000)
  from space 10240K, 99% used [0x00000000f2a80000,0x00000000f347dda8,0x00000000f3480000)
  to   space 20992K, 0% used [0x00000000f1600000,0x00000000f1600000,0x00000000f2a80000)
 ParOldGen       total 359936K, used 270171K [0x00000000cdc00000, 0x00000000e3b80000, 0x00000000ef400000)
  object space 359936K, 75% used [0x00000000cdc00000,0x00000000de3d6de8,0x00000000e3b80000)
 Metaspace       used 49548K, committed 50368K, reserved 1097728K
  class space    used 4776K, committed 5120K, reserved 1048576K
}
Event: 9.538 GC heap after
{Heap after GC invocations=70 (full 7):
 PSYoungGen      total 48128K, used 13167K [0x00000000ef400000, 0x00000000f3700000, 0x0000000100000000)
  eden space 34816K, 0% used [0x00000000ef400000,0x00000000ef400000,0x00000000f1600000)
  from space 13312K, 98% used [0x00000000f1600000,0x00000000f22dbfb8,0x00000000f2300000)
  to   space 15360K, 0% used [0x00000000f2800000,0x00000000f2800000,0x00000000f3700000)
 ParOldGen       total 359936K, used 275009K [0x00000000cdc00000, 0x00000000e3b80000, 0x00000000ef400000)
  object space 359936K, 76% used [0x00000000cdc00000,0x00000000de890708,0x00000000e3b80000)
 Metaspace       used 49548K, committed 50368K, reserved 1097728K
  class space    used 4776K, committed 5120K, reserved 1048576K
}
Event: 9.598 GC heap before
{Heap before GC invocations=71 (full 7):
 PSYoungGen      total 48128K, used 47983K [0x00000000ef400000, 0x00000000f3700000, 0x0000000100000000)
  eden space 34816K, 100% used [0x00000000ef400000,0x00000000f1600000,0x00000000f1600000)
  from space 13312K, 98% used [0x00000000f1600000,0x00000000f22dbfb8,0x00000000f2300000)
  to   space 15360K, 0% used [0x00000000f2800000,0x00000000f2800000,0x00000000f3700000)
 ParOldGen       total 359936K, used 275009K [0x00000000cdc00000, 0x00000000e3b80000, 0x00000000ef400000)
  object space 359936K, 76% used [0x00000000cdc00000,0x00000000de890708,0x00000000e3b80000)
 Metaspace       used 49548K, committed 50368K, reserved 1097728K
  class space    used 4776K, committed 5120K, reserved 1048576K
}
Event: 9.609 GC heap after
{Heap after GC invocations=71 (full 7):
 PSYoungGen      total 46080K, used 15341K [0x00000000ef400000, 0x00000000f4580000, 0x0000000100000000)
  eden space 30720K, 0% used [0x00000000ef400000,0x00000000ef400000,0x00000000f1200000)
  from space 15360K, 99% used [0x00000000f2800000,0x00000000f36fb648,0x00000000f3700000)
  to   space 22528K, 0% used [0x00000000f1200000,0x00000000f1200000,0x00000000f2800000)
 ParOldGen       total 359936K, used 280546K [0x00000000cdc00000, 0x00000000e3b80000, 0x00000000ef400000)
  object space 359936K, 77% used [0x00000000cdc00000,0x00000000dedf8b58,0x00000000e3b80000)
 Metaspace       used 49548K, committed 50368K, reserved 1097728K
  class space    used 4776K, committed 5120K, reserved 1048576K
}
Event: 9.671 GC heap before
{Heap before GC invocations=72 (full 7):
 PSYoungGen      total 46080K, used 46061K [0x00000000ef400000, 0x00000000f4580000, 0x0000000100000000)
  eden space 30720K, 100% used [0x00000000ef400000,0x00000000f1200000,0x00000000f1200000)
  from space 15360K, 99% used [0x00000000f2800000,0x00000000f36fb648,0x00000000f3700000)
  to   space 22528K, 0% used [0x00000000f1200000,0x00000000f1200000,0x00000000f2800000)
 ParOldGen       total 359936K, used 280546K [0x00000000cdc00000, 0x00000000e3b80000, 0x00000000ef400000)
  object space 359936K, 77% used [0x00000000cdc00000,0x00000000dedf8b58,0x00000000e3b80000)
 Metaspace       used 49548K, committed 50368K, reserved 1097728K
  class space    used 4776K, committed 5120K, reserved 1048576K
}
Event: 9.699 GC heap after
{Heap after GC invocations=72 (full 7):
 PSYoungGen      total 43008K, used 12020K [0x00000000ef400000, 0x00000000f3300000, 0x0000000100000000)
  eden space 30720K, 0% used [0x00000000ef400000,0x00000000ef400000,0x00000000f1200000)
  from space 12288K, 97% used [0x00000000f1200000,0x00000000f1dbd2a0,0x00000000f1e00000)
  to   space 15360K, 0% used [0x00000000f2400000,0x00000000f2400000,0x00000000f3300000)
 ParOldGen       total 359936K, used 291137K [0x00000000cdc00000, 0x00000000e3b80000, 0x00000000ef400000)
  object space 359936K, 80% used [0x00000000cdc00000,0x00000000df850758,0x00000000e3b80000)
 Metaspace       used 49548K, committed 50368K, reserved 1097728K
  class space    used 4776K, committed 5120K, reserved 1048576K
}
Event: 9.765 GC heap before
{Heap before GC invocations=73 (full 7):
 PSYoungGen      total 43008K, used 42740K [0x00000000ef400000, 0x00000000f3300000, 0x0000000100000000)
  eden space 30720K, 100% used [0x00000000ef400000,0x00000000f1200000,0x00000000f1200000)
  from space 12288K, 97% used [0x00000000f1200000,0x00000000f1dbd2a0,0x00000000f1e00000)
  to   space 15360K, 0% used [0x00000000f2400000,0x00000000f2400000,0x00000000f3300000)
 ParOldGen       total 359936K, used 291137K [0x00000000cdc00000, 0x00000000e3b80000, 0x00000000ef400000)
  object space 359936K, 80% used [0x00000000cdc00000,0x00000000df850758,0x00000000e3b80000)
 Metaspace       used 49548K, committed 50368K, reserved 1097728K
  class space    used 4776K, committed 5120K, reserved 1048576K
}
Event: 9.784 GC heap after
{Heap after GC invocations=73 (full 7):
 PSYoungGen      total 47616K, used 13653K [0x00000000ef400000, 0x00000000f3180000, 0x0000000100000000)
  eden space 33792K, 0% used [0x00000000ef400000,0x00000000ef400000,0x00000000f1500000)
  from space 13824K, 98% used [0x00000000f2400000,0x00000000f3155768,0x00000000f3180000)
  to   space 14336K, 0% used [0x00000000f1580000,0x00000000f1580000,0x00000000f2380000)
 ParOldGen       total 359936K, used 296067K [0x00000000cdc00000, 0x00000000e3b80000, 0x00000000ef400000)
  object space 359936K, 82% used [0x00000000cdc00000,0x00000000dfd20d80,0x00000000e3b80000)
 Metaspace       used 49548K, committed 50368K, reserved 1097728K
  class space    used 4776K, committed 5120K, reserved 1048576K
}
Event: 9.968 GC heap before
{Heap before GC invocations=74 (full 7):
 PSYoungGen      total 47616K, used 47445K [0x00000000ef400000, 0x00000000f3180000, 0x0000000100000000)
  eden space 33792K, 100% used [0x00000000ef400000,0x00000000f1500000,0x00000000f1500000)
  from space 13824K, 98% used [0x00000000f2400000,0x00000000f3155768,0x00000000f3180000)
  to   space 14336K, 0% used [0x00000000f1580000,0x00000000f1580000,0x00000000f2380000)
 ParOldGen       total 359936K, used 296067K [0x00000000cdc00000, 0x00000000e3b80000, 0x00000000ef400000)
  object space 359936K, 82% used [0x00000000cdc00000,0x00000000dfd20d80,0x00000000e3b80000)
 Metaspace       used 49550K, committed 50368K, reserved 1097728K
  class space    used 4776K, committed 5120K, reserved 1048576K
}
Event: 9.985 GC heap after
{Heap after GC invocations=74 (full 7):
 PSYoungGen      total 48640K, used 13479K [0x00000000ef400000, 0x00000000f3380000, 0x0000000100000000)
  eden space 34304K, 0% used [0x00000000ef400000,0x00000000ef400000,0x00000000f1580000)
  from space 14336K, 94% used [0x00000000f1580000,0x00000000f22a9c48,0x00000000f2380000)
  to   space 13824K, 0% used [0x00000000f2600000,0x00000000f2600000,0x00000000f3380000)
 ParOldGen       total 359936K, used 310024K [0x00000000cdc00000, 0x00000000e3b80000, 0x00000000ef400000)
  object space 359936K, 86% used [0x00000000cdc00000,0x00000000e0ac2130,0x00000000e3b80000)
 Metaspace       used 49550K, committed 50368K, reserved 1097728K
  class space    used 4776K, committed 5120K, reserved 1048576K
}
Event: 10.027 GC heap before
{Heap before GC invocations=75 (full 7):
 PSYoungGen      total 48640K, used 47783K [0x00000000ef400000, 0x00000000f3380000, 0x0000000100000000)
  eden space 34304K, 100% used [0x00000000ef400000,0x00000000f1580000,0x00000000f1580000)
  from space 14336K, 94% used [0x00000000f1580000,0x00000000f22a9c48,0x00000000f2380000)
  to   space 13824K, 0% used [0x00000000f2600000,0x00000000f2600000,0x00000000f3380000)
 ParOldGen       total 359936K, used 310024K [0x00000000cdc00000, 0x00000000e3b80000, 0x00000000ef400000)
  object space 359936K, 86% used [0x00000000cdc00000,0x00000000e0ac2130,0x00000000e3b80000)
 Metaspace       used 49550K, committed 50368K, reserved 1097728K
  class space    used 4776K, committed 5120K, reserved 1048576K
}
Event: 10.047 GC heap after
{Heap after GC invocations=75 (full 7):
 PSYoungGen      total 39936K, used 13796K [0x00000000ef400000, 0x00000000f4a80000, 0x0000000100000000)
  eden space 26112K, 0% used [0x00000000ef400000,0x00000000ef400000,0x00000000f0d80000)
  from space 13824K, 99% used [0x00000000f2600000,0x00000000f33790a0,0x00000000f3380000)
  to   space 25088K, 0% used [0x00000000f0d80000,0x00000000f0d80000,0x00000000f2600000)
 ParOldGen       total 359936K, used 319297K [0x00000000cdc00000, 0x00000000e3b80000, 0x00000000ef400000)
  object space 359936K, 88% used [0x00000000cdc00000,0x00000000e13d0458,0x00000000e3b80000)
 Metaspace       used 49550K, committed 50368K, reserved 1097728K
  class space    used 4776K, committed 5120K, reserved 1048576K
}
Event: 10.060 GC heap before
{Heap before GC invocations=76 (full 7):
 PSYoungGen      total 39936K, used 39864K [0x00000000ef400000, 0x00000000f4a80000, 0x0000000100000000)
  eden space 26112K, 99% used [0x00000000ef400000,0x00000000f0d74f70,0x00000000f0d80000)
  from space 13824K, 99% used [0x00000000f2600000,0x00000000f33790a0,0x00000000f3380000)
  to   space 25088K, 0% used [0x00000000f0d80000,0x00000000f0d80000,0x00000000f2600000)
 ParOldGen       total 359936K, used 319297K [0x00000000cdc00000, 0x00000000e3b80000, 0x00000000ef400000)
  object space 359936K, 88% used [0x00000000cdc00000,0x00000000e13d0458,0x00000000e3b80000)
 Metaspace       used 49550K, committed 50368K, reserved 1097728K
  class space    used 4776K, committed 5120K, reserved 1048576K
}
Event: 10.073 GC heap after
{Heap after GC invocations=76 (full 7):
 PSYoungGen      total 41472K, used 15210K [0x00000000ef400000, 0x00000000f3500000, 0x0000000100000000)
  eden space 26112K, 0% used [0x00000000ef400000,0x00000000ef400000,0x00000000f0d80000)
  from space 15360K, 99% used [0x00000000f0d80000,0x00000000f1c5aa10,0x00000000f1c80000)
  to   space 18432K, 0% used [0x00000000f2300000,0x00000000f2300000,0x00000000f3500000)
 ParOldGen       total 359936K, used 327934K [0x00000000cdc00000, 0x00000000e3b80000, 0x00000000ef400000)
  object space 359936K, 91% used [0x00000000cdc00000,0x00000000e1c3fa88,0x00000000e3b80000)
 Metaspace       used 49550K, committed 50368K, reserved 1097728K
  class space    used 4776K, committed 5120K, reserved 1048576K
}
Event: 10.085 GC heap before
{Heap before GC invocations=77 (full 7):
 PSYoungGen      total 41472K, used 41322K [0x00000000ef400000, 0x00000000f3500000, 0x0000000100000000)
  eden space 26112K, 100% used [0x00000000ef400000,0x00000000f0d80000,0x00000000f0d80000)
  from space 15360K, 99% used [0x00000000f0d80000,0x00000000f1c5aa10,0x00000000f1c80000)
  to   space 18432K, 0% used [0x00000000f2300000,0x00000000f2300000,0x00000000f3500000)
 ParOldGen       total 359936K, used 327934K [0x00000000cdc00000, 0x00000000e3b80000, 0x00000000ef400000)
  object space 359936K, 91% used [0x00000000cdc00000,0x00000000e1c3fa88,0x00000000e3b80000)
 Metaspace       used 49550K, committed 50368K, reserved 1097728K
  class space    used 4776K, committed 5120K, reserved 1048576K
}
Event: 10.095 GC heap after
{Heap after GC invocations=77 (full 7):
 PSYoungGen      total 40448K, used 10328K [0x00000000ef400000, 0x00000000f2d80000, 0x0000000100000000)
  eden space 29696K, 0% used [0x00000000ef400000,0x00000000ef400000,0x00000000f1100000)
  from space 10752K, 96% used [0x00000000f2300000,0x00000000f2d161b0,0x00000000f2d80000)
  to   space 12800K, 0% used [0x00000000f1480000,0x00000000f1480000,0x00000000f2100000)
 ParOldGen       total 359936K, used 342750K [0x00000000cdc00000, 0x00000000e3b80000, 0x00000000ef400000)
  object space 359936K, 95% used [0x00000000cdc00000,0x00000000e2ab7838,0x00000000e3b80000)
 Metaspace       used 49550K, committed 50368K, reserved 1097728K
  class space    used 4776K, committed 5120K, reserved 1048576K
}

Dll operation events (8 events):
Event: 0.002 Loaded shared library /nix/store/gpxl5qgg8kicmcvivwmybwjlpf7wh20l-graalvm17-ce-22.3.0/lib/libjava.so
Event: 0.006 Loaded shared library /nix/store/gpxl5qgg8kicmcvivwmybwjlpf7wh20l-graalvm17-ce-22.3.0/lib/libjsvml.so
Event: 0.054 Loaded shared library /nix/store/gpxl5qgg8kicmcvivwmybwjlpf7wh20l-graalvm17-ce-22.3.0/lib/libnio.so
Event: 0.056 Loaded shared library /nix/store/gpxl5qgg8kicmcvivwmybwjlpf7wh20l-graalvm17-ce-22.3.0/lib/libjvmcicompiler.so
Event: 0.058 Loaded shared library /nix/store/gpxl5qgg8kicmcvivwmybwjlpf7wh20l-graalvm17-ce-22.3.0/lib/libzip.so
Event: 0.115 Loaded shared library /nix/store/gpxl5qgg8kicmcvivwmybwjlpf7wh20l-graalvm17-ce-22.3.0/lib/libjimage.so
Event: 0.433 Loaded shared library /nix/store/gpxl5qgg8kicmcvivwmybwjlpf7wh20l-graalvm17-ce-22.3.0/lib/libnet.so
Event: 0.662 Loaded shared library /home/runner/.cache/jdt-language-server/config/org.eclipse.equinox.launcher/org.eclipse.equinox.launcher.gtk.linux.x86_64_1.2.400.v20211117-0650/eclipse_11600.so

Deoptimization events (20 events):
Event: 8.476 Thread 0x00007fe978625010 DEOPT PACKING pc=0x00007fe9c880f2b5 sp=0x00007fe98b3fe090
Event: 8.476 Thread 0x00007fe978625010 DEOPT UNPACKING pc=0x00007fe9c7505325 sp=0x00007fe98b3fd5d8 mode 0
Event: 8.482 Thread 0x00007fe978625010 DEOPT PACKING pc=0x00007fe9c880f2b5 sp=0x00007fe98b3fe090
Event: 8.482 Thread 0x00007fe978625010 DEOPT UNPACKING pc=0x00007fe9c7505325 sp=0x00007fe98b3fd5d8 mode 0
Event: 9.279 Thread 0x00007fe978625010 Uncommon trap: trap_request=0xffffffed fr.pc=0x00007fe9cf127880 relative=0x0000000000003100
Event: 9.279 Thread 0x00007fe978625010 Uncommon trap: reason=null_assert_or_unreached0 action=reinterpret pc=0x00007fe9cf127880 method=org.eclipse.jdt.internal.core.search.indexing.BinaryIndexer.indexDocument()V @ 310 jvmci
Event: 9.279 Thread 0x00007fe978625010 DEOPT PACKING pc=0x00007fe9cf127880 sp=0x00007fe98b3fe220
Event: 9.279 Thread 0x00007fe978625010 DEOPT UNPACKING pc=0x00007fe9c7505325 sp=0x00007fe98b3fd6f8 mode 3
Event: 9.426 Thread 0x00007fe978625010 Uncommon trap: trap_request=0xffffffed fr.pc=0x00007fe9cf16c5d7 relative=0x0000000000001117
Event: 9.426 Thread 0x00007fe978625010 Uncommon trap: reason=null_assert_or_unreached0 action=reinterpret pc=0x00007fe9cf16c5d7 method=org.eclipse.jdt.core.compiler.CharOperation.equals([C[C)Z @ 5 jvmci
Event: 9.426 Thread 0x00007fe978625010 DEOPT PACKING pc=0x00007fe9cf16c5d7 sp=0x00007fe98b3fdfe0
Event: 9.426 Thread 0x00007fe978625010 DEOPT UNPACKING pc=0x00007fe9c7505325 sp=0x00007fe98b3fd3a8 mode 3
Event: 9.442 Thread 0x00007fe978625010 DEOPT PACKING pc=0x00007fe9c87f410c sp=0x00007fe98b3fdfd0
Event: 9.442 Thread 0x00007fe978625010 DEOPT UNPACKING pc=0x00007fe9c7505325 sp=0x00007fe98b3fd438 mode 0
Event: 9.958 Thread 0x00007fe978625010 Uncommon trap: trap_request=0xffffffed fr.pc=0x00007fe9cf0ef938 relative=0x00000000000006b8
Event: 9.958 Thread 0x00007fe978625010 Uncommon trap: reason=null_assert_or_unreached0 action=reinterpret pc=0x00007fe9cf0ef938 method=org.eclipse.jdt.core.compiler.CharOperation.equals([C[C)Z @ 5 jvmci
Event: 9.958 Thread 0x00007fe978625010 DEOPT PACKING pc=0x00007fe9cf0ef938 sp=0x00007fe98b3fdfc0
Event: 9.958 Thread 0x00007fe978625010 DEOPT UNPACKING pc=0x00007fe9c7505325 sp=0x00007fe98b3fd3d0 mode 3
Event: 10.117 Thread 0x00007fe978625010 DEOPT PACKING pc=0x00007fe9c7b49338 sp=0x00007fe98b3fe300
Event: 10.117 Thread 0x00007fe978625010 DEOPT UNPACKING pc=0x00007fe9c7505325 sp=0x00007fe98b3fd7d0 mode 0

Classes unloaded (0 events):
No events

Classes redefined (0 events):
No events

Internal exceptions (20 events):
Event: 4.767 Thread 0x00007fe9580563a0 Exception <a 'sun/nio/fs/UnixException'{0x00000000ef4f3a28}> (0x00000000ef4f3a28) 
thrown [src/hotspot/share/prims/jni.cpp, line 516]
Event: 4.768 Thread 0x00007fe9580563a0 Exception <a 'sun/nio/fs/UnixException'{0x00000000ef4f8b80}> (0x00000000ef4f8b80) 
thrown [src/hotspot/share/prims/jni.cpp, line 516]
Event: 4.770 Thread 0x00007fe9580563a0 Exception <a 'sun/nio/fs/UnixException'{0x00000000ef541988}> (0x00000000ef541988) 
thrown [src/hotspot/share/prims/jni.cpp, line 516]
Event: 4.772 Thread 0x00007fe9580563a0 Exception <a 'sun/nio/fs/UnixException'{0x00000000ef546b30}> (0x00000000ef546b30) 
thrown [src/hotspot/share/prims/jni.cpp, line 516]
Event: 4.774 Thread 0x00007fe9580563a0 Exception <a 'sun/nio/fs/UnixException'{0x00000000ef54bcd0}> (0x00000000ef54bcd0) 
thrown [src/hotspot/share/prims/jni.cpp, line 516]
Event: 4.774 Thread 0x00007fe9580563a0 Exception <a 'sun/nio/fs/UnixException'{0x00000000ef594718}> (0x00000000ef594718) 
thrown [src/hotspot/share/prims/jni.cpp, line 516]
Event: 4.782 Thread 0x00007fe948000ff0 Exception <a 'java/lang/NoSuchMethodError'{0x00000000ef5f7ba8}: 'java.lang.Object java.lang.invoke.DirectMethodHandle$Holder.invokeStatic(java.lang.Object, java.lang.Object, java.lang.Object, long)'> (0x00000000ef5f7ba8) 
thrown [src/hotspot/share/interpreter/linkResolver.cpp, line 758]
Event: 4.782 Thread 0x00007fe948000ff0 Exception <a 'java/lang/NoSuchMethodError'{0x00000000ef5ff2a0}: 'java.lang.Object java.lang.invoke.DirectMethodHandle$Holder.newInvokeSpecial(java.lang.Object, java.lang.Object, java.lang.Object, long)'> (0x00000000ef5ff2a0) 
thrown [src/hotspot/share/interpreter/linkResolver.cpp, line 758]
Event: 4.783 Thread 0x00007fe948000ff0 Exception <a 'java/lang/NoSuchMethodError'{0x00000000ef668538}: 'java.lang.Object java.lang.invoke.DirectMethodHandle$Holder.invokeSpecial(java.lang.Object, java.lang.Object, java.lang.Object, java.lang.Object, long)'> (0x00000000ef668538) 
thrown [src/hotspot/share/interpreter/linkResolver.cpp, line 758]
Event: 4.783 Thread 0x00007fe948000ff0 Exception <a 'java/lang/NoSuchMethodError'{0x00000000ef66be60}: 'java.lang.Object java.lang.invoke.Invokers$Holder.linkToTargetMethod(java.lang.Object, java.lang.Object, long, java.lang.Object)'> (0x00000000ef66be60) 
thrown [src/hotspot/share/interpreter/linkResolver.cpp, line 758]
Event: 4.846 Thread 0x00007fe95c0010d0 Exception <a 'java/lang/NoSuchMethodError'{0x00000000ef87f480}: 'int java.lang.invoke.DirectMethodHandle$Holder.invokeSpecial(java.lang.Object, java.lang.Object, java.lang.Object)'> (0x00000000ef87f480) 
thrown [src/hotspot/share/interpreter/linkResolver.cpp, line 758]
Event: 4.848 Thread 0x00007fe95c0010d0 Exception <a 'java/lang/NoSuchMethodError'{0x00000000ef8b44b0}: 'int java.lang.invoke.DirectMethodHandle$Holder.invokeStatic(java.lang.Object, java.lang.Object, java.lang.Object, int)'> (0x00000000ef8b44b0) 
thrown [src/hotspot/share/interpreter/linkResolver.cpp, line 758]
Event: 5.046 Thread 0x00007fe95c149320 Exception <a 'java/lang/NoSuchMethodError'{0x00000000f0482e38}: 'java.lang.Object java.lang.invoke.DirectMethodHandle$Holder.newInvokeSpecial(java.lang.Object, java.lang.Object, java.lang.Object, int, java.lang.Object)'> (0x00000000f0482e38) 
thrown [src/hotspot/share/interpreter/linkResolver.cpp, line 758]
Event: 5.046 Thread 0x00007fe95c149320 Exception <a 'java/lang/NoSuchMethodError'{0x00000000f0493df0}: 'java.lang.Object java.lang.invoke.DirectMethodHandle$Holder.invokeSpecial(java.lang.Object, java.lang.Object, java.lang.Object, java.lang.Object, int, java.lang.Object)'> (0x00000000f0493df0) 
thrown [src/hotspot/share/interpreter/linkResolver.cpp, line 758]
Event: 5.047 Thread 0x00007fe95c149320 Exception <a 'java/lang/NoSuchMethodError'{0x00000000f04973f8}: 'java.lang.Object java.lang.invoke.Invokers$Holder.linkToTargetMethod(java.lang.Object, java.lang.Object, int, java.lang.Object, java.lang.Object)'> (0x00000000f04973f8) 
thrown [src/hotspot/share/interpreter/linkResolver.cpp, line 758]
Event: 5.088 Thread 0x00007fe978625010 Exception <a 'sun/nio/fs/UnixException'{0x00000000ef6136c0}> (0x00000000ef6136c0) 
thrown [src/hotspot/share/prims/jni.cpp, line 516]
Event: 5.147 Thread 0x00007fe9440d0b70 Exception <a 'java/lang/NoSuchMethodError'{0x00000000ef895c18}: 'java.lang.Object java.lang.invoke.DirectMethodHandle$Holder.invokeStatic(java.lang.Object, int, java.lang.Object, java.lang.Object, java.lang.Object, java.lang.Object)'> (0x00000000ef895c18) 
thrown [src/hotspot/share/interpreter/linkResolver.cpp, line 758]
Event: 5.258 Thread 0x00007fe9440d0b70 Exception <a 'java/lang/NoSuchMethodError'{0x00000000ef44ed08}: 'void java.lang.invoke.DirectMethodHandle$Holder.invokeSpecial(java.lang.Object, java.lang.Object, int)'> (0x00000000ef44ed08) 
thrown [src/hotspot/share/interpreter/linkResolver.cpp, line 758]
Event: 5.377 Thread 0x00007fe9440d0b70 Exception <a 'java/lang/NoSuchMethodError'{0x00000000f02d60d0}: 'int java.lang.invoke.DirectMethodHandle$Holder.invokeSpecialIFC(java.lang.Object, java.lang.Object, java.lang.Object, java.lang.Object)'> (0x00000000f02d60d0) 
thrown [src/hotspot/share/interpreter/linkResolver.cpp, line 758]
Event: 5.498 Thread 0x00007fe978625010 Exception <a 'sun/nio/fs/UnixException'{0x00000000ef4336b0}> (0x00000000ef4336b0) 
thrown [src/hotspot/share/prims/jni.cpp, line 516]

VM Operations (20 events):
Event: 9.347 Executing VM operation: ParallelGCFailedAllocation
Event: 9.354 Executing VM operation: ParallelGCFailedAllocation done
Event: 9.448 Executing VM operation: ParallelGCFailedAllocation
Event: 9.461 Executing VM operation: ParallelGCFailedAllocation done
Event: 9.527 Executing VM operation: ParallelGCFailedAllocation
Event: 9.538 Executing VM operation: ParallelGCFailedAllocation done
Event: 9.597 Executing VM operation: ParallelGCFailedAllocation
Event: 9.609 Executing VM operation: ParallelGCFailedAllocation done
Event: 9.671 Executing VM operation: ParallelGCFailedAllocation
Event: 9.699 Executing VM operation: ParallelGCFailedAllocation done
Event: 9.765 Executing VM operation: ParallelGCFailedAllocation
Event: 9.784 Executing VM operation: ParallelGCFailedAllocation done
Event: 9.968 Executing VM operation: ParallelGCFailedAllocation
Event: 9.985 Executing VM operation: ParallelGCFailedAllocation done
Event: 10.027 Executing VM operation: ParallelGCFailedAllocation
Event: 10.047 Executing VM operation: ParallelGCFailedAllocation done
Event: 10.060 Executing VM operation: ParallelGCFailedAllocation
Event: 10.073 Executing VM operation: ParallelGCFailedAllocation done
Event: 10.084 Executing VM operation: ParallelGCFailedAllocation
Event: 10.095 Executing VM operation: ParallelGCFailedAllocation done

Events (20 events):
Event: 8.509 Thread 0x00007fe9e00d5c60 flushing nmethod 0x00007fe9c877a010
Event: 8.509 Thread 0x00007fe9e00d5c60 flushing nmethod 0x00007fe9c8782d90
Event: 8.509 Thread 0x00007fe9e00d5c60 flushing nmethod 0x00007fe9c8797e90
Event: 8.509 Thread 0x00007fe9e00d5c60 flushing nmethod 0x00007fe9c87a0e90
Event: 8.509 Thread 0x00007fe9e00d5c60 flushing nmethod 0x00007fe9c87b3990
Event: 8.509 Thread 0x00007fe9e00d5c60 flushing nmethod 0x00007fe9c87d4110
Event: 8.509 Thread 0x00007fe9e00d5c60 flushing nmethod 0x00007fe9c87d4810
Event: 8.509 Thread 0x00007fe9e00d5c60 flushing nmethod 0x00007fe9c87d6990
Event: 8.509 Thread 0x00007fe9e00d5c60 flushing nmethod 0x00007fe9c87d8790
Event: 8.509 Thread 0x00007fe9e00d5c60 flushing nmethod 0x00007fe9c87d8f90
Event: 8.509 Thread 0x00007fe9e00d5c60 flushing nmethod 0x00007fe9c87dab90
Event: 8.509 Thread 0x00007fe9e00d5c60 flushing nmethod 0x00007fe9c87dd290
Event: 8.509 Thread 0x00007fe9e00d5c60 flushing nmethod 0x00007fe9c87df290
Event: 8.509 Thread 0x00007fe9e00d5c60 flushing nmethod 0x00007fe9c87e1f10
Event: 8.509 Thread 0x00007fe9e00d5c60 flushing nmethod 0x00007fe9c87ef110
Event: 8.509 Thread 0x00007fe9e00d5c60 flushing nmethod 0x00007fe9c87ef910
Event: 8.509 Thread 0x00007fe9e00d5c60 flushing nmethod 0x00007fe9c87f7610
Event: 8.509 Thread 0x00007fe9e00d5c60 flushing nmethod 0x00007fe9c87f9a90
Event: 8.509 Thread 0x00007fe9e00d5c60 flushing nmethod 0x00007fe9c87fa990
Event: 8.510 Thread 0x00007fe9e00d5c60 flushing nmethod 0x00007fe9c8828910


Dynamic libraries:
cdc00000-e3b80000 rw-p 00000000 00:00 0 
e3b80000-ef400000 ---p 00000000 00:00 0 
ef400000-f2d80000 rw-p 00000000 00:00 0 
f2d80000-100000000 ---p 00000000 00:00 0 
800000000-800449000 rw-p 00001000 00:16bc 9223372037562745673            /nix/store/gpxl5qgg8kicmcvivwmybwjlpf7wh20l-graalvm17-ce-22.3.0/lib/server/classes.jsa
800449000-800bc8000 r--p 0044a000 00:16bc 9223372037562745673            /nix/store/gpxl5qgg8kicmcvivwmybwjlpf7wh20l-graalvm17-ce-22.3.0/lib/server/classes.jsa
800bc8000-800c00000 ---p 00000000 00:00 0 
800c00000-800c20000 rw-p 00000000 00:00 0 
800c20000-800c40000 rw-p 00000000 00:00 0 
800c40000-800cc0000 rw-p 00000000 00:00 0 
800cc0000-800d00000 rw-p 00000000 00:00 0 
800d00000-800dc0000 rw-p 00000000 00:00 0 
800dc0000-800e00000 rw-p 00000000 00:00 0 
800e00000-801100000 rw-p 00000000 00:00 0 
801100000-840c00000 ---p 00000000 00:00 0 
564839fea000-564839feb000 r-xp 00000000 00:16bc 9223372037526805748      /nix/store/gpxl5qgg8kicmcvivwmybwjlpf7wh20l-graalvm17-ce-22.3.0/bin/.java-wrapped
564839fec000-564839fed000 r--p 00001000 00:16bc 9223372037526805748      /nix/store/gpxl5qgg8kicmcvivwmybwjlpf7wh20l-graalvm17-ce-22.3.0/bin/.java-wrapped
564839fed000-564839fee000 rw-p 00002000 00:16bc 9223372037526805748      /nix/store/gpxl5qgg8kicmcvivwmybwjlpf7wh20l-graalvm17-ce-22.3.0/bin/.java-wrapped
564839fee000-564839fef000 rw-p 00004000 00:16bc 9223372037526805748      /nix/store/gpxl5qgg8kicmcvivwmybwjlpf7wh20l-graalvm17-ce-22.3.0/bin/.java-wrapped
564839fef000-564839ff0000 rw-p 00005000 00:16bc 9223372037526805748      /nix/store/gpxl5qgg8kicmcvivwmybwjlpf7wh20l-graalvm17-ce-22.3.0/bin/.java-wrapped
56483bab2000-56483bafa000 rw-p 00000000 00:00 0                          [heap]
7fe924000000-7fe9241b2000 rw-p 00000000 00:00 0 
7fe9241b2000-7fe928000000 ---p 00000000 00:00 0 
7fe928000000-7fe928074000 rw-p 00000000 00:00 0 
7fe928074000-7fe92c000000 ---p 00000000 00:00 0 
7fe92c000000-7fe92c052000 rw-p 00000000 00:00 0 
7fe92c052000-7fe930000000 ---p 00000000 00:00 0 
7fe930000000-7fe93004d000 rw-p 00000000 00:00 0 
7fe93004d000-7fe934000000 ---p 00000000 00:00 0 
7fe934000000-7fe93402e000 rw-p 00000000 00:00 0 
7fe93402e000-7fe938000000 ---p 00000000 00:00 0 
7fe93a100000-7fe93a200000 rw-p 00000000 00:00 0 
7fe93a4b3000-7fe944000000 r--s 00000000 00:16bc 9223372037562580485      /nix/store/gpxl5qgg8kicmcvivwmybwjlpf7wh20l-graalvm17-ce-22.3.0/lib/modules
7fe944000000-7fe9440eb000 rw-p 00000000 00:00 0 
7fe9440eb000-7fe948000000 ---p 00000000 00:00 0 
7fe948000000-7fe94804c000 rw-p 00000000 00:00 0 
7fe94804c000-7fe94c000000 ---p 00000000 00:00 0 
7fe94c000000-7fe94c021000 rw-p 00000000 00:00 0 
7fe94c021000-7fe950000000 ---p 00000000 00:00 0 
7fe950000000-7fe950021000 rw-p 00000000 00:00 0 
7fe950021000-7fe954000000 ---p 00000000 00:00 0 
7fe954000000-7fe954059000 rw-p 00000000 00:00 0 
7fe954059000-7fe958000000 ---p 00000000 00:00 0 
7fe958000000-7fe958068000 rw-p 00000000 00:00 0 
7fe958068000-7fe95c000000 ---p 00000000 00:00 0 
7fe95c000000-7fe95c462000 rw-p 00000000 00:00 0 
7fe95c462000-7fe960000000 ---p 00000000 00:00 0 
7fe960000000-7fe9600ec000 rw-p 00000000 00:00 0 
7fe9600ec000-7fe964000000 ---p 00000000 00:00 0 
7fe964000000-7fe964021000 rw-p 00000000 00:00 0 
7fe964021000-7fe968000000 ---p 00000000 00:00 0 
7fe968000000-7fe968021000 rw-p 00000000 00:00 0 
7fe968021000-7fe96c000000 ---p 00000000 00:00 0 
7fe96c000000-7fe96c021000 rw-p 00000000 00:00 0 
7fe96c021000-7fe970000000 ---p 00000000 00:00 0 
7fe970000000-7fe970021000 rw-p 00000000 00:00 0 
7fe970021000-7fe974000000 ---p 00000000 00:00 0 
7fe974000000-7fe974021000 rw-p 00000000 00:00 0 
7fe974021000-7fe978000000 ---p 00000000 00:00 0 
7fe978000000-7fe9788c2000 rw-p 00000000 00:00 0 
7fe9788c2000-7fe97c000000 ---p 00000000 00:00 0 
7fe97c000000-7fe97c021000 rw-p 00000000 00:00 0 
7fe97c021000-7fe980000000 ---p 00000000 00:00 0 
7fe980000000-7fe980100000 rw-p 00000000 00:00 0 
7fe980200000-7fe980300000 rw-p 00000000 00:00 0 
7fe980400000-7fe980500000 rw-p 00000000 00:00 0 
7fe980600000-7fe980700000 rw-p 00000000 00:00 0 
7fe980800000-7fe980900000 rw-p 00000000 00:00 0 
7fe980a00000-7fe980b00000 rw-p 00000000 00:00 0 
7fe980c00000-7fe980d00000 rw-p 00000000 00:00 0 
7fe980e00000-7fe980f00000 rw-p 00000000 00:00 0 
7fe981000000-7fe981460000 rw-p 00000000 00:00 0 
7fe981460000-7fe981800000 ---p 00000000 00:00 0 
7fe981800000-7fe981f80000 rw-p 00000000 00:00 0 
7fe981f80000-7fe981fd0000 rw-p 00000000 00:00 0 
7fe981fd0000-7fe982000000 ---p 00000000 00:00 0 
7fe982000000-7fe982500000 rw-p 00000000 00:00 0 
7fe982500000-7fe982800000 rw-p 00000000 00:00 0 
7fe982800000-7fe982900000 rw-p 00000000 00:00 0 
7fe982900000-7fe982de0000 rw-p 00000000 00:00 0 
7fe982de0000-7fe982f00000 rw-p 00000000 00:00 0 
7fe982f00000-7fe983000000 rw-p 00000000 00:00 0 
7fe983000000-7fe983100000 rw-p 00000000 00:00 0 
7fe983100000-7fe983200000 rw-p 00000000 00:00 0 
7fe983200000-7fe983780000 rw-p 00000000 00:00 0 
7fe983780000-7fe983900000 rw-p 00000000 00:00 0 
7fe983a00000-7fe983b00000 rw-p 00000000 00:00 0 
7fe983c00000-7fe983d00000 rw-p 00000000 00:00 0 
7fe983e00000-7fe983f00000 rw-p 00000000 00:00 0 
7fe984000000-7fe984021000 rw-p 00000000 00:00 0 
7fe984021000-7fe988000000 ---p 00000000 00:00 0 
7fe988000000-7fe988100000 rw-p 00000000 00:00 0 
7fe988200000-7fe988210000 r-xp 00000000 00:16b9 353                      /home/runner/.cache/jdt-language-server/config/org.eclipse.equinox.launcher/org.eclipse.equinox.launcher.gtk.linux.x86_64_1.2.400.v20211117-0650/eclipse_11600.so
7fe988210000-7fe98840f000 ---p 00010000 00:16b9 353                      /home/runner/.cache/jdt-language-server/config/org.eclipse.equinox.launcher/org.eclipse.equinox.launcher.gtk.linux.x86_64_1.2.400.v20211117-0650/eclipse_11600.so
7fe98840f000-7fe988410000 r--p 0000f000 00:16b9 353                      /home/runner/.cache/jdt-language-server/config/org.eclipse.equinox.launcher/org.eclipse.equinox.launcher.gtk.linux.x86_64_1.2.400.v20211117-0650/eclipse_11600.so
7fe988410000-7fe988411000 rw-p 00010000 00:16b9 353                      /home/runner/.cache/jdt-language-server/config/org.eclipse.equinox.launcher/org.eclipse.equinox.launcher.gtk.linux.x86_64_1.2.400.v20211117-0650/eclipse_11600.so
7fe988451000-7fe988700000 rw-p 00000000 00:00 0 
7fe988800000-7fe988900000 rw-p 00000000 00:00 0 
7fe988a00000-7fe988b00000 rw-p 00000000 00:00 0 
7fe988c00000-7fe988d00000 rw-p 00000000 00:00 0 
7fe988da9000-7fe989100000 rw-p 00000000 00:00 0 
7fe989200000-7fe989300000 rw-p 00000000 00:00 0 
7fe989400000-7fe989500000 rw-p 00000000 00:00 0 
7fe989600000-7fe989700000 rw-p 00000000 00:00 0 
7fe989800000-7fe989900000 rw-p 00000000 00:00 0 
7fe989a00000-7fe989c00000 rw-p 00000000 00:00 0 
7fe989d00000-7fe989d04000 ---p 00000000 00:00 0 
7fe989d04000-7fe989e00000 rw-p 00000000 00:00 0 
7fe989f00000-7fe989f04000 ---p 00000000 00:00 0 
7fe989f04000-7fe98a000000 rw-p 00000000 00:00 0 
7fe98a100000-7fe98a104000 ---p 00000000 00:00 0 
7fe98a104000-7fe98a200000 rw-p 00000000 00:00 0 
7fe98a300000-7fe98a304000 ---p 00000000 00:00 0 
7fe98a304000-7fe98a400000 rw-p 00000000 00:00 0 
7fe98a400000-7fe98a500000 rw-p 00000000 00:00 0 
7fe98a500000-7fe98a504000 ---p 00000000 00:00 0 
7fe98a504000-7fe98a600000 rw-p 00000000 00:00 0 
7fe98a600000-7fe98a700000 rw-p 00000000 00:00 0 
7fe98a700000-7fe98a704000 ---p 00000000 00:00 0 
7fe98a704000-7fe98a800000 rw-p 00000000 00:00 0 
7fe98a800000-7fe98a900000 rw-p 00000000 00:00 0 
7fe98a900000-7fe98a904000 ---p 00000000 00:00 0 
7fe98a904000-7fe98aa00000 rw-p 00000000 00:00 0 
7fe98ab00000-7fe98ab04000 ---p 00000000 00:00 0 
7fe98ab04000-7fe98ac00000 rw-p 00000000 00:00 0 
7fe98acbd000-7fe98adfe000 rw-p 00000000 00:00 0 
7fe98adfe000-7fe98ae02000 ---p 00000000 00:00 0 
7fe98ae02000-7fe98aefe000 rw-p 00000000 00:00 0 
7fe98aefe000-7fe98aeff000 ---p 00000000 00:00 0 
7fe98aeff000-7fe98b100000 rw-p 00000000 00:00 0 
7fe98b100000-7fe98b104000 ---p 00000000 00:00 0 
7fe98b104000-7fe98b200000 rw-p 00000000 00:00 0 
7fe98b200000-7fe98b300000 rw-p 00000000 00:00 0 
7fe98b300000-7fe98b304000 ---p 00000000 00:00 0 
7fe98b304000-7fe98b400000 rw-p 00000000 00:00 0 
7fe98b400000-7fe98b500000 rw-p 00000000 00:00 0 
7fe98b500000-7fe98b504000 ---p 00000000 00:00 0 
7fe98b504000-7fe98b600000 rw-p 00000000 00:00 0 
7fe98b700000-7fe98b704000 ---p 00000000 00:00 0 
7fe98b704000-7fe98b800000 rw-p 00000000 00:00 0 
7fe98b900000-7fe98b904000 ---p 00000000 00:00 0 
7fe98b904000-7fe98ba00000 rw-p 00000000 00:00 0 
7fe98ba00000-7fe98bb00000 rw-p 00000000 00:00 0 
7fe98bb00000-7fe98bb04000 ---p 00000000 00:00 0 
7fe98bb04000-7fe98bc00000 rw-p 00000000 00:00 0 
7fe98bc00000-7fe98bd00000 rw-p 00000000 00:00 0 
7fe98bd00000-7fe98bd04000 ---p 00000000 00:00 0 
7fe98bd04000-7fe98be00000 rw-p 00000000 00:00 0 
7fe98bf00000-7fe98bf04000 ---p 00000000 00:00 0 
7fe98bf04000-7fe98c000000 rw-p 00000000 00:00 0 
7fe98c000000-7fe98c021000 rw-p 00000000 00:00 0 
7fe98c021000-7fe990000000 ---p 00000000 00:00 0 
7fe990000000-7fe990021000 rw-p 00000000 00:00 0 
7fe990021000-7fe994000000 ---p 00000000 00:00 0 
7fe994000000-7fe994021000 rw-p 00000000 00:00 0 
7fe994021000-7fe998000000 ---p 00000000 00:00 0 
7fe998000000-7fe998021000 rw-p 00000000 00:00 0 
7fe998021000-7fe99c000000 ---p 00000000 00:00 0 
7fe99c000000-7fe99c9ef000 rw-p 00000000 00:00 0 
7fe99c9ef000-7fe9a0000000 ---p 00000000 00:00 0 
7fe9a0000000-7fe9a00f1000 rw-p 00000000 00:00 0 
7fe9a00f1000-7fe9a4000000 ---p 00000000 00:00 0 
7fe9a4100000-7fe9a4104000 ---p 00000000 00:00 0 
7fe9a4104000-7fe9a4200000 rw-p 00000000 00:00 0 
7fe9a4200000-7fe9a4300000 rw-p 00000000 00:00 0 
7fe9a4300000-7fe9a4304000 ---p 00000000 00:00 0 
7fe9a4304000-7fe9a4400000 rw-p 00000000 00:00 0 
7fe9a4400000-7fe9a4500000 ---p 00000000 00:00 0 
7fe9a4500000-7fe9a4aaf000 r--p 01122000 00:16bc 9223372037562577944      /nix/store/gpxl5qgg8kicmcvivwmybwjlpf7wh20l-graalvm17-ce-22.3.0/lib/libjvmcicompiler.so
7fe9a4aaf000-7fe9a4c00000 r--p 00000000 00:00 0 
7fe9a4c00000-7fe9a4c3d000 rw-p 00000000 00:00 0 
7fe9a4c3d000-7fe9a515d000 rw-p 0185f000 00:16bc 9223372037562577944      /nix/store/gpxl5qgg8kicmcvivwmybwjlpf7wh20l-graalvm17-ce-22.3.0/lib/libjvmcicompiler.so
7fe9a515d000-7fe9a5544000 r--p 01d7f000 00:16bc 9223372037562577944      /nix/store/gpxl5qgg8kicmcvivwmybwjlpf7wh20l-graalvm17-ce-22.3.0/lib/libjvmcicompiler.so
7fe9a5600000-7fe9a776a000 r-xp 00000000 00:16bc 9223372037562577944      /nix/store/gpxl5qgg8kicmcvivwmybwjlpf7wh20l-graalvm17-ce-22.3.0/lib/libjvmcicompiler.so
7fe9a776a000-7fe9a7969000 ---p 0216a000 00:16bc 9223372037562577944      /nix/store/gpxl5qgg8kicmcvivwmybwjlpf7wh20l-graalvm17-ce-22.3.0/lib/libjvmcicompiler.so
7fe9a7969000-7fe9a796a000 r--p 02169000 00:16bc 9223372037562577944      /nix/store/gpxl5qgg8kicmcvivwmybwjlpf7wh20l-graalvm17-ce-22.3.0/lib/libjvmcicompiler.so
7fe9a796a000-7fe9a796c000 rw-p 0216a000 00:16bc 9223372037562577944      /nix/store/gpxl5qgg8kicmcvivwmybwjlpf7wh20l-graalvm17-ce-22.3.0/lib/libjvmcicompiler.so
7fe9a796c000-7fe9a796d000 rw-p 00000000 00:00 0 
7fe9a796d000-7fe9a7972000 rw-p 023c3000 00:16bc 9223372037562577944      /nix/store/gpxl5qgg8kicmcvivwmybwjlpf7wh20l-graalvm17-ce-22.3.0/lib/libjvmcicompiler.so
7fe9a79fe000-7fe9a79ff000 ---p 00000000 00:00 0 
7fe9a79ff000-7fe9a7b00000 rw-p 00000000 00:00 0 
7fe9a7b00000-7fe9a7b04000 ---p 00000000 00:00 0 
7fe9a7b04000-7fe9a7c00000 rw-p 00000000 00:00 0 
7fe9a7c00000-7fe9a7c04000 ---p 00000000 00:00 0 
7fe9a7c04000-7fe9a7d00000 rw-p 00000000 00:00 0 
7fe9a7d00000-7fe9a7d04000 ---p 00000000 00:00 0 
7fe9a7d04000-7fe9a7e00000 rw-p 00000000 00:00 0 
7fe9a7e00000-7fe9a7e04000 ---p 00000000 00:00 0 
7fe9a7e04000-7fe9a8000000 rw-p 00000000 00:00 0 
7fe9a8000000-7fe9a8021000 rw-p 00000000 00:00 0 
7fe9a8021000-7fe9ac000000 ---p 00000000 00:00 0 
7fe9ac000000-7fe9ac021000 rw-p 00000000 00:00 0 
7fe9ac021000-7fe9b0000000 ---p 00000000 00:00 0 
7fe9b0000000-7fe9b0021000 rw-p 00000000 00:00 0 
7fe9b0021000-7fe9b4000000 ---p 00000000 00:00 0 
7fe9b4000000-7fe9b4021000 rw-p 00000000 00:00 0 
7fe9b4021000-7fe9b8000000 ---p 00000000 00:00 0 
7fe9b8000000-7fe9b8021000 rw-p 00000000 00:00 0 
7fe9b8021000-7fe9bc000000 ---p 00000000 00:00 0 
7fe9bc000000-7fe9bc021000 rw-p 00000000 00:00 0 
7fe9bc021000-7fe9c0000000 ---p 00000000 00:00 0 
7fe9c0000000-7fe9c0021000 rw-p 00000000 00:00 0 
7fe9c0021000-7fe9c4000000 ---p 00000000 00:00 0 
7fe9c4048000-7fe9c404c000 ---p 00000000 00:00 0 
7fe9c404c000-7fe9c4248000 rw-p 00000000 00:00 0 
7fe9c4248000-7fe9c424c000 ---p 00000000 00:00 0 
7fe9c424c000-7fe9c4348000 rw-p 00000000 00:00 0 
7fe9c4348000-7fe9c434c000 ---p 00000000 00:00 0 
7fe9c434c000-7fe9c4448000 rw-p 00000000 00:00 0 
7fe9c4448000-7fe9c444c000 ---p 00000000 00:00 0 
7fe9c444c000-7fe9c4548000 rw-p 00000000 00:00 0 
7fe9c4548000-7fe9c482e000 r--p 00000000 00:1629 28444448                 /usr/lib/locale/locale-archive
7fe9c482e000-7fe9c4832000 ---p 00000000 00:00 0 
7fe9c4832000-7fe9c492e000 rw-p 00000000 00:00 0 
7fe9c492e000-7fe9c4932000 ---p 00000000 00:00 0 
7fe9c4932000-7fe9c4a2e000 rw-p 00000000 00:00 0 
7fe9c4a2e000-7fe9c4a2f000 ---p 00000000 00:00 0 
7fe9c4a2f000-7fe9c4b30000 rw-p 00000000 00:00 0 
7fe9c4b30000-7fe9c4bfe000 r-xp 00000000 00:16bc 9223372037562577940      /nix/store/gpxl5qgg8kicmcvivwmybwjlpf7wh20l-graalvm17-ce-22.3.0/lib/libjsvml.so
7fe9c4bfe000-7fe9c4bff000 r--p 000cd000 00:16bc 9223372037562577940      /nix/store/gpxl5qgg8kicmcvivwmybwjlpf7wh20l-graalvm17-ce-22.3.0/lib/libjsvml.so
7fe9c4bff000-7fe9c4c00000 rw-p 000ce000 00:16bc 9223372037562577940      /nix/store/gpxl5qgg8kicmcvivwmybwjlpf7wh20l-graalvm17-ce-22.3.0/lib/libjsvml.so
7fe9c4c00000-7fe9c5000000 rw-p 00000000 00:00 0 
7fe9c5000000-7fe9c52c0000 rw-p 00000000 00:00 0 
7fe9c52c0000-7fe9c5300000 rw-p 00000000 00:00 0 
7fe9c5300000-7fe9c5400000 rw-p 00000000 00:00 0 
7fe9c5403000-7fe9c74b3000 rw-p 00000000 00:00 0 
7fe9c74b3000-7fe9c7723000 rwxp 00000000 00:00 0 
7fe9c7723000-7fe9c7a42000 ---p 00000000 00:00 0 
7fe9c7a42000-7fe9c8832000 rwxp 00000000 00:00 0 
7fe9c8832000-7fe9cef7a000 ---p 00000000 00:00 0 
7fe9cef7a000-7fe9cf1ea000 rwxp 00000000 00:00 0 
7fe9cf1ea000-7fe9d64b3000 ---p 00000000 00:00 0 
7fe9d64b3000-7fe9e0000000 r--s 00000000 00:16bc 9223372037562580485      /nix/store/gpxl5qgg8kicmcvivwmybwjlpf7wh20l-graalvm17-ce-22.3.0/lib/modules
7fe9e0000000-7fe9e0458000 rw-p 00000000 00:00 0 
7fe9e0458000-7fe9e4000000 ---p 00000000 00:00 0 
7fe9e405f000-7fe9e4063000 ---p 00000000 00:00 0 
7fe9e4063000-7fe9e4081000 rw-p 00000000 00:00 0 
7fe9e4081000-7fe9e4088000 r-xp 00000000 00:16bc 9223372037562580484      /nix/store/gpxl5qgg8kicmcvivwmybwjlpf7wh20l-graalvm17-ce-22.3.0/lib/libzip.so
7fe9e4088000-7fe9e4089000 ---p 00007000 00:16bc 9223372037562580484      /nix/store/gpxl5qgg8kicmcvivwmybwjlpf7wh20l-graalvm17-ce-22.3.0/lib/libzip.so
7fe9e4089000-7fe9e408a000 r--p 00007000 00:16bc 9223372037562580484      /nix/store/gpxl5qgg8kicmcvivwmybwjlpf7wh20l-graalvm17-ce-22.3.0/lib/libzip.so
7fe9e408a000-7fe9e408b000 rw-p 00008000 00:16bc 9223372037562580484      /nix/store/gpxl5qgg8kicmcvivwmybwjlpf7wh20l-graalvm17-ce-22.3.0/lib/libzip.so
7fe9e408b000-7fe9e408d000 rw-p 0000b000 00:16bc 9223372037562580484      /nix/store/gpxl5qgg8kicmcvivwmybwjlpf7wh20l-graalvm17-ce-22.3.0/lib/libzip.so
7fe9e408d000-7fe9e40a2000 r-xp 00000000 00:16bc 9223372037562580474      /nix/store/gpxl5qgg8kicmcvivwmybwjlpf7wh20l-graalvm17-ce-22.3.0/lib/libnet.so
7fe9e40a2000-7fe9e40a3000 ---p 00015000 00:16bc 9223372037562580474      /nix/store/gpxl5qgg8kicmcvivwmybwjlpf7wh20l-graalvm17-ce-22.3.0/lib/libnet.so
7fe9e40a3000-7fe9e40a4000 r--p 00015000 00:16bc 9223372037562580474      /nix/store/gpxl5qgg8kicmcvivwmybwjlpf7wh20l-graalvm17-ce-22.3.0/lib/libnet.so
7fe9e40a4000-7fe9e40a5000 rw-p 00016000 00:16bc 9223372037562580474      /nix/store/gpxl5qgg8kicmcvivwmybwjlpf7wh20l-graalvm17-ce-22.3.0/lib/libnet.so
7fe9e40a5000-7fe9e40a8000 rw-p 0001b000 00:16bc 9223372037562580474      /nix/store/gpxl5qgg8kicmcvivwmybwjlpf7wh20l-graalvm17-ce-22.3.0/lib/libnet.so
7fe9e40a8000-7fe9e40bb000 r-xp 00000000 00:16bc 9223372037562580475      /nix/store/gpxl5qgg8kicmcvivwmybwjlpf7wh20l-graalvm17-ce-22.3.0/lib/libnio.so
7fe9e40bb000-7fe9e40bc000 r--p 00012000 00:16bc 9223372037562580475      /nix/store/gpxl5qgg8kicmcvivwmybwjlpf7wh20l-graalvm17-ce-22.3.0/lib/libnio.so
7fe9e40bc000-7fe9e40bd000 rw-p 00013000 00:16bc 9223372037562580475      /nix/store/gpxl5qgg8kicmcvivwmybwjlpf7wh20l-graalvm17-ce-22.3.0/lib/libnio.so
7fe9e40bd000-7fe9e40c2000 rw-p 00019000 00:16bc 9223372037562580475      /nix/store/gpxl5qgg8kicmcvivwmybwjlpf7wh20l-graalvm17-ce-22.3.0/lib/libnio.so
7fe9e40c2000-7fe9e4633000 rw-p 00000000 00:00 0 
7fe9e4633000-7fe9e468f000 ---p 00000000 00:00 0 
7fe9e468f000-7fe9e4690000 ---p 00000000 00:00 0 
7fe9e4690000-7fe9e4841000 rw-p 00000000 00:00 0 
7fe9e4841000-7fe9e489d000 ---p 00000000 00:00 0 
7fe9e489d000-7fe9e48ba000 rw-p 00000000 00:00 0 
7fe9e48ba000-7fe9e4923000 ---p 00000000 00:00 0 
7fe9e4923000-7fe9e4929000 rw-p 00000000 00:00 0 
7fe9e4929000-7fe9e4a0f000 ---p 00000000 00:00 0 
7fe9e4a0f000-7fe9e4a2b000 rw-p 00000000 00:00 0 
7fe9e4a2b000-7fe9e4afa000 ---p 00000000 00:00 0 
7fe9e4afa000-7fe9e4aff000 rw-p 00000000 00:00 0 
7fe9e4aff000-7fe9e4b06000 ---p 00000000 00:00 0 
7fe9e4b06000-7fe9e4b2a000 r-xp 00000000 00:16bc 9223372037562577932      /nix/store/gpxl5qgg8kicmcvivwmybwjlpf7wh20l-graalvm17-ce-22.3.0/lib/libjava.so
7fe9e4b2a000-7fe9e4b2b000 ---p 00024000 00:16bc 9223372037562577932      /nix/store/gpxl5qgg8kicmcvivwmybwjlpf7wh20l-graalvm17-ce-22.3.0/lib/libjava.so
7fe9e4b2b000-7fe9e4b2c000 r--p 00024000 00:16bc 9223372037562577932      /nix/store/gpxl5qgg8kicmcvivwmybwjlpf7wh20l-graalvm17-ce-22.3.0/lib/libjava.so
7fe9e4b2c000-7fe9e4b2d000 rw-p 00025000 00:16bc 9223372037562577932      /nix/store/gpxl5qgg8kicmcvivwmybwjlpf7wh20l-graalvm17-ce-22.3.0/lib/libjava.so
7fe9e4b2d000-7fe9e4b2e000 rw-p 00000000 00:00 0 
7fe9e4b2e000-7fe9e4b35000 rw-p 0002f000 00:16bc 9223372037562577932      /nix/store/gpxl5qgg8kicmcvivwmybwjlpf7wh20l-graalvm17-ce-22.3.0/lib/libjava.so
7fe9e4b35000-7fe9e4b3d000 rw-s 00000000 00:49c 10229                     /tmp/hsperfdata_runner/212
7fe9e4b3d000-7fe9e4b3e000 ---p 00000000 00:00 0 
7fe9e4b3e000-7fe9e4b3f000 r--p 00000000 00:00 0 
7fe9e4b3f000-7fe9e4b40000 ---p 00000000 00:00 0 
7fe9e4b40000-7fe9e4b5b000 r-xp 00000000 00:16bc 9223372037562577936      /nix/store/gpxl5qgg8kicmcvivwmybwjlpf7wh20l-graalvm17-ce-22.3.0/lib/libjimage.so
7fe9e4b5b000-7fe9e4b5c000 ---p 0001b000 00:16bc 9223372037562577936      /nix/store/gpxl5qgg8kicmcvivwmybwjlpf7wh20l-graalvm17-ce-22.3.0/lib/libjimage.so
7fe9e4b5c000-7fe9e4b5e000 r--p 0001b000 00:16bc 9223372037562577936      /nix/store/gpxl5qgg8kicmcvivwmybwjlpf7wh20l-graalvm17-ce-22.3.0/lib/libjimage.so
7fe9e4b5e000-7fe9e4b5f000 rw-p 0001d000 00:16bc 9223372037562577936      /nix/store/gpxl5qgg8kicmcvivwmybwjlpf7wh20l-graalvm17-ce-22.3.0/lib/libjimage.so
7fe9e4b5f000-7fe9e4b60000 rw-p 00024000 00:16bc 9223372037562577936      /nix/store/gpxl5qgg8kicmcvivwmybwjlpf7wh20l-graalvm17-ce-22.3.0/lib/libjimage.so
7fe9e4b60000-7fe9e4b64000 ---p 00000000 00:00 0 
7fe9e4b64000-7fe9e4c60000 rw-p 00000000 00:00 0 
7fe9e4c60000-7fe9e4c6e000 r--p 00000000 00:16bc 9223372037455367831      /nix/store/4nlgxhb09sdr51nc9hdm8az5b08vzkgx-glibc-2.35-163/lib/libm.so.6
7fe9e4c6e000-7fe9e4ce1000 r-xp 0000e000 00:16bc 9223372037455367831      /nix/store/4nlgxhb09sdr51nc9hdm8az5b08vzkgx-glibc-2.35-163/lib/libm.so.6
7fe9e4ce1000-7fe9e4d3e000 r--p 00081000 00:16bc 9223372037455367831      /nix/store/4nlgxhb09sdr51nc9hdm8az5b08vzkgx-glibc-2.35-163/lib/libm.so.6
7fe9e4d3e000-7fe9e4d3f000 r--p 000dd000 00:16bc 9223372037455367831      /nix/store/4nlgxhb09sdr51nc9hdm8az5b08vzkgx-glibc-2.35-163/lib/libm.so.6
7fe9e4d3f000-7fe9e4d40000 rw-p 000de000 00:16bc 9223372037455367831      /nix/store/4nlgxhb09sdr51nc9hdm8az5b08vzkgx-glibc-2.35-163/lib/libm.so.6
7fe9e4d40000-7fe9e4d41000 r--p 00000000 00:16bc 9223372037455367850      /nix/store/4nlgxhb09sdr51nc9hdm8az5b08vzkgx-glibc-2.35-163/lib/librt.so.1
7fe9e4d41000-7fe9e4d42000 r-xp 00001000 00:16bc 9223372037455367850      /nix/store/4nlgxhb09sdr51nc9hdm8az5b08vzkgx-glibc-2.35-163/lib/librt.so.1
7fe9e4d42000-7fe9e4d43000 r--p 00002000 00:16bc 9223372037455367850      /nix/store/4nlgxhb09sdr51nc9hdm8az5b08vzkgx-glibc-2.35-163/lib/librt.so.1
7fe9e4d43000-7fe9e4d44000 r--p 00002000 00:16bc 9223372037455367850      /nix/store/4nlgxhb09sdr51nc9hdm8az5b08vzkgx-glibc-2.35-163/lib/librt.so.1
7fe9e4d44000-7fe9e4d45000 rw-p 00003000 00:16bc 9223372037455367850      /nix/store/4nlgxhb09sdr51nc9hdm8az5b08vzkgx-glibc-2.35-163/lib/librt.so.1
7fe9e4d45000-7fe9e5e58000 r-xp 00000000 00:16bc 9223372037562748770      /nix/store/gpxl5qgg8kicmcvivwmybwjlpf7wh20l-graalvm17-ce-22.3.0/lib/server/libjvm.so
7fe9e5e58000-7fe9e5e59000 ---p 01113000 00:16bc 9223372037562748770      /nix/store/gpxl5qgg8kicmcvivwmybwjlpf7wh20l-graalvm17-ce-22.3.0/lib/server/libjvm.so
7fe9e5e59000-7fe9e5f0e000 r--p 01113000 00:16bc 9223372037562748770      /nix/store/gpxl5qgg8kicmcvivwmybwjlpf7wh20l-graalvm17-ce-22.3.0/lib/server/libjvm.so
7fe9e5f0e000-7fe9e5f42000 rw-p 011c8000 00:16bc 9223372037562748770      /nix/store/gpxl5qgg8kicmcvivwmybwjlpf7wh20l-graalvm17-ce-22.3.0/lib/server/libjvm.so
7fe9e5f42000-7fe9e5f9e000 rw-p 00000000 00:00 0 
7fe9e5f9e000-7fe9e5fc6000 r--p 00000000 00:16bc 9223372037455367822      /nix/store/4nlgxhb09sdr51nc9hdm8az5b08vzkgx-glibc-2.35-163/lib/libc.so.6
7fe9e5fc6000-7fe9e613c000 r-xp 00028000 00:16bc 9223372037455367822      /nix/store/4nlgxhb09sdr51nc9hdm8az5b08vzkgx-glibc-2.35-163/lib/libc.so.6
7fe9e613c000-7fe9e6194000 r--p 0019e000 00:16bc 9223372037455367822      /nix/store/4nlgxhb09sdr51nc9hdm8az5b08vzkgx-glibc-2.35-163/lib/libc.so.6
7fe9e6194000-7fe9e6198000 r--p 001f6000 00:16bc 9223372037455367822      /nix/store/4nlgxhb09sdr51nc9hdm8az5b08vzkgx-glibc-2.35-163/lib/libc.so.6
7fe9e6198000-7fe9e619a000 rw-p 001fa000 00:16bc 9223372037455367822      /nix/store/4nlgxhb09sdr51nc9hdm8az5b08vzkgx-glibc-2.35-163/lib/libc.so.6
7fe9e619a000-7fe9e61a9000 rw-p 00000000 00:00 0 
7fe9e61a9000-7fe9e61aa000 r--p 00000000 00:16bc 9223372037455367827      /nix/store/4nlgxhb09sdr51nc9hdm8az5b08vzkgx-glibc-2.35-163/lib/libdl.so.2
7fe9e61aa000-7fe9e61ab000 r-xp 00001000 00:16bc 9223372037455367827      /nix/store/4nlgxhb09sdr51nc9hdm8az5b08vzkgx-glibc-2.35-163/lib/libdl.so.2
7fe9e61ab000-7fe9e61ac000 r--p 00002000 00:16bc 9223372037455367827      /nix/store/4nlgxhb09sdr51nc9hdm8az5b08vzkgx-glibc-2.35-163/lib/libdl.so.2
7fe9e61ac000-7fe9e61ad000 r--p 00002000 00:16bc 9223372037455367827      /nix/store/4nlgxhb09sdr51nc9hdm8az5b08vzkgx-glibc-2.35-163/lib/libdl.so.2
7fe9e61ad000-7fe9e61ae000 rw-p 00003000 00:16bc 9223372037455367827      /nix/store/4nlgxhb09sdr51nc9hdm8az5b08vzkgx-glibc-2.35-163/lib/libdl.so.2
7fe9e61ae000-7fe9e61af000 r--p 00000000 00:16bc 9223372037455367846      /nix/store/4nlgxhb09sdr51nc9hdm8az5b08vzkgx-glibc-2.35-163/lib/libpthread.so.0
7fe9e61af000-7fe9e61b0000 r-xp 00001000 00:16bc 9223372037455367846      /nix/store/4nlgxhb09sdr51nc9hdm8az5b08vzkgx-glibc-2.35-163/lib/libpthread.so.0
7fe9e61b0000-7fe9e61b1000 r--p 00002000 00:16bc 9223372037455367846      /nix/store/4nlgxhb09sdr51nc9hdm8az5b08vzkgx-glibc-2.35-163/lib/libpthread.so.0
7fe9e61b1000-7fe9e61b2000 r--p 00002000 00:16bc 9223372037455367846      /nix/store/4nlgxhb09sdr51nc9hdm8az5b08vzkgx-glibc-2.35-163/lib/libpthread.so.0
7fe9e61b2000-7fe9e61b3000 rw-p 00003000 00:16bc 9223372037455367846      /nix/store/4nlgxhb09sdr51nc9hdm8az5b08vzkgx-glibc-2.35-163/lib/libpthread.so.0
7fe9e61b3000-7fe9e61c1000 r-xp 00000000 00:16bc 9223372037562577937      /nix/store/gpxl5qgg8kicmcvivwmybwjlpf7wh20l-graalvm17-ce-22.3.0/lib/libjli.so
7fe9e61c1000-7fe9e61c2000 ---p 0000e000 00:16bc 9223372037562577937      /nix/store/gpxl5qgg8kicmcvivwmybwjlpf7wh20l-graalvm17-ce-22.3.0/lib/libjli.so
7fe9e61c2000-7fe9e61c3000 r--p 0000e000 00:16bc 9223372037562577937      /nix/store/gpxl5qgg8kicmcvivwmybwjlpf7wh20l-graalvm17-ce-22.3.0/lib/libjli.so
7fe9e61c3000-7fe9e61c4000 rw-p 0000f000 00:16bc 9223372037562577937      /nix/store/gpxl5qgg8kicmcvivwmybwjlpf7wh20l-graalvm17-ce-22.3.0/lib/libjli.so
7fe9e61c4000-7fe9e61c5000 rw-p 00012000 00:16bc 9223372037562577937      /nix/store/gpxl5qgg8kicmcvivwmybwjlpf7wh20l-graalvm17-ce-22.3.0/lib/libjli.so
7fe9e61c5000-7fe9e61c8000 r--p 00000000 00:16bc 9223372037533597975      /nix/store/026hln0aq1hyshaxsdvhg0kmcm6yf45r-zlib-1.2.13/lib/libz.so.1.2.13
7fe9e61c8000-7fe9e61da000 r-xp 00003000 00:16bc 9223372037533597975      /nix/store/026hln0aq1hyshaxsdvhg0kmcm6yf45r-zlib-1.2.13/lib/libz.so.1.2.13
7fe9e61da000-7fe9e61e1000 r--p 00015000 00:16bc 9223372037533597975      /nix/store/026hln0aq1hyshaxsdvhg0kmcm6yf45r-zlib-1.2.13/lib/libz.so.1.2.13
7fe9e61e1000-7fe9e61e2000 r--p 0001b000 00:16bc 9223372037533597975      /nix/store/026hln0aq1hyshaxsdvhg0kmcm6yf45r-zlib-1.2.13/lib/libz.so.1.2.13
7fe9e61e2000-7fe9e61e3000 rw-p 0001c000 00:16bc 9223372037533597975      /nix/store/026hln0aq1hyshaxsdvhg0kmcm6yf45r-zlib-1.2.13/lib/libz.so.1.2.13
7fe9e61e3000-7fe9e61e5000 rw-p 00000000 00:00 0 
7fe9e61e5000-7fe9e61e7000 r--p 00000000 00:16bc 9223372037455367816      /nix/store/4nlgxhb09sdr51nc9hdm8az5b08vzkgx-glibc-2.35-163/lib/ld-linux-x86-64.so.2
7fe9e61e7000-7fe9e620e000 r-xp 00002000 00:16bc 9223372037455367816      /nix/store/4nlgxhb09sdr51nc9hdm8az5b08vzkgx-glibc-2.35-163/lib/ld-linux-x86-64.so.2
7fe9e620e000-7fe9e621a000 r--p 00029000 00:16bc 9223372037455367816      /nix/store/4nlgxhb09sdr51nc9hdm8az5b08vzkgx-glibc-2.35-163/lib/ld-linux-x86-64.so.2
7fe9e621a000-7fe9e621c000 r--p 00034000 00:16bc 9223372037455367816      /nix/store/4nlgxhb09sdr51nc9hdm8az5b08vzkgx-glibc-2.35-163/lib/ld-linux-x86-64.so.2
7fe9e621c000-7fe9e621e000 rw-p 00036000 00:16bc 9223372037455367816      /nix/store/4nlgxhb09sdr51nc9hdm8az5b08vzkgx-glibc-2.35-163/lib/ld-linux-x86-64.so.2
7ffc9bf7a000-7ffc9bf9e000 rw-p 00000000 00:00 0                          [stack]
7ffc9bfd2000-7ffc9bfd6000 r--p 00000000 00:00 0                          [vvar]
7ffc9bfd6000-7ffc9bfd8000 r-xp 00000000 00:00 0                          [vdso]
ffffffffff600000-ffffffffff601000 --xp 00000000 00:00 0                  [vsyscall]


VM Arguments:
jvm_args: -XX:ThreadPriorityPolicy=1 -XX:+UnlockExperimentalVMOptions -XX:+EnableJVMCIProduct -XX:JVMCIThreadsPerNativeLibraryRuntime=1 -XX:-UnlockExperimentalVMOptions -Declipse.application=org.eclipse.jdt.ls.core.id1 -Dosgi.bundles.defaultStartLevel=4 -Declipse.product=org.eclipse.jdt.ls.core.product -Dlog.level=ALL -Xverify:none -XX:+UseParallelGC -XX:GCTimeRatio=4 -XX:AdaptiveSizePolicyWeight=90 -Dsun.zip.disableMemoryMapping=true -Xmx803m -Xms100m 
java_command: /nix/store/m6gcpi1ii6rghy04cjwjddcavv7i90df-jdt-language-server-1.9.0/share/java/plugins/org.eclipse.equinox.launcher_1.6.400.v20210924-0641.jar --add-modules=ALL-SYSTEM --add-opens java.base/java.util=ALL-UNNAMED --add-opens java.base/java.lang=ALL-UNNAMED -configuration /home/runner/.cache/jdt-language-server/config -data /home/runner/.cache/jdt-language-server/data/home/runner/java-exercises
java_class_path (initial): /nix/store/m6gcpi1ii6rghy04cjwjddcavv7i90df-jdt-language-server-1.9.0/share/java/plugins/org.eclipse.equinox.launcher_1.6.400.v20210924-0641.jar
Launcher Type: SUN_STANDARD

[Global flags]
    uintx AdaptiveSizePolicyWeight                 = 90                                        {product} {command line}
     intx CICompilerCount                          = 2                                         {product} {ergonomic}
     bool EnableJVMCIProduct                       = true                                {JVMCI product} {jimage}
    uintx GCTimeRatio                              = 4                                         {product} {command line}
   size_t InitialHeapSize                          = 104857600                                 {product} {command line}
     uint JVMCIThreadsPerNativeLibraryRuntime      = 1                                   {JVMCI product} {jimage}
   size_t MaxHeapSize                              = 843055104                                 {product} {command line, ergonomic}
   size_t MaxNewSize                               = 281018368                                 {product} {ergonomic}
   size_t MinHeapDeltaBytes                        = 524288                                    {product} {ergonomic}
   size_t MinHeapSize                              = 104857600                                 {product} {command line}
   size_t NewSize                                  = 34603008                                  {product} {ergonomic}
    uintx NonNMethodCodeHeapSize                   = 5826188                                {pd product} {ergonomic}
    uintx NonProfiledCodeHeapSize                  = 122916026                              {pd product} {ergonomic}
   size_t OldSize                                  = 70254592                                  {product} {ergonomic}
    uintx ProfiledCodeHeapSize                     = 122916026                              {pd product} {ergonomic}
    uintx ReservedCodeCacheSize                    = 251658240                              {pd product} {ergonomic}
     bool SegmentedCodeCache                       = true                                      {product} {ergonomic}
   size_t SoftMaxHeapSize                          = 843055104                              {manageable} {ergonomic}
     intx ThreadPriorityPolicy                     = 1                                         {product} {jimage}
     bool UseCompressedClassPointers               = true                           {product lp64_product} {ergonomic}
     bool UseCompressedOops                        = true                           {product lp64_product} {ergonomic}
     bool UseParallelGC                            = true                                      {product} {command line}

Logging:
Log output configuration:
 #0: stdout all=warning uptime,level,tags
 #1: stderr all=off uptime,level,tags

Environment Variables:
JAVA_HOME=/nix/store/gpxl5qgg8kicmcvivwmybwjlpf7wh20l-graalvm17-ce-22.3.0
PATH=/nix/store/1d6ian3r8kdzspw8hacjhl3xkp40g1lj-binutils-wrapper-2.39/bin:/nix/store/dq0xwmsk1g0i2ayg6pb7y87na2knzylh-gcc-wrapper-11.3.0/bin:/nix/store/bap4d0lpcrhpwmpb8ayjcgkmvfj62lnq-bash-interactive-5.1-p16/bin:/nix/store/pr5n59mb4jzmfx6kanwxly0l07p861fg-patchelf-0.15.0/bin:/nix/store/1gf2flfqnpqbr1b4p4qz2f72y42bs56r-gcc-11.3.0/bin:/nix/store/57xv61c5zi8pphjbcwxxjlgc34p61ic9-glibc-2.35-163-bin/bin:/nix/store/a7gvj343m05j2s32xcnwr35v31ynlypr-coreutils-9.1/bin:/nix/store/039g378vc3pc3dvi9dzdlrd0i4q93qwf-binutils-2.39/bin:/nix/store/gpxl5qgg8kicmcvivwmybwjlpf7wh20l-graalvm17-ce-22.3.0/bin:/nix/store/6z9ag3ihc8mq2hzsw48lhbznvzny65nz-apache-maven-3.8.6/bin:/nix/store/m6gcpi1ii6rghy04cjwjddcavv7i90df-jdt-language-server-1.9.0/bin:/nix/store/84xs5alhs01zrbr4ywm05kxbjbp5590l-java-debug/bin:/nix/store/mydc6f4k2z73xlcz7ilif3v2lcaiqvza-findutils-4.9.0/bin:/nix/store/j9p3g8472iijd50vhdprx0nmk2fqn5gv-diffutils-3.8/bin:/nix/store/89zs7rms6x00xfq4dq6m7mjnhkr8a6r4-gnused-4.8/bin:/nix/store/86bp03jkmsl6f92w0yzg4s59g5mhxwmy-gnugrep-3.7/bin:/nix/store/hwcdqw4jrjnd37wxqgsd47hd0j8bnj09-gawk-5.1.1/bin:/nix/store/cfbhw8r8ags41vwqaz47r583d0p4h4a1-gnutar-1.34/bin:/nix/store/p3m1ndl1lapwrlh698bnb5lvvxh67378-gzip-1.12/bin:/nix/store/a8mhcagrsly7c7mpjrpsnaahk4aax056-bzip2-1.0.8-bin/bin:/nix/store/mblgz65m3zv9x548a3d5m96fj2pbwr09-gnumake-4.3/bin:/nix/store/dsd5gz46hdbdk2rfdimqddhq6m8m8fqs-bash-5.1-p16/bin:/nix/store/v7ljksji50mg3w61dykaa3n3y79n6nil-patch-2.7.6/bin:/nix/store/zlcnmqq14jz5x9439jf937mvayyl63da-xz-5.2.7-bin/bin:/nix/store/y6aj732zm9m87c82fpvf103a1xb22blp-file-5.43/bin:/nix/store/sgqd0ajghcv2axfl1lad0b1alyavp0dc-prybar-elisp-0.0.0-67f7a00/bin:/nix/store/p3hsvljpgs68jqwar41lc0jqhjj734lf-prybar-lua-0.0.0-67f7a00/bin:/nix/store/qzxs2gybds3s9kb1vkaflpgm2nwr85fh-prybar-python3-0.0.0-67f7a00/bin:/nix/store/km94z9mxp8w4m8gxxp5mbfpdf3nkfvd8-prybar-sqlite-0.0.0-67f7a00/bin:/nix/store/2pnc7b76asw0z59c4l6h6qy8arwqrii1-prybar-tcl-0.0.0-67f7a00/bin:/nix/store/hpbvrlwd5viqmvcaisb3x0118i913a9n-st
LD_LIBRARY_PATH=/nix/store/a4pff549sk2idnkpzk5nsfps3mdkdnvm-cups-2.4.2-lib/lib:/nix/store/72mqxxhh3cy5yifh92wh2yb8cl2hikyy-cairo-1.16.0/lib:/nix/store/2k366jrbsra97gjfxwvrhvixjfxdach5-glib-2.74.1/lib:/nix/store/2j2znigd8ak37rlwh9khz0ry3clqlw1l-gtk+3-3.24.34/lib:/nix/store/hisqvx32cd57apbpcsnkpx6k3549wql1-libglvnd-1.4.0/lib:/nix/store/p36pgcv991mq5srvg765b78yqpxvk3qs-mesa-21.3.3-drivers/lib:/nix/store/mav4251if1ahjq5vkpwycyyvnmy459c4-pulseaudio-14.2/lib
DISPLAY=:0
LANG=en_US.UTF-8

Signal Handlers:
   SIGSEGV: crash_handler in libjvm.so, mask=11100100010111111101111111111110, flags=SA_RESTART|SA_SIGINFO
    SIGBUS: crash_handler in libjvm.so, mask=11100100010111111101111111111110, flags=SA_RESTART|SA_SIGINFO
    SIGFPE: crash_handler in libjvm.so, mask=11100100010111111101111111111110, flags=SA_RESTART|SA_SIGINFO
   SIGPIPE: IsolateEnterStub_IgnoreSIGPIPEStartupHook_noopSignalHandler_8f19bff2f35b5f630d83b364d6b2339320d4ec70_216e8361c6bc87a8f89f58cc10d3b2fd4415bf87 in libjvmcicompiler.so, mask=00000000000000000000000000000000, flags=SA_RESTART
  *** Handler was modified!
  *** Expected: javaSignalHandler in libjvm.so, mask=11100100110111111111111111111110, flags=SA_RESTART|SA_SIGINFO
   SIGXFSZ: javaSignalHandler in libjvm.so, mask=11100100010111111101111111111110, flags=SA_RESTART|SA_SIGINFO
    SIGILL: crash_handler in libjvm.so, mask=11100100010111111101111111111110, flags=SA_RESTART|SA_SIGINFO
   SIGUSR2: SR_handler in libjvm.so, mask=00000000000000000000000000000000, flags=SA_RESTART|SA_SIGINFO
    SIGHUP: UserHandler in libjvm.so, mask=11100100010111111101111111111110, flags=SA_RESTART|SA_SIGINFO
    SIGINT: UserHandler in libjvm.so, mask=11100100010111111101111111111110, flags=SA_RESTART|SA_SIGINFO
   SIGTERM: UserHandler in libjvm.so, mask=11100100010111111101111111111110, flags=SA_RESTART|SA_SIGINFO
   SIGQUIT: UserHandler in libjvm.so, mask=11100100010111111101111111111110, flags=SA_RESTART|SA_SIGINFO
  *** Handler was modified!
  *** Expected: javaSignalHandler in libjvm.so, mask=11100100110111111111111111111110, flags=SA_RESTART|SA_SIGINFO
   SIGTRAP: crash_handler in libjvm.so, mask=11100100010111111101111111111110, flags=SA_RESTART|SA_SIGINFO


---------------  S Y S T E M  ---------------

OS:
DISTRIB_ID=Ubuntu
DISTRIB_RELEASE=20.04
DISTRIB_CODENAME=focal
DISTRIB_DESCRIPTION="Ubuntu 20.04.2 LTS"
uname: Linux 5.15.0-1027-gcp #34~20.04.1-Ubuntu SMP Mon Jan 9 18:40:09 UTC 2023 x86_64
OS uptime: 0 days 21:49 hours
libc: glibc 2.35 NPTL 2.35 
rlimit (soft/hard): STACK 8192k/infinity , CORE infinity/infinity , NPROC infinity/infinity , NOFILE 20971/20971 , AS infinity/infinity , CPU infinity/infinity , DATA infinity/infinity , FSIZE infinity/infinity , MEMLOCK 64k/64k
load average: 1.92 3.62 4.68

/proc/meminfo:
MemTotal:       65850812 kB
MemFree:        24620772 kB
MemAvailable:   47667364 kB
Buffers:         2770912 kB
Cached:         18521068 kB
SwapCached:            0 kB
Active:         10167856 kB
Inactive:       26989432 kB
Active(anon):      11584 kB
Inactive(anon): 15169884 kB
Active(file):   10156272 kB
Inactive(file): 11819548 kB
Unevictable:       43320 kB
Mlocked:           43320 kB
SwapTotal:             0 kB
SwapFree:              0 kB
Dirty:              2308 kB
Writeback:             0 kB
AnonPages:      15082308 kB
Mapped:          1876532 kB
Shmem:             36300 kB
KReclaimable:    1797348 kB
Slab:            2951360 kB
SReclaimable:    1797348 kB
SUnreclaim:      1154012 kB
KernelStack:      384976 kB
PageTables:       197860 kB
NFS_Unstable:          0 kB
Bounce:                0 kB
WritebackTmp:          0 kB
CommitLimit:    32925404 kB
Committed_AS:   54897336 kB
VmallocTotal:   34359738367 kB
VmallocUsed:      418380 kB
VmallocChunk:          0 kB
Percpu:            97792 kB
HardwareCorrupted:     0 kB
AnonHugePages:    442368 kB
ShmemHugePages:        0 kB
ShmemPmdMapped:        0 kB
FileHugePages:         0 kB
FilePmdMapped:         0 kB
HugePages_Total:       0
HugePages_Free:        0
HugePages_Rsvd:        0
HugePages_Surp:        0
Hugepagesize:       2048 kB
Hugetlb:               0 kB
DirectMap4k:     4488000 kB
DirectMap2M:    34306048 kB
DirectMap1G:    30408704 kB

/sys/kernel/mm/transparent_hugepage/enabled: always [madvise] never
/sys/kernel/mm/transparent_hugepage/defrag (defrag/compaction efforts parameter): always defer defer+madvise [madvise] never

Process Memory:
Virtual Size: 4994344K (peak: 4995560K)
Resident Set Size: 768548K (peak: 769532K) (anon: 565820K, file: 202728K, shmem: 0K)
Swapped out: 0K
C-Heap outstanding allocations: 41056K, retained: 12503K
glibc malloc tunables: (default)

/proc/sys/kernel/threads-max (system-wide limit on the number of threads): 514391
/proc/sys/vm/max_map_count (maximum number of memory map areas a process may have): 65530
/proc/sys/kernel/pid_max (system-wide limit on number of process identifiers): 4194304

container (cgroup) information:
container_type: cgroupv1
cpu_cpuset_cpus: 4-15
cpu_memory_nodes: 0
active_processor_count: 2
cpu_quota: 200000
cpu_period: 100000
cpu_shares: no shares
memory_limit_in_bytes: 3292528 k
memory_and_swap_limit_in_bytes: 3292528 k
memory_soft_limit_in_bytes: 2097152 k
memory_usage_in_bytes: 1352512 k
memory_max_usage_in_bytes: 1352512 k
maximum number of tasks: 1000
current number of tasks: 96

KVM virtualization detected
Steal ticks since vm start: 0
Steal ticks percentage since vm start:  0.000

CPU: total 16 (initial active 2) (16 cores per cpu, 2 threads per core) family 23 model 49 stepping 0 microcode 0xffffffff, cx8, cmov, fxsr, ht, mmx, 3dnowpref, sse, sse2, sse3, ssse3, sse4a, sse4.1, sse4.2, popcnt, lzcnt, tsc, tscinvbit, avx, avx2, aes, clmul, bmi1, bmi2, adx, sha, fma, vzeroupper, clflush, clflushopt, hv
CPU Model and flags from /proc/cpuinfo:
model name	: AMD EPYC 7B12
flags		: fpu vme de pse tsc msr pae mce cx8 apic sep mtrr pge mca cmov pat pse36 clflush mmx fxsr sse sse2 ht syscall nx mmxext fxsr_opt pdpe1gb rdtscp lm constant_tsc rep_good nopl nonstop_tsc cpuid extd_apicid tsc_known_freq pni pclmulqdq ssse3 fma cx16 sse4_1 sse4_2 movbe popcnt aes xsave avx f16c rdrand hypervisor lahf_lm cmp_legacy cr8_legacy abm sse4a misalignsse 3dnowprefetch osvw topoext ssbd ibrs ibpb stibp vmmcall fsgsbase tsc_adjust bmi1 avx2 smep bmi2 rdseed adx smap clflushopt clwb sha_ni xsaveopt xsavec xgetbv1 clzero xsaveerptr arat npt nrip_save umip rdpid

Online cpus: 0-15
Offline cpus: 
BIOS frequency limitation: <Not Available>
Frequency switch latency (ns): <Not Available>
Available cpu frequencies: <Not Available>
Current governor: <Not Available>
Core performance/turbo boost: <Not Available>

Memory: 4k page, physical 3292528k(1940008k free), swap 0k(0k free)
Page Sizes: 4k

vm_info: OpenJDK 64-Bit Server VM (17.0.5+8-jvmci-22.3-b08) for linux-amd64 JRE (17.0.5+8-jvmci-22.3-b08), built on Oct 19 2022 09:01:27 by "buildslave" with gcc 10.3.0

END.
